2026-04-23 18:45:06 | INFO     | [DB] SQLite 初始化完成: data\MS4wLjABAAAA2FYVN1jBWaTVasx7wXcsK0rCPfSYixt5-J1pUegQIbA\sqlite.db
2026-04-23 18:45:06 | INFO     | [采集] 开始 用户=MS4wLjABAAAA2FYVN1jBWaTVasx7wXcsK0rCPfSYixt5-J1pUegQIbA 类型=作品
2026-04-23 18:45:08 | INFO     | [Cookie] ✓ 验证通过，登录用户: 小黄鸭剪辑
2026-04-23 18:45:08 | DEBUG    | [采集] API 响应：aweme_list=18, has_more=1, max_cursor=1770116549000
2026-04-23 18:45:09 | INFO     | [存储] CSV 写入 1 条 → data\MS4wLjABAAAA2FYVN1jBWaTVasx7wXcsK0rCPfSYixt5-J1pUegQIbA\videos.csv
2026-04-23 18:45:09 | INFO     | [存储] DB 写入 1 条 → videos
2026-04-23 18:45:09 | INFO     | [DB] SQLite 连接已关闭: data\MS4wLjABAAAA2FYVN1jBWaTVasx7wXcsK0rCPfSYixt5-J1pUegQIbA\sqlite.db
2026-04-23 18:45:09 | INFO     | [DB] SQLite 连接已关闭: data\MS4wLjABAAAA2FYVN1jBWaTVasx7wXcsK0rCPfSYixt5-J1pUegQIbA\sqlite.db
2026-04-23 18:45:09 | INFO     | [清理] 资源释放完成
2026-04-23 18:46:04 | INFO     | [DB] SQLite 初始化完成: data\MS4wLjABAAAA2FYVN1jBWaTVasx7wXcsK0rCPfSYixt5-J1pUegQIbA\sqlite.db
2026-04-23 18:46:04 | INFO     | [采集] 开始 用户=MS4wLjABAAAA2FYVN1jBWaTVasx7wXcsK0rCPfSYixt5-J1pUegQIbA 类型=作品
2026-04-23 18:46:05 | INFO     | [Cookie] ✓ 验证通过，登录用户: 小黄鸭剪辑
2026-04-23 18:46:06 | DEBUG    | [采集] API 响应：aweme_list=18, has_more=1, max_cursor=1770116549000
2026-04-23 18:46:07 | INFO     | [采集] 开始 用户=MS4wLjABAAAA2FYVN1jBWaTVasx7wXcsK0rCPfSYixt5-J1pUegQIbA 类型=评论 视频=1
2026-04-23 18:46:07 | INFO     | [Cookie] ✓ 验证通过，登录用户: 小黄鸭剪辑
2026-04-23 18:46:11 | INFO     | [存储] CSV 写入 50 条 → data\MS4wLjABAAAA2FYVN1jBWaTVasx7wXcsK0rCPfSYixt5-J1pUegQIbA\2026-04\7631634541144461489\comments.csv
2026-04-23 18:46:11 | INFO     | [存储] DB 写入 50 条 → comments
2026-04-23 18:46:11 | INFO     | [采集] 视频 7631634541144461489 采集评论 50 条，新增 50 条
2026-04-23 18:46:12 | INFO     | [采集] 开始 用户=MS4wLjABAAAA2FYVN1jBWaTVasx7wXcsK0rCPfSYixt5-J1pUegQIbA 类型=回复 评论=5 视频=1
2026-04-23 18:46:12 | INFO     | [Cookie] ✓ 验证通过，登录用户: 小黄鸭剪辑
2026-04-23 18:46:18 | INFO     | [存储] CSV 写入 16 条 → data\MS4wLjABAAAA2FYVN1jBWaTVasx7wXcsK0rCPfSYixt5-J1pUegQIbA\2026-04\7631634541144461489\replies.csv
2026-04-23 18:46:18 | INFO     | [存储] DB 写入 16 条 → replies
2026-04-23 18:46:18 | INFO     | [采集] 视频 7631634541144461489 采集回复 16 条，新增 16 条
2026-04-23 18:46:19 | INFO     | [DB] SQLite 连接已关闭: data\MS4wLjABAAAA2FYVN1jBWaTVasx7wXcsK0rCPfSYixt5-J1pUegQIbA\sqlite.db
2026-04-23 18:46:19 | INFO     | [DB] SQLite 连接已关闭: data\MS4wLjABAAAA2FYVN1jBWaTVasx7wXcsK0rCPfSYixt5-J1pUegQIbA\sqlite.db
2026-04-23 18:46:19 | INFO     | [清理] 资源释放完成
