2026-04-28 02:39:21 | INFO     | [DB] SQLite 初始化完成: data\MS4wLjABAAAAWKIRK91nF8hLjuza0KVRL50-lcfNlEPHocsF9hNYzCUag7n4BgIHQaERsfq_NiHR\sqlite.db
2026-04-28 02:39:21 | INFO     | [采集] 开始 用户=MS4wLjABAAAAWKIRK91nF8hLjuza0KVRL50-lcfNlEPHocsF9hNYzCUag7n4BgIHQaERsfq_NiHR 类型=作品
2026-04-28 02:39:22 | INFO     | [Cookie] ✓ 验证通过，登录用户: 小黄鸭剪辑
2026-04-28 02:39:23 | DEBUG    | [采集] API 响应：aweme_list=18, has_more=1, max_cursor=1765195628000
2026-04-28 02:39:24 | DEBUG    | [采集] API 响应：aweme_list=18, has_more=1, max_cursor=1751113217000
2026-04-28 02:39:26 | DEBUG    | [采集] API 响应：aweme_list=18, has_more=1, max_cursor=1739519305000
2026-04-28 02:39:28 | DEBUG    | [采集] API 响应：aweme_list=18, has_more=1, max_cursor=1727285214000
2026-04-28 02:39:29 | DEBUG    | [采集] API 响应：aweme_list=18, has_more=1, max_cursor=1720602996000
2026-04-28 02:39:30 | DEBUG    | [采集] API 响应：aweme_list=18, has_more=1, max_cursor=1710135504000
2026-04-28 02:39:32 | DEBUG    | [采集] API 响应：aweme_list=18, has_more=1, max_cursor=1700330635000
2026-04-28 02:39:34 | DEBUG    | [采集] API 响应：aweme_list=18, has_more=1, max_cursor=1695468570000
2026-04-28 02:39:35 | DEBUG    | [采集] API 响应：aweme_list=2, has_more=0, max_cursor=1690720171000
2026-04-28 02:39:35 | INFO     | [采集] 头像已保存 data\MS4wLjABAAAAWKIRK91nF8hLjuza0KVRL50-lcfNlEPHocsF9hNYzCUag7n4BgIHQaERsfq_NiHR\avatar.jpg
2026-04-28 02:39:36 | INFO     | [配置] 已更新 nickname: 才扁扁
2026-04-28 02:39:36 | INFO     | [DB] SQLite 连接已关闭: data\MS4wLjABAAAAWKIRK91nF8hLjuza0KVRL50-lcfNlEPHocsF9hNYzCUag7n4BgIHQaERsfq_NiHR\sqlite.db
2026-04-28 02:39:36 | INFO     | [DB] SQLite 连接已关闭: data\MS4wLjABAAAAWKIRK91nF8hLjuza0KVRL50-lcfNlEPHocsF9hNYzCUag7n4BgIHQaERsfq_NiHR\sqlite.db
2026-04-28 02:39:36 | INFO     | [清理] 资源释放完成
2026-04-28 02:44:22 | INFO     | [DB] SQLite 初始化完成: data\MS4wLjABAAAAWKIRK91nF8hLjuza0KVRL50-lcfNlEPHocsF9hNYzCUag7n4BgIHQaERsfq_NiHR\sqlite.db
2026-04-28 02:44:22 | INFO     | [采集] 开始 用户=MS4wLjABAAAAWKIRK91nF8hLjuza0KVRL50-lcfNlEPHocsF9hNYzCUag7n4BgIHQaERsfq_NiHR 类型=作品
2026-04-28 02:44:23 | INFO     | [Cookie] ✓ 验证通过，登录用户: 小黄鸭剪辑
2026-04-28 02:44:23 | DEBUG    | [采集] API 响应：aweme_list=18, has_more=1, max_cursor=1765195628000
2026-04-28 02:44:25 | DEBUG    | [采集] API 响应：aweme_list=18, has_more=1, max_cursor=1751113217000
2026-04-28 02:44:27 | DEBUG    | [采集] API 响应：aweme_list=18, has_more=1, max_cursor=1739519305000
2026-04-28 02:44:28 | DEBUG    | [采集] API 响应：aweme_list=18, has_more=1, max_cursor=1727285214000
2026-04-28 02:44:30 | DEBUG    | [采集] API 响应：aweme_list=18, has_more=1, max_cursor=1720602996000
2026-04-28 02:44:32 | DEBUG    | [采集] API 响应：aweme_list=18, has_more=1, max_cursor=1710135504000
2026-04-28 02:44:33 | DEBUG    | [采集] API 响应：aweme_list=18, has_more=1, max_cursor=1700330635000
2026-04-28 02:44:35 | DEBUG    | [采集] API 响应：aweme_list=18, has_more=1, max_cursor=1695468570000
2026-04-28 02:44:37 | DEBUG    | [采集] API 响应：aweme_list=2, has_more=0, max_cursor=1690720171000
2026-04-28 02:44:37 | INFO     | [DB] SQLite 连接已关闭: data\MS4wLjABAAAAWKIRK91nF8hLjuza0KVRL50-lcfNlEPHocsF9hNYzCUag7n4BgIHQaERsfq_NiHR\sqlite.db
2026-04-28 02:44:37 | INFO     | [DB] SQLite 连接已关闭: data\MS4wLjABAAAAWKIRK91nF8hLjuza0KVRL50-lcfNlEPHocsF9hNYzCUag7n4BgIHQaERsfq_NiHR\sqlite.db
2026-04-28 02:44:37 | INFO     | [清理] 资源释放完成
2026-04-28 02:45:49 | INFO     | [DB] SQLite 初始化完成: data\MS4wLjABAAAAWKIRK91nF8hLjuza0KVRL50-lcfNlEPHocsF9hNYzCUag7n4BgIHQaERsfq_NiHR\sqlite.db
2026-04-28 02:45:49 | INFO     | [采集] 开始 用户=MS4wLjABAAAAWKIRK91nF8hLjuza0KVRL50-lcfNlEPHocsF9hNYzCUag7n4BgIHQaERsfq_NiHR 类型=作品
2026-04-28 02:45:50 | INFO     | [Cookie] ✓ 验证通过，登录用户: 小黄鸭剪辑
2026-04-28 02:45:51 | DEBUG    | [采集] API 响应：aweme_list=18, has_more=1, max_cursor=1765195628000
2026-04-28 02:45:53 | DEBUG    | [采集] API 响应：aweme_list=18, has_more=1, max_cursor=1751113217000
2026-04-28 02:45:54 | DEBUG    | [采集] API 响应：aweme_list=18, has_more=1, max_cursor=1739519305000
2026-04-28 02:45:56 | DEBUG    | [采集] API 响应：aweme_list=18, has_more=1, max_cursor=1727285214000
2026-04-28 02:45:58 | DEBUG    | [采集] API 响应：aweme_list=18, has_more=1, max_cursor=1720602996000
2026-04-28 02:46:00 | DEBUG    | [采集] API 响应：aweme_list=18, has_more=1, max_cursor=1710135504000
2026-04-28 02:46:01 | DEBUG    | [采集] API 响应：aweme_list=18, has_more=1, max_cursor=1700330635000
2026-04-28 02:46:02 | DEBUG    | [采集] API 响应：aweme_list=18, has_more=1, max_cursor=1695468570000
2026-04-28 02:46:04 | DEBUG    | [采集] API 响应：aweme_list=2, has_more=0, max_cursor=1690720171000
2026-04-28 02:46:04 | INFO     | [采集] 头像已保存 data\MS4wLjABAAAAWKIRK91nF8hLjuza0KVRL50-lcfNlEPHocsF9hNYzCUag7n4BgIHQaERsfq_NiHR\avatar.jpg
2026-04-28 02:46:05 | INFO     | [配置] 已更新 nickname: 才扁扁
2026-04-28 02:46:05 | INFO     | [DB] SQLite 连接已关闭: data\MS4wLjABAAAAWKIRK91nF8hLjuza0KVRL50-lcfNlEPHocsF9hNYzCUag7n4BgIHQaERsfq_NiHR\sqlite.db
2026-04-28 02:46:05 | INFO     | [DB] SQLite 连接已关闭: data\MS4wLjABAAAAWKIRK91nF8hLjuza0KVRL50-lcfNlEPHocsF9hNYzCUag7n4BgIHQaERsfq_NiHR\sqlite.db
2026-04-28 02:46:05 | INFO     | [清理] 资源释放完成
2026-04-28 03:18:25 | INFO     | [DB] SQLite 初始化完成: data\MS4wLjABAAAAWKIRK91nF8hLjuza0KVRL50-lcfNlEPHocsF9hNYzCUag7n4BgIHQaERsfq_NiHR\sqlite.db
2026-04-28 03:18:25 | INFO     | [采集] 开始 用户=MS4wLjABAAAAWKIRK91nF8hLjuza0KVRL50-lcfNlEPHocsF9hNYzCUag7n4BgIHQaERsfq_NiHR 类型=作品
2026-04-28 03:18:26 | INFO     | [Cookie] ✓ 验证通过，登录用户: 小黄鸭剪辑
2026-04-28 03:18:27 | DEBUG    | [采集] API 响应：aweme_list=18, has_more=1, max_cursor=1765195628000
2026-04-28 03:18:28 | DEBUG    | [采集] API 响应：aweme_list=18, has_more=1, max_cursor=1751113217000
2026-04-28 03:18:30 | DEBUG    | [采集] API 响应：aweme_list=18, has_more=1, max_cursor=1739519305000
2026-04-28 03:18:31 | DEBUG    | [采集] API 响应：aweme_list=18, has_more=1, max_cursor=1727285214000
2026-04-28 03:18:32 | DEBUG    | [采集] API 响应：aweme_list=18, has_more=1, max_cursor=1720602996000
2026-04-28 03:18:34 | DEBUG    | [采集] API 响应：aweme_list=18, has_more=1, max_cursor=1710135504000
2026-04-28 03:18:36 | DEBUG    | [采集] API 响应：aweme_list=18, has_more=1, max_cursor=1700330635000
2026-04-28 03:18:37 | DEBUG    | [采集] API 响应：aweme_list=18, has_more=1, max_cursor=1695468570000
2026-04-28 03:18:38 | DEBUG    | [采集] API 响应：aweme_list=2, has_more=0, max_cursor=1690720171000
2026-04-28 03:18:39 | INFO     | [配置] 已更新 nickname: 才扁扁
2026-04-28 03:18:39 | INFO     | [DB] SQLite 连接已关闭: data\MS4wLjABAAAAWKIRK91nF8hLjuza0KVRL50-lcfNlEPHocsF9hNYzCUag7n4BgIHQaERsfq_NiHR\sqlite.db
2026-04-28 03:18:39 | INFO     | [DB] SQLite 连接已关闭: data\MS4wLjABAAAAWKIRK91nF8hLjuza0KVRL50-lcfNlEPHocsF9hNYzCUag7n4BgIHQaERsfq_NiHR\sqlite.db
2026-04-28 03:18:39 | INFO     | [清理] 资源释放完成
