2026-04-30 17:31:23 | INFO     | [DB] SQLite 初始化完成: data/MS4wLjABAAAA2FYVN1jBWaTVasx7wXcsK0rCPfSYixt5-J1pUegQIbA/sqlite.db
2026-04-30 17:31:23 | INFO     | [采集] 开始 用户=MS4wLjABAAAA2FYVN1jBWaTVasx7wXcsK0rCPfSYixt5-J1pUegQIbA 类型=作品
2026-04-30 17:31:25 | INFO     | [Cookie] ✓ 验证通过，登录用户: 万年
2026-04-30 17:31:27 | DEBUG    | [采集] API 响应：aweme_list=18, has_more=1, max_cursor=1771148368000
2026-04-30 17:31:33 | INFO     | [DB] SQLite 初始化完成: data/MS4wLjABAAAAWKIRK91nF8hLjuza0KVRL50-lcfNlEPHocsF9hNYzCUag7n4BgIHQaERsfq_NiHR/sqlite.db
2026-04-30 17:31:33 | INFO     | [采集] 开始 用户=MS4wLjABAAAAWKIRK91nF8hLjuza0KVRL50-lcfNlEPHocsF9hNYzCUag7n4BgIHQaERsfq_NiHR 类型=作品
2026-04-30 17:31:34 | INFO     | [Cookie] ✓ 验证通过，登录用户: 万年
2026-04-30 17:31:35 | DEBUG    | [采集] API 响应：aweme_list=18, has_more=1, max_cursor=1765195628000
2026-04-30 17:31:36 | INFO     | [采集] 开始 用户=MS4wLjABAAAA2FYVN1jBWaTVasx7wXcsK0rCPfSYixt5-J1pUegQIbA 类型=评论 视频=10
2026-04-30 17:31:37 | INFO     | [Cookie] ✓ 验证通过，登录用户: 万年
2026-04-30 17:31:42 | INFO     | [采集] 视频 7620514013474295418 采集评论 64 条，新增 0 条
2026-04-30 17:31:48 | INFO     | [采集] 视频 7622614670629050033 采集评论 56 条，新增 0 条
2026-04-30 17:31:55 | INFO     | [采集] 视频 7623179719697457849 采集评论 83 条，新增 0 条
2026-04-30 17:32:01 | INFO     | [采集] 视频 7624581934820144074 采集评论 71 条，新增 0 条
2026-04-30 17:32:13 | INFO     | [采集] 视频 7626441345066862705 采集评论 143 条，新增 0 条
2026-04-30 17:32:23 | INFO     | [采集] 视频 7627558294349234875 采集评论 106 条，新增 0 条
2026-04-30 17:32:39 | INFO     | [采集] 视频 7629651594590023163 采集评论 182 条，新增 0 条
2026-04-30 17:32:44 | INFO     | [采集] 视频 7631634541144461489 采集评论 51 条，新增 0 条
2026-04-30 17:32:49 | INFO     | [采集] 视频 7632013241091009201 采集评论 38 条，新增 0 条
2026-04-30 17:33:02 | INFO     | [采集] 视频 7632818045987846010 采集评论 152 条，新增 0 条
2026-04-30 17:33:03 | INFO     | [采集] 开始 用户=MS4wLjABAAAAWKIRK91nF8hLjuza0KVRL50-lcfNlEPHocsF9hNYzCUag7n4BgIHQaERsfq_NiHR 类型=评论 视频=10
2026-04-30 17:33:04 | INFO     | [Cookie] ✓ 验证通过，登录用户: 万年
2026-04-30 17:33:07 | INFO     | [采集] 视频 7602487755479045989 采集评论 39 条，新增 0 条
2026-04-30 17:33:12 | INFO     | [采集] 视频 7606743961860273338 采集评论 50 条，新增 0 条
2026-04-30 17:33:15 | INFO     | [采集] 视频 7607127516424664827 采集评论 27 条，新增 0 条
2026-04-30 17:33:21 | INFO     | [采集] 视频 7607789805016011505 采集评论 64 条，新增 0 条
2026-04-30 17:33:24 | INFO     | [采集] 视频 7607867103055971003 采集评论 20 条，新增 0 条
2026-04-30 17:33:30 | INFO     | [采集] 视频 7611080635616436453 采集评论 71 条，新增 0 条
2026-04-30 17:33:31 | INFO     | [采集] 视频 7612352146415930105 采集评论 12 条，新增 0 条
2026-04-30 17:33:34 | INFO     | [采集] 视频 7612620171912133114 采集评论 24 条，新增 0 条
2026-04-30 17:33:37 | INFO     | [采集] 视频 7622146667216092657 采集评论 25 条，新增 0 条
2026-04-30 17:33:42 | INFO     | [采集] 视频 7626667414588525541 采集评论 42 条，新增 0 条
2026-04-30 17:33:43 | INFO     | [采集] 开始 用户=MS4wLjABAAAA2FYVN1jBWaTVasx7wXcsK0rCPfSYixt5-J1pUegQIbA 类型=回复 评论=97 视频=10
2026-04-30 17:33:44 | INFO     | [Cookie] ✓ 验证通过，登录用户: 万年
2026-04-30 17:33:57 | INFO     | [采集] 视频 7620514013474295418 采集回复 22 条，新增 0 条
2026-04-30 17:34:11 | INFO     | [采集] 视频 7622614670629050033 采集回复 42 条，新增 0 条
2026-04-30 17:34:34 | INFO     | [采集] 视频 7623179719697457849 采集回复 51 条，新增 0 条
2026-04-30 17:34:52 | INFO     | [采集] 视频 7624581934820144074 采集回复 21 条，新增 0 条
2026-04-30 17:35:05 | INFO     | [采集] 视频 7626441345066862705 采集回复 38 条，新增 0 条
2026-04-30 17:35:28 | INFO     | [采集] 视频 7627558294349234875 采集回复 49 条，新增 0 条
2026-04-30 17:35:46 | INFO     | [采集] 视频 7629651594590023163 采集回复 35 条，新增 0 条
2026-04-30 17:35:54 | INFO     | [采集] 视频 7631634541144461489 采集回复 17 条，新增 0 条
2026-04-30 17:36:00 | INFO     | [采集] 视频 7632013241091009201 采集回复 9 条，新增 0 条
2026-04-30 17:36:10 | INFO     | [采集] 视频 7632818045987846010 采集回复 32 条，新增 0 条
2026-04-30 17:36:11 | INFO     | [采集] 开始 用户=MS4wLjABAAAAWKIRK91nF8hLjuza0KVRL50-lcfNlEPHocsF9hNYzCUag7n4BgIHQaERsfq_NiHR 类型=回复 评论=27 视频=8
2026-04-30 17:36:13 | INFO     | [Cookie] ✓ 验证通过，登录用户: 万年
2026-04-30 17:36:14 | INFO     | [采集] 视频 7602487755479045989 采集回复 1 条，新增 0 条
2026-04-30 17:36:23 | INFO     | [存储] CSV 写入 1 条 → data/MS4wLjABAAAAWKIRK91nF8hLjuza0KVRL50-lcfNlEPHocsF9hNYzCUag7n4BgIHQaERsfq_NiHR/2026-02/7606743961860273338/replies.csv
2026-04-30 17:36:23 | INFO     | [存储] DB 写入 1 条 → replies
2026-04-30 17:36:23 | INFO     | [采集] 视频 7606743961860273338 采集回复 31 条，新增 1 条
2026-04-30 17:36:31 | INFO     | [采集] 视频 7607789805016011505 采集回复 14 条，新增 0 条
2026-04-30 17:36:38 | INFO     | [采集] 视频 7607867103055971003 采集回复 10 条，新增 0 条
2026-04-30 17:36:45 | INFO     | [采集] 视频 7611080635616436453 采集回复 15 条，新增 0 条
2026-04-30 17:36:47 | INFO     | [采集] 视频 7612352146415930105 采集回复 3 条，新增 0 条
2026-04-30 17:36:52 | INFO     | [采集] 视频 7612620171912133114 采集回复 6 条，新增 0 条
2026-04-30 17:36:57 | INFO     | [采集] 视频 7626667414588525541 采集回复 6 条，新增 0 条
2026-04-30 17:36:58 | INFO     | [DB] SQLite 连接已关闭: data/MS4wLjABAAAA2FYVN1jBWaTVasx7wXcsK0rCPfSYixt5-J1pUegQIbA/sqlite.db
2026-04-30 17:36:58 | INFO     | [DB] SQLite 连接已关闭: data/MS4wLjABAAAAWKIRK91nF8hLjuza0KVRL50-lcfNlEPHocsF9hNYzCUag7n4BgIHQaERsfq_NiHR/sqlite.db
2026-04-30 17:36:58 | INFO     | [DB] SQLite 连接已关闭: data/MS4wLjABAAAA2FYVN1jBWaTVasx7wXcsK0rCPfSYixt5-J1pUegQIbA/sqlite.db
2026-04-30 17:36:58 | INFO     | [DB] SQLite 连接已关闭: data/MS4wLjABAAAAWKIRK91nF8hLjuza0KVRL50-lcfNlEPHocsF9hNYzCUag7n4BgIHQaERsfq_NiHR/sqlite.db
2026-04-30 17:36:58 | INFO     | [清理] 资源释放完成
