2026-05-03 17:02:45 | 0s | [INIT] 日志文件: /home/runner/work/DouyinComment/DouyinComment/scripts/../logs/migrate/migrate_20260503_170245.log
2026-05-03 17:02:45 | 0s | ======================================================================
2026-05-03 17:02:45 | 0s |   [INIT] 抖音资源 → HF Bucket 迁移（v3）
2026-05-03 17:02:45 | 0s |   [INIT] 数据目录:    /home/runner/work/DouyinComment/DouyinComment/scripts/../data
2026-05-03 17:02:45 | 0s |   [INIT] 日志目录:    /home/runner/work/DouyinComment/DouyinComment/scripts/../logs/migrate
2026-05-03 17:02:45 | 0s |   [INIT] 作者过滤:    all
2026-05-03 17:02:45 | 0s |   [INIT] 限制表:      全部
2026-05-03 17:02:45 | 0s |   [INIT] 限制字段:    全部
2026-05-03 17:02:45 | 0s |   [INIT] 最大任务数:  不限
2026-05-03 17:02:45 | 0s |   [INIT] 批次大小:    20
2026-05-03 17:02:45 | 0s |   [INIT] 并发数:      6
2026-05-03 17:02:45 | 0s |   [INIT] Dry-run:     否
2026-05-03 17:02:45 | 0s |   [INIT] Direct:      否
2026-05-03 17:02:45 | 0s | ======================================================================
2026-05-03 17:02:45 | 0s | 
  [SCAN] 已选择 2 个数据库:
2026-05-03 17:02:45 | 0s |   [SCAN] 📁 MS4wLjABAAAA2FYVN1jBWaTVasx7wXcsK0rCPfSY... (videos=400, comments=95419, replies=20966, 43.7 MB)
2026-05-03 17:02:45 | 0s |   [SCAN] 📁 MS4wLjABAAAAWKIRK91nF8hLjuza0KVRL50-lcfN... (videos=148, comments=7984, replies=1925, 3.9 MB)
2026-05-03 17:02:45 | 0s | 
--- HEIF 格式检测 ---
2026-05-03 17:02:45 | 0s | ✅ pillow-heif 已就绪
2026-05-03 17:02:45 | 0s | 
--- 验证 Cookie ---
2026-05-03 17:02:46 | 1s | ✅ Cookie 有效，用户: 万年
2026-05-03 17:02:46 | 1s | 
──────────────────────────────────────────────────────────────────────
2026-05-03 17:02:46 | 1s |   [SCAN] 📁 作者: MS4wLjABAAAA2FYVN1jBWaTVasx7wXcsK0rCPfSY...
2026-05-03 17:02:46 | 1s |   [SCAN] 📄 数据库: /home/runner/work/DouyinComment/DouyinComment/scripts/../data/MS4wLjABAAAA2FYVN1jBWaTVasx7wXcsK0rCPfSYixt5-J1pUegQIbA/sqlite.db
2026-05-03 17:02:46 | 1s | ──────────────────────────────────────────────────────────────────────
2026-05-03 17:02:47 | 2s |   [SCAN] 总 task 数: 8
2026-05-03 17:02:47 | 2s |     comment_image: 3
2026-05-03 17:02:47 | 2s |     comment_sticker: 3
2026-05-03 17:02:47 | 2s |     reply_image: 1
2026-05-03 17:02:47 | 2s |     reply_sticker: 1
2026-05-03 17:02:47 | 2s |   [SCAN] 唯一分组: 8，去重节省: 0 次下载
2026-05-03 17:02:47 | 2s |   [BATCH] aweme_id 数: 6，分 1 批处理
2026-05-03 17:02:47 | 2s | 
  [BATCH] 📦 批次 1/1: 6 个 aweme_id, 8 个 URL
2026-05-03 17:02:47 | 2s |   [API] 视频 aweme_id: 0, 评论 aweme_id: 5, 回复评论数: 2
2026-05-03 17:02:47 | 2s |   [API] 涉及作者数: 0
2026-05-03 17:02:47 | 2s |   [API] 数据库评论数: 95419, 回复数: 20966
2026-05-03 17:03:54 | 1m09s |   [API] [评论] aweme_id=7560954743410675002: API 返回 360 条, 匹配 359, 不在DB中 1 (API样本: ['7560984482690581308', '7561011803393459002', '7560988045492388650', '7560962952188183355', '7560958627403514681'])
2026-05-03 17:04:11 | 1m26s |   [API] [回复] aweme_id=7560954743410675002 cid=7561015775118771004: API 返回 0 条回复
2026-05-03 17:04:11 | 1m26s |   [BATCH] 获取签名 URL: 2179 个
2026-05-03 17:04:11 | 1m26s |   [FAIL] 签名缺失 | comments.id=55094 api_type=comment_image | 表=comments | aweme=7476411176209976636 | 字段=image_list | 原因=cache_key=7476411176209976636:comment_image:7477523394284536636
2026-05-03 17:04:11 | 1m26s |   [FAIL] 签名缺失 | comments.id=46997 api_type=comment_sticker | 表=comments | aweme=7456483966602841403 | 字段=sticker | 原因=cache_key=7456483966602841403:comment_sticker:7456484925118612261
2026-05-03 17:04:11 | 1m26s |   [FAIL] 签名缺失 | comments.id=90723 api_type=comment_sticker | 表=comments | aweme=7575874445581119665 | 字段=sticker | 原因=cache_key=7575874445581119665:comment_sticker:7605402697084551973
2026-05-03 17:04:11 | 1m26s |   [FAIL] 签名缺失 | replies.id=21178 api_type=reply_sticker | 表=replies | aweme=7631634541144461489 | 字段=sticker | 原因=cache_key=7631634541144461489:reply_sticker:7631725939220005690:7631635677198058298
2026-05-03 17:04:11 | 1m26s |   [FAIL] 签名缺失 | comments.id=85194 api_type=comment_sticker | 表=comments | aweme=7560954743410675002 | 字段=sticker | 原因=cache_key=7560954743410675002:comment_sticker:7560974587825144595
2026-05-03 17:04:11 | 1m26s |   [FAIL] 签名缺失 | comments.id=85119 api_type=comment_image | 表=comments | aweme=7560954743410675002 | 字段=image_list | 原因=cache_key=7560954743410675002:comment_image:7561015775118771004
2026-05-03 17:04:11 | 1m26s |   [FAIL] 签名缺失 | replies.id=18126 api_type=reply_image | 表=replies | aweme=7560954743410675002 | 字段=image_list | 原因=cache_key=7560954743410675002:reply_image:7561076079004762907:7561015775118771004
2026-05-03 17:04:11 | 1m26s |   [FAIL] 签名缺失 | comments.id=36794 api_type=comment_image | 表=comments | aweme=7429276471669083451 | 字段=image_list | 原因=cache_key=7429276471669083451:comment_image:7429314204811232037
2026-05-03 17:04:11 | 1m26s |   [BATCH] ✅ 批次完成，已提交 8/8 个 URL，耗时 83.8s
2026-05-03 17:04:11 | 1m26s | 
  [OK] 作者完成: 上传 0，更新 0 行，HEIC 转换 0，失败 8
2026-05-03 17:04:11 | 1m26s | 
──────────────────────────────────────────────────────────────────────
2026-05-03 17:04:11 | 1m26s |   [SCAN] 📁 作者: MS4wLjABAAAAWKIRK91nF8hLjuza0KVRL50-lcfN...
2026-05-03 17:04:11 | 1m26s |   [SCAN] 📄 数据库: /home/runner/work/DouyinComment/DouyinComment/scripts/../data/MS4wLjABAAAAWKIRK91nF8hLjuza0KVRL50-lcfNlEPHocsF9hNYzCUag7n4BgIHQaERsfq_NiHR/sqlite.db
2026-05-03 17:04:11 | 1m26s | ──────────────────────────────────────────────────────────────────────
2026-05-03 17:04:11 | 1m26s |   [SCAN] ⚠️  无资源，跳过
2026-05-03 17:04:11 | 1m26s | 
2026-05-03 17:04:11 | 1m26s | ======================================================================
2026-05-03 17:04:11 | 1m26s |   全部完成
2026-05-03 17:04:11 | 1m26s | ======================================================================
2026-05-03 17:04:11 | 1m26s |   作者数:        1
2026-05-03 17:04:11 | 1m26s |   总 task:       8
2026-05-03 17:04:11 | 1m26s |   上传成功:      0
2026-05-03 17:04:11 | 1m26s |   更新行数:      0
2026-05-03 17:04:11 | 1m26s |   HEIC 转换:     0
2026-05-03 17:04:11 | 1m26s |   失败:          8
2026-05-03 17:04:11 | 1m26s |   总耗时:        86s (1m26s)
2026-05-03 17:04:11 | 1m26s | ======================================================================
2026-05-03 17:04:11 | 1m26s | 
──────────────────────────────────────────────────────────────────────
2026-05-03 17:04:11 | 1m26s |   失败汇总 (共 8 项)
2026-05-03 17:04:11 | 1m26s | ──────────────────────────────────────────────────────────────────────
2026-05-03 17:04:11 | 1m26s |     签名缺失: 8
2026-05-03 17:04:11 | 1m26s |     • 签名缺失 | comments.id=55094 api_type=comment_image | cache_key=7476411176209976636:comment_image:7477523394284536636
2026-05-03 17:04:11 | 1m26s |     • 签名缺失 | comments.id=46997 api_type=comment_sticker | cache_key=7456483966602841403:comment_sticker:7456484925118612261
2026-05-03 17:04:11 | 1m26s |     • 签名缺失 | comments.id=90723 api_type=comment_sticker | cache_key=7575874445581119665:comment_sticker:7605402697084551973
2026-05-03 17:04:11 | 1m26s |     • 签名缺失 | replies.id=21178 api_type=reply_sticker | cache_key=7631634541144461489:reply_sticker:7631725939220005690:7631635677198058298
2026-05-03 17:04:11 | 1m26s |     • 签名缺失 | comments.id=85194 api_type=comment_sticker | cache_key=7560954743410675002:comment_sticker:7560974587825144595
2026-05-03 17:04:11 | 1m26s |     • 签名缺失 | comments.id=85119 api_type=comment_image | cache_key=7560954743410675002:comment_image:7561015775118771004
2026-05-03 17:04:11 | 1m26s |     • 签名缺失 | replies.id=18126 api_type=reply_image | cache_key=7560954743410675002:reply_image:7561076079004762907:7561015775118771004
2026-05-03 17:04:11 | 1m26s |     • 签名缺失 | comments.id=36794 api_type=comment_image | cache_key=7429276471669083451:comment_image:7429314204811232037
2026-05-03 17:04:11 | 1m26s | ──────────────────────────────────────────────────────────────────────
