2026-05-02 17:01:12 | 0s | [INIT] 日志文件: /home/runner/work/DouyinComment/DouyinComment/scripts/../logs/migrate/migrate_20260502_170112.log
2026-05-02 17:01:12 | 0s | ======================================================================
2026-05-02 17:01:12 | 0s |   [INIT] 抖音资源 → HF Bucket 迁移（v3）
2026-05-02 17:01:12 | 0s |   [INIT] 数据目录:    /home/runner/work/DouyinComment/DouyinComment/scripts/../data
2026-05-02 17:01:12 | 0s |   [INIT] 日志目录:    /home/runner/work/DouyinComment/DouyinComment/scripts/../logs/migrate
2026-05-02 17:01:12 | 0s |   [INIT] 作者过滤:    all
2026-05-02 17:01:12 | 0s |   [INIT] 限制表:      全部
2026-05-02 17:01:12 | 0s |   [INIT] 限制字段:    全部
2026-05-02 17:01:12 | 0s |   [INIT] 最大任务数:  不限
2026-05-02 17:01:12 | 0s |   [INIT] 批次大小:    20
2026-05-02 17:01:12 | 0s |   [INIT] 并发数:      6
2026-05-02 17:01:12 | 0s |   [INIT] Dry-run:     否
2026-05-02 17:01:12 | 0s |   [INIT] Direct:      是
2026-05-02 17:01:12 | 0s | ======================================================================
2026-05-02 17:01:12 | 0s | 
  [SCAN] 已选择 2 个数据库:
2026-05-02 17:01:12 | 0s |   [SCAN] 📁 MS4wLjABAAAA2FYVN1jBWaTVasx7wXcsK0rCPfSY... (videos=399, comments=95329, replies=20957, 43.6 MB)
2026-05-02 17:01:12 | 0s |   [SCAN] 📁 MS4wLjABAAAAWKIRK91nF8hLjuza0KVRL50-lcfN... (videos=147, comments=7955, replies=1922, 3.9 MB)
2026-05-02 17:01:12 | 0s | 
--- HEIF 格式检测 ---
2026-05-02 17:01:12 | 0s | ✅ pillow-heif 已就绪
2026-05-02 17:01:12 | 0s | 
--- 验证 Cookie ---
2026-05-02 17:01:13 | 1s | ✅ Cookie 有效，用户: 万年
2026-05-02 17:01:13 | 1s | 
──────────────────────────────────────────────────────────────────────
2026-05-02 17:01:13 | 1s |   [SCAN] 📁 作者: MS4wLjABAAAA2FYVN1jBWaTVasx7wXcsK0rCPfSY...
2026-05-02 17:01:13 | 1s |   [SCAN] 📄 数据库: /home/runner/work/DouyinComment/DouyinComment/scripts/../data/MS4wLjABAAAA2FYVN1jBWaTVasx7wXcsK0rCPfSYixt5-J1pUegQIbA/sqlite.db
2026-05-02 17:01:13 | 1s | ──────────────────────────────────────────────────────────────────────
2026-05-02 17:01:13 | 1s |   [SCAN] 总 task 数: 34
2026-05-02 17:01:13 | 1s |     comment_avatar: 1
2026-05-02 17:01:13 | 1s |     comment_image: 26
2026-05-02 17:01:13 | 1s |     comment_sticker: 5
2026-05-02 17:01:13 | 1s |     reply_image: 1
2026-05-02 17:01:13 | 1s |     reply_sticker: 1
2026-05-02 17:01:13 | 1s |   [SCAN] 唯一分组: 34，去重节省: 0 次下载
2026-05-02 17:01:13 | 1s |   [BATCH] aweme_id 数: 11，分 1 批处理
2026-05-02 17:01:13 | 1s | 
  [BATCH] 📦 批次 1/1: 11 个 aweme_id, 34 个 URL
2026-05-02 17:01:13 | 1s |   [BATCH] direct 模式: 直接使用原始 URL 34 个
2026-05-02 17:01:14 | 2s |   [DL] ⚠️  HTTP 403: https://p3-sign.douyinpic.com/tos-cn-i-p14lwwcsbr/6ce05fd7cbe84206b0f6b3a7236811...
2026-05-02 17:01:14 | 2s |   [DL] ⚠️  HTTP 403: https://p26-sign.douyinpic.com/tos-cn-i-p14lwwcsbr/9877c56cf66d42e5b0819f88d4e3e...
2026-05-02 17:01:14 | 2s |   [DL] ⚠️  HTTP 403: https://p26-sign.douyinpic.com/tos-cn-i-p14lwwcsbr/db2be0be6e744497a170652626ddb...
2026-05-02 17:01:15 | 2s |   [DL] ⚠️  HTTP 403: https://p3-sign.douyinpic.com/tos-cn-i-p14lwwcsbr/9877c56cf66d42e5b0819f88d4e3e2...
2026-05-02 17:01:15 | 2s |   [DL] ⚠️  HTTP 403: https://p3-sign.douyinpic.com/tos-cn-i-p14lwwcsbr/db2be0be6e744497a170652626ddba...
2026-05-02 17:01:15 | 3s |   [DL] ⚠️  HTTP 403: https://p5-ex-gddgtc-sign.douyinpic.com/tos-cn-i-p14lwwcsbr/764f718f1d8c4eaf9965...
2026-05-02 17:01:15 | 3s |   [DL] ⚠️  HTTP 403: https://p5-ex-gddgtc-sign.douyinpic.com/tos-cn-i-p14lwwcsbr/db2be0be6e744497a170...
2026-05-02 17:01:15 | 3s |   [DL] ⚠️  HTTP 403: https://p5-ex-gddgtc-sign.douyinpic.com/tos-cn-i-p14lwwcsbr/9a9de80a671a41f38a0b...
2026-05-02 17:01:16 | 3s |   [DL] ⚠️  HTTP 403: https://p5-ex-gddgtc-sign.douyinpic.com/tos-cn-i-p14lwwcsbr/6ce05fd7cbe84206b0f6...
2026-05-02 17:01:16 | 4s |   [DL] ⚠️  HTTP 403: https://p11-sign.douyinpic.com/tos-cn-i-p14lwwcsbr/9877c56cf66d42e5b0819f88d4e3e...
2026-05-02 17:01:16 | 4s |   [DL] ⚠️  HTTP 403: https://p26-sign.douyinpic.com/tos-cn-i-p14lwwcsbr/764f718f1d8c4eaf996540df50240...
2026-05-02 17:01:16 | 4s |   [DL] ⚠️  HTTP 403: https://p26-sign.douyinpic.com/tos-cn-i-p14lwwcsbr/db2be0be6e744497a170652626ddb...
2026-05-02 17:01:16 | 4s |   [DL] ❌ 下载失败，最后尝试的 URL: https://p26-sign.douyinpic.com/tos-cn-i-p14lwwcsbr/db2be0be6e744497a170652626ddba98~tplv-p14lwwcsbr-7.jpeg?lk3s=7b078dd2&x-expires=1776931200&x-signature=FknWTfoAfyoA%2Fd1%2B%2Bp2OG55ef38%3D&from=2064092626&se=false&sc=image&biz_tag=aweme_comment&l=202604221546019671705BAEB2D651D52C
2026-05-02 17:01:16 | 4s |   [FAIL] 下载失败 | https://p26-sign.douyinpic.com/tos-cn-i-p14lwwcsbr/db2be0be6e744497a170652626ddba98~tplv-p14lwwcsbr- | 原因=所有CDN均失败
2026-05-02 17:01:16 | 4s |   [FAIL] 下载失败 | comments.id=36345 api_type=comment_image | 表=comments | aweme=7429276471669083451 | 字段=image_list | 原因=下载失败
2026-05-02 17:01:16 | 4s |   [DL] ⚠️  HTTP 403: https://p26-sign.douyinpic.com/tos-cn-i-p14lwwcsbr/9a9de80a671a41f38a0b3137fac93...
2026-05-02 17:01:16 | 4s |   [DL] ⚠️  HTTP 403: https://p5-ex-gddgtc-sign.douyinpic.com/tos-cn-i-p14lwwcsbr/52a9bd3b50254df6a399...
2026-05-02 17:01:16 | 4s |   [DL] ⚠️  HTTP 403: https://p26-sign.douyinpic.com/tos-cn-i-p14lwwcsbr/6ce05fd7cbe84206b0f6b3a723681...
2026-05-02 17:01:16 | 4s |   [DL] ⚠️  HTTP 403: https://p26-sign.douyinpic.com/tos-cn-i-p14lwwcsbr/9877c56cf66d42e5b0819f88d4e3e...
2026-05-02 17:01:16 | 4s |   [DL] ❌ 下载失败，最后尝试的 URL: https://p26-sign.douyinpic.com/tos-cn-i-p14lwwcsbr/9877c56cf66d42e5b0819f88d4e3e2a4~tplv-p14lwwcsbr-7.jpeg?lk3s=7b078dd2&x-expires=1776931200&x-signature=V0xz%2BkecKws8%2BKLwL4DmueWNxmk%3D&from=2064092626&se=false&sc=image&biz_tag=aweme_comment&l=2026042215462159E8EFCA34A1137CCBA3
2026-05-02 17:01:16 | 4s |   [FAIL] 下载失败 | https://p26-sign.douyinpic.com/tos-cn-i-p14lwwcsbr/9877c56cf66d42e5b0819f88d4e3e2a4~tplv-p14lwwcsbr- | 原因=所有CDN均失败
2026-05-02 17:01:16 | 4s |   [FAIL] 下载失败 | comments.id=36639 api_type=comment_image | 表=comments | aweme=7429276471669083451 | 字段=image_list | 原因=下载失败
2026-05-02 17:01:16 | 4s |   [DL] ⚠️  HTTP 403: https://p3-sign.douyinpic.com/tos-cn-i-p14lwwcsbr/6ce05fd7cbe84206b0f6b3a7236811...
2026-05-02 17:01:16 | 4s |   [DL] ❌ 下载失败，最后尝试的 URL: https://p3-sign.douyinpic.com/tos-cn-i-p14lwwcsbr/6ce05fd7cbe84206b0f6b3a723681163~tplv-p14lwwcsbr-7.jpeg?lk3s=7b078dd2&x-expires=1776931200&x-signature=iIXzcCXeRLnAYl6qHs4W%2FzSS9fI%3D&from=2064092626&se=false&sc=image&biz_tag=aweme_comment&l=2026042215462986EC7CAE905A3B6CC944
2026-05-02 17:01:16 | 4s |   [FAIL] 下载失败 | https://p3-sign.douyinpic.com/tos-cn-i-p14lwwcsbr/6ce05fd7cbe84206b0f6b3a723681163~tplv-p14lwwcsbr-7 | 原因=所有CDN均失败
2026-05-02 17:01:16 | 4s |   [FAIL] 下载失败 | comments.id=36773 api_type=comment_image | 表=comments | aweme=7429276471669083451 | 字段=image_list | 原因=下载失败
2026-05-02 17:01:17 | 5s |   [DL] ⚠️  HTTP 403: https://p3-sign.douyinpic.com/tos-cn-i-p14lwwcsbr/15be79eb681d44508d6f58f606a940...
2026-05-02 17:01:17 | 5s |   [DL] ⚠️  HTTP 403: https://p26-sign.douyinpic.com/obj/tos-cn-o-0812/o0cguteHAroyvOClx6QCAktcgDQdIAe...
2026-05-02 17:01:17 | 5s |   [DL] ❌ 下载失败，最后尝试的 URL: https://p26-sign.douyinpic.com/obj/tos-cn-o-0812/o0cguteHAroyvOClx6QCAktcgDQdIAelAHA8bn?lk3s=7b078dd2&x-expires=1776931200&x-signature=QKrJNCwSi5qhER7JuGxca4eE%2BkU%3D&from=2064092626&s=sticker_comment&se=false&sc=sticker_heif&biz_tag=aweme_comment&l=20260422155917D4AC69AC509C06719605
2026-05-02 17:01:17 | 5s |   [FAIL] 下载失败 | https://p26-sign.douyinpic.com/obj/tos-cn-o-0812/o0cguteHAroyvOClx6QCAktcgDQdIAelAHA8bn?lk3s=7b078dd | 原因=所有CDN均失败
2026-05-02 17:01:17 | 5s |   [FAIL] 下载失败 | comments.id=46997 api_type=comment_sticker | 表=comments | aweme=7456483966602841403 | 字段=sticker | 原因=下载失败
2026-05-02 17:01:17 | 5s |   [DL] ⚠️  HTTP 403: https://p11-sign.douyinpic.com/tos-cn-i-p14lwwcsbr/764f718f1d8c4eaf996540df50240...
2026-05-02 17:01:17 | 5s |   [DL] ⚠️  HTTP 403: https://p11-sign.douyinpic.com/tos-cn-i-p14lwwcsbr/9a9de80a671a41f38a0b3137fac93...
2026-05-02 17:01:17 | 5s |   [DL] ⚠️  HTTP 403: https://p26-sign.douyinpic.com/tos-cn-i-p14lwwcsbr/95d264037aea4bf996a8a39698176...
2026-05-02 17:01:17 | 5s |   [DL] ⚠️  HTTP 403: https://p5-sign.douyinpic.com/tos-cn-i-p14lwwcsbr/52a9bd3b50254df6a399029fa65718...
2026-05-02 17:01:17 | 5s |   [DL] ⚠️  HTTP 403: https://p11-sign.douyinpic.com/tos-cn-i-p14lwwcsbr/f591dc88259d4b65aab7531b0f9ac...
2026-05-02 17:01:17 | 5s |   [DL] ⚠️  HTTP 403: https://p5-ex-gddgtc-sign.douyinpic.com/tos-cn-i-p14lwwcsbr/764f718f1d8c4eaf9965...
2026-05-02 17:01:17 | 5s |   [DL] ❌ 下载失败，最后尝试的 URL: https://p5-ex-gddgtc-sign.douyinpic.com/tos-cn-i-p14lwwcsbr/764f718f1d8c4eaf996540df502400d2~tplv-p14lwwcsbr-7.jpeg?lk3s=7b078dd2&x-expires=1776934800&x-signature=LzuwUvq9vXHyhzSyKrPCS3njAVE%3D&from=2064092626&se=false&sc=image&biz_tag=aweme_comment&l=2026042216254605B500454A61084CD377
2026-05-02 17:01:17 | 5s |   [FAIL] 下载失败 | https://p5-ex-gddgtc-sign.douyinpic.com/tos-cn-i-p14lwwcsbr/764f718f1d8c4eaf996540df502400d2~tplv-p1 | 原因=所有CDN均失败
2026-05-02 17:01:17 | 5s |   [FAIL] 下载失败 | comments.id=68123 api_type=comment_image | 表=comments | aweme=7509903583040228666 | 字段=image_list | 原因=下载失败
2026-05-02 17:01:17 | 5s |   [DL] ⚠️  HTTP 403: https://p3-sign.douyinpic.com/tos-cn-i-p14lwwcsbr/95d264037aea4bf996a8a396981767...
2026-05-02 17:01:17 | 5s |   [DL] ⚠️  HTTP 403: https://p3-sign.douyinpic.com/tos-cn-i-p14lwwcsbr/f591dc88259d4b65aab7531b0f9ac9...
2026-05-02 17:01:17 | 5s |   [DL] ⚠️  HTTP 403: https://p3-sign.douyinpic.com/obj/tos-cn-o-0812/ocInQAAAxKmkAjDnXFEMf0hzyWry0EAg...
2026-05-02 17:01:17 | 5s |   [DL] ❌ 下载失败，最后尝试的 URL: https://p3-sign.douyinpic.com/obj/tos-cn-o-0812/ocInQAAAxKmkAjDnXFEMf0hzyWry0EAgCA52Ce?lk3s=7b078dd2&x-expires=1776934800&x-signature=xOQ4o4ntr1jYBy1jXt4xZW2bLwY%3D&from=2064092626&s=sticker_comment&se=false&sc=sticker_heif&biz_tag=aweme_comment&l=2026042216254605B500454A61084CD377
2026-05-02 17:01:17 | 5s |   [FAIL] 下载失败 | https://p3-sign.douyinpic.com/obj/tos-cn-o-0812/ocInQAAAxKmkAjDnXFEMf0hzyWry0EAgCA52Ce?lk3s=7b078dd2 | 原因=所有CDN均失败
2026-05-02 17:01:17 | 5s |   [FAIL] 下载失败 | comments.id=68125 api_type=comment_sticker | 表=comments | aweme=7509903583040228666 | 字段=sticker | 原因=下载失败
2026-05-02 17:01:17 | 5s |   [DL] ⚠️  HTTP 403: https://p26-sign.douyinpic.com/tos-cn-i-p14lwwcsbr/15be79eb681d44508d6f58f606a94...
2026-05-02 17:01:18 | 5s |   [DL] ⚠️  HTTP 403: https://p5-ex-gddgtc-sign.douyinpic.com/tos-cn-i-p14lwwcsbr/9a9de80a671a41f38a0b...
2026-05-02 17:01:18 | 5s |   [DL] ❌ 下载失败，最后尝试的 URL: https://p5-ex-gddgtc-sign.douyinpic.com/tos-cn-i-p14lwwcsbr/9a9de80a671a41f38a0b3137fac93956~tplv-p14lwwcsbr-7.jpeg?lk3s=7b078dd2&x-expires=1776931200&x-signature=P8JKJyY8bsoZHg2F0SW6KMosId4%3D&from=2064092626&se=false&sc=image&biz_tag=aweme_comment&l=202604221546079200164BF24D4576C2A4
2026-05-02 17:01:18 | 5s |   [FAIL] 下载失败 | https://p5-ex-gddgtc-sign.douyinpic.com/tos-cn-i-p14lwwcsbr/9a9de80a671a41f38a0b3137fac93956~tplv-p1 | 原因=所有CDN均失败
2026-05-02 17:01:18 | 5s |   [FAIL] 下载失败 | comments.id=36431 api_type=comment_image | 表=comments | aweme=7429276471669083451 | 字段=image_list | 原因=下载失败
2026-05-02 17:01:18 | 6s |   [DL] ⚠️  HTTP 403: https://p3-sign.douyinpic.com/tos-cn-i-p14lwwcsbr/aad72a93db3d490981573dc450d975...
2026-05-02 17:01:18 | 6s |   [DL] ⚠️  HTTP 403: https://p3-sign.douyinpic.com/tos-cn-i-p14lwwcsbr/e2a2935810aa4b8b87c5d164afb794...
2026-05-02 17:01:18 | 6s |   [DL] ⚠️  HTTP 403: https://p26-sign.douyinpic.com/tos-cn-i-p14lwwcsbr/52a9bd3b50254df6a399029fa6571...
2026-05-02 17:01:18 | 6s |   [DL] ⚠️  HTTP 403: https://p11-sign.douyinpic.com/tos-cn-i-p14lwwcsbr/95d264037aea4bf996a8a39698176...
2026-05-02 17:01:18 | 6s |   [DL] ⚠️  HTTP 403: https://p26-sign.douyinpic.com/tos-cn-i-p14lwwcsbr/f591dc88259d4b65aab7531b0f9ac...
2026-05-02 17:01:18 | 6s |   [DL] ⚠️  HTTP 403: https://p11-sign.douyinpic.com/tos-cn-i-p14lwwcsbr/15be79eb681d44508d6f58f606a94...
2026-05-02 17:01:18 | 6s |   [DL] ⚠️  HTTP 403: https://p5-ex-gddgtc-sign.douyinpic.com/tos-cn-i-p14lwwcsbr/aad72a93db3d49098157...
2026-05-02 17:01:18 | 6s |   [DL] ⚠️  HTTP 403: https://p3-sign.douyinpic.com/tos-cn-i-p14lwwcsbr/15be79eb681d44508d6f58f606a940...
2026-05-02 17:01:18 | 6s |   [DL] ❌ 下载失败，最后尝试的 URL: https://p3-sign.douyinpic.com/tos-cn-i-p14lwwcsbr/15be79eb681d44508d6f58f606a940d9~tplv-p14lwwcsbr-7.jpeg?lk3s=7b078dd2&x-expires=1776931200&x-signature=LMnCBtM5AZucZ5Dhy6x2fixpkhU%3D&from=2064092626&se=false&sc=image&biz_tag=aweme_comment&l=202604221546278C589B72AFFA1849E615
2026-05-02 17:01:18 | 6s |   [FAIL] 下载失败 | https://p3-sign.douyinpic.com/tos-cn-i-p14lwwcsbr/15be79eb681d44508d6f58f606a940d9~tplv-p14lwwcsbr-7 | 原因=所有CDN均失败
2026-05-02 17:01:18 | 6s |   [FAIL] 下载失败 | comments.id=36731 api_type=comment_image | 表=comments | aweme=7429276471669083451 | 字段=image_list | 原因=下载失败
2026-05-02 17:01:19 | 7s |   [DL] ⚠️  HTTP 403: https://p26-sign.douyinpic.com/tos-cn-i-p14lwwcsbr/95d264037aea4bf996a8a39698176...
2026-05-02 17:01:19 | 7s |   [DL] ❌ 下载失败，最后尝试的 URL: https://p26-sign.douyinpic.com/tos-cn-i-p14lwwcsbr/95d264037aea4bf996a8a396981767ad~tplv-p14lwwcsbr-7.jpeg?lk3s=7b078dd2&x-expires=1776931200&x-signature=%2FtRYC08gUq9g44LpdMt4j2f0UQE%3D&from=2064092626&se=false&sc=image&biz_tag=aweme_comment&l=2026042215462159E8EFCA34A1137CCBA3
2026-05-02 17:01:19 | 7s |   [FAIL] 下载失败 | https://p26-sign.douyinpic.com/tos-cn-i-p14lwwcsbr/95d264037aea4bf996a8a396981767ad~tplv-p14lwwcsbr- | 原因=所有CDN均失败
2026-05-02 17:01:19 | 7s |   [FAIL] 下载失败 | comments.id=36654 api_type=comment_image | 表=comments | aweme=7429276471669083451 | 字段=image_list | 原因=下载失败
2026-05-02 17:01:19 | 7s |   [DL] ⚠️  HTTP 403: https://p11-sign.douyinpic.com/tos-cn-i-p14lwwcsbr/f591dc88259d4b65aab7531b0f9ac...
2026-05-02 17:01:19 | 7s |   [DL] ❌ 下载失败，最后尝试的 URL: https://p11-sign.douyinpic.com/tos-cn-i-p14lwwcsbr/f591dc88259d4b65aab7531b0f9ac959~tplv-p14lwwcsbr-7.jpeg?lk3s=7b078dd2&x-expires=1776938400&x-signature=sXXYvUUhG9jPjWIbJpeiDQee1TY%3D&from=2064092626&se=false&sc=image&biz_tag=aweme_comment&l=2026042217090431CAA9B46945C65212DC
2026-05-02 17:01:19 | 7s |   [FAIL] 下载失败 | https://p11-sign.douyinpic.com/tos-cn-i-p14lwwcsbr/f591dc88259d4b65aab7531b0f9ac959~tplv-p14lwwcsbr- | 原因=所有CDN均失败
2026-05-02 17:01:19 | 7s |   [FAIL] 下载失败 | comments.id=80540 api_type=comment_image | 表=comments | aweme=7553617629527002425 | 字段=image_list | 原因=下载失败
2026-05-02 17:01:19 | 7s |   [DL] ⚠️  HTTP 403: https://p5-ex-gddgtc-sign.douyinpic.com/tos-cn-i-p14lwwcsbr/52a9bd3b50254df6a399...
2026-05-02 17:01:19 | 7s |   [DL] ❌ 下载失败，最后尝试的 URL: https://p5-ex-gddgtc-sign.douyinpic.com/tos-cn-i-p14lwwcsbr/52a9bd3b50254df6a399029fa6571887~tplv-p14lwwcsbr-7.jpeg?lk3s=7b078dd2&x-expires=1776931200&x-signature=1nbhUZtGZbmCsBVuCQr%2BXYOSKYU%3D&from=2064092626&se=false&sc=image&biz_tag=aweme_comment&l=2026042215461891CC4DEE5D05024DA9AD
2026-05-02 17:01:19 | 7s |   [FAIL] 下载失败 | https://p5-ex-gddgtc-sign.douyinpic.com/tos-cn-i-p14lwwcsbr/52a9bd3b50254df6a399029fa6571887~tplv-p1 | 原因=所有CDN均失败
2026-05-02 17:01:19 | 7s |   [FAIL] 下载失败 | comments.id=36600 api_type=comment_image | 表=comments | aweme=7429276471669083451 | 字段=image_list | 原因=下载失败
2026-05-02 17:01:19 | 7s |   [DL] ⚠️  HTTP 403: https://p5-ex-gddgtc-sign.douyinpic.com/obj/tos-cn-o-0812/osMbEYFxAgCM8ORMAADAIj...
2026-05-02 17:01:19 | 7s |   [DL] ❌ 下载失败，最后尝试的 URL: https://p5-ex-gddgtc-sign.douyinpic.com/obj/tos-cn-o-0812/osMbEYFxAgCM8ORMAADAIjDlxCpgaCAyAGEff0?lk3s=7b078dd2&x-expires=1776938400&x-signature=a4s4ivW6IB1r42X4peH3NFRD5VE%3D&from=2064092626&s=sticker_comment&se=false&sc=sticker_heif&biz_tag=aweme_comment&l=202604221741241AE6C93B5D9DF35359FD
2026-05-02 17:01:19 | 7s |   [FAIL] 下载失败 | https://p5-ex-gddgtc-sign.douyinpic.com/obj/tos-cn-o-0812/osMbEYFxAgCM8ORMAADAIjDlxCpgaCAyAGEff0?lk3 | 原因=所有CDN均失败
2026-05-02 17:01:19 | 7s |   [FAIL] 下载失败 | comments.id=90723 api_type=comment_sticker | 表=comments | aweme=7575874445581119665 | 字段=sticker | 原因=下载失败
2026-05-02 17:01:19 | 7s |   [DL] ⚠️  HTTP 403: https://p5-ex-gddgtc-sign.douyinpic.com/tos-cn-i-p14lwwcsbr/e2a2935810aa4b8b87c5...
2026-05-02 17:01:19 | 7s |   [DL] ⚠️  HTTP 403: https://p26-sign.douyinpic.com/tos-cn-i-p14lwwcsbr/aad72a93db3d490981573dc450d97...
2026-05-02 17:01:19 | 7s |   [DL] ⚠️  HTTP 403: https://p3-sign.douyinpic.com/tos-cn-i-p14lwwcsbr/aad72a93db3d490981573dc450d975...
2026-05-02 17:01:19 | 7s |   [DL] ❌ 下载失败，最后尝试的 URL: https://p3-sign.douyinpic.com/tos-cn-i-p14lwwcsbr/aad72a93db3d490981573dc450d975af~tplv-p14lwwcsbr-7.jpeg?lk3s=7b078dd2&x-expires=1776931200&x-signature=USvTYjcu4SM2JL9HRE1p%2B7bFHyA%3D&from=2064092626&se=false&sc=image&biz_tag=aweme_comment&l=2026042215462159E8EFCA34A1137CCBA3
2026-05-02 17:01:19 | 7s |   [FAIL] 下载失败 | https://p3-sign.douyinpic.com/tos-cn-i-p14lwwcsbr/aad72a93db3d490981573dc450d975af~tplv-p14lwwcsbr-7 | 原因=所有CDN均失败
2026-05-02 17:01:19 | 7s |   [FAIL] 下载失败 | comments.id=36643 api_type=comment_image | 表=comments | aweme=7429276471669083451 | 字段=image_list | 原因=下载失败
2026-05-02 17:01:19 | 7s |   [DL] ⚠️  HTTP 403: https://p5-ex-gddgtc-sign.douyinpic.com/tos-cn-i-p14lwwcsbr/126a54c0b64d433ab391...
2026-05-02 17:01:20 | 8s |   [DL] ⚠️  HTTP 403: https://p5-ex-gddgtc-sign.douyinpic.com/tos-cn-i-p14lwwcsbr/7bd147a2fe104c33b7be...
2026-05-02 17:01:20 | 8s |   [DL] ⚠️  HTTP 403: https://p26-sign.douyinpic.com/tos-cn-i-p14lwwcsbr/6b0da7766c894e0abebf6ad4a7fd9...
2026-05-02 17:01:20 | 8s |   [DL] ⚠️  HTTP 403: https://p11-sign.douyinpic.com/tos-cn-i-p14lwwcsbr/e2a2935810aa4b8b87c5d164afb79...
2026-05-02 17:01:20 | 8s |   [DL] ⚠️  HTTP 403: https://p11-sign.douyinpic.com/tos-cn-i-p14lwwcsbr/bc36404816f742898fc2cf38d7f5c...
2026-05-02 17:01:20 | 8s |   [DL] ⚠️  HTTP 403: https://p11-sign.douyinpic.com/tos-cn-i-p14lwwcsbr/126a54c0b64d433ab391dd2be1d1f...
2026-05-02 17:01:20 | 8s |   [DL] ⚠️  HTTP 403: https://p5-ex-gddgtc-sign.douyinpic.com/tos-cn-i-p14lwwcsbr/6335d8a759b940869960...
2026-05-02 17:01:20 | 8s |   [DL] ⚠️  HTTP 403: https://p3-sign.douyinpic.com/tos-cn-i-p14lwwcsbr/e2a2935810aa4b8b87c5d164afb794...
2026-05-02 17:01:20 | 8s |   [DL] ❌ 下载失败，最后尝试的 URL: https://p3-sign.douyinpic.com/tos-cn-i-p14lwwcsbr/e2a2935810aa4b8b87c5d164afb7945e~tplv-p14lwwcsbr-7.jpeg?lk3s=7b078dd2&x-expires=1776938400&x-signature=sJh8%2BJ1%2Bwp2D6rGewepcZnCJYjA%3D&from=2064092626&se=false&sc=image&biz_tag=aweme_comment&l=20260422172339C383647A97FC9F534DAE
2026-05-02 17:01:20 | 8s |   [FAIL] 下载失败 | https://p3-sign.douyinpic.com/tos-cn-i-p14lwwcsbr/e2a2935810aa4b8b87c5d164afb7945e~tplv-p14lwwcsbr-7 | 原因=所有CDN均失败
2026-05-02 17:01:20 | 8s |   [FAIL] 下载失败 | comments.id=85119 api_type=comment_image | 表=comments | aweme=7560954743410675002 | 字段=image_list | 原因=下载失败
2026-05-02 17:01:20 | 8s |   [DL] ⚠️  HTTP 403: https://p3-sign.douyinpic.com/tos-cn-i-p14lwwcsbr/bc36404816f742898fc2cf38d7f5c4...
2026-05-02 17:01:20 | 8s |   [DL] ⚠️  HTTP 403: https://p26-sign.douyinpic.com/tos-cn-i-p14lwwcsbr/7bd147a2fe104c33b7beacb33aeb8...
2026-05-02 17:01:20 | 8s |   [DL] ⚠️  HTTP 403: https://p5-ex-gddgtc-sign.douyinpic.com/tos-cn-i-p14lwwcsbr/6b0da7766c894e0abebf...
2026-05-02 17:01:21 | 8s |   [DL] ⚠️  HTTP 403: https://p3-sign.douyinpic.com/tos-cn-i-p14lwwcsbr/7bd147a2fe104c33b7beacb33aeb81...
2026-05-02 17:01:21 | 8s |   [DL] ⚠️  HTTP 403: https://p3-sign.douyinpic.com/tos-cn-i-p14lwwcsbr/6b0da7766c894e0abebf6ad4a7fd9f...
2026-05-02 17:01:21 | 8s |   [DL] ⚠️  HTTP 403: https://p26-sign.douyinpic.com/tos-cn-i-p14lwwcsbr/126a54c0b64d433ab391dd2be1d1f...
2026-05-02 17:01:21 | 8s |   [DL] ⚠️  HTTP 403: https://p26-sign.douyinpic.com/tos-cn-i-p14lwwcsbr/6335d8a759b9408699609a200a077...
2026-05-02 17:01:21 | 9s |   [DL] ⚠️  HTTP 403: https://p26-sign.douyinpic.com/tos-cn-i-p14lwwcsbr/bc36404816f742898fc2cf38d7f5c...
2026-05-02 17:01:21 | 9s |   [DL] ⚠️  HTTP 403: https://p5-ex-gddgtc-sign.douyinpic.com/tos-cn-i-p14lwwcsbr/7bd147a2fe104c33b7be...
2026-05-02 17:01:21 | 9s |   [DL] ❌ 下载失败，最后尝试的 URL: https://p5-ex-gddgtc-sign.douyinpic.com/tos-cn-i-p14lwwcsbr/7bd147a2fe104c33b7beacb33aeb81a0~tplv-p14lwwcsbr-7.jpeg?lk3s=7b078dd2&x-expires=1776931200&x-signature=l9Nt%2B7N2HXaeIAQXuzIGTD6hEp8%3D&from=2064092626&se=false&sc=image&biz_tag=aweme_comment&l=2026042215460891CC4DEE5D05024DA5A6
2026-05-02 17:01:21 | 9s |   [FAIL] 下载失败 | https://p5-ex-gddgtc-sign.douyinpic.com/tos-cn-i-p14lwwcsbr/7bd147a2fe104c33b7beacb33aeb81a0~tplv-p1 | 原因=所有CDN均失败
2026-05-02 17:01:21 | 9s |   [FAIL] 下载失败 | comments.id=36457 api_type=comment_image | 表=comments | aweme=7429276471669083451 | 字段=image_list | 原因=下载失败
2026-05-02 17:01:21 | 9s |   [DL] ⚠️  HTTP 403: https://p11-sign.douyinpic.com/tos-cn-i-p14lwwcsbr/6335d8a759b9408699609a200a077...
2026-05-02 17:01:21 | 9s |   [DL] ⚠️  HTTP 403: https://p5-ex-gddgtc-sign.douyinpic.com/tos-cn-i-p14lwwcsbr/126a54c0b64d433ab391...
2026-05-02 17:01:21 | 9s |   [DL] ❌ 下载失败，最后尝试的 URL: https://p5-ex-gddgtc-sign.douyinpic.com/tos-cn-i-p14lwwcsbr/126a54c0b64d433ab391dd2be1d1f8b6~tplv-p14lwwcsbr-7.jpeg?lk3s=7b078dd2&x-expires=1776931200&x-signature=axzIYFIAFuAZgPpcd9xigH4ewsQ%3D&from=2064092626&se=false&sc=image&biz_tag=aweme_comment&l=2026042215460891CC4DEE5D05024DA5A6
2026-05-02 17:01:21 | 9s |   [FAIL] 下载失败 | https://p5-ex-gddgtc-sign.douyinpic.com/tos-cn-i-p14lwwcsbr/126a54c0b64d433ab391dd2be1d1f8b6~tplv-p1 | 原因=所有CDN均失败
2026-05-02 17:01:21 | 9s |   [FAIL] 下载失败 | comments.id=36445 api_type=comment_image | 表=comments | aweme=7429276471669083451 | 字段=image_list | 原因=下载失败
2026-05-02 17:01:21 | 9s |   [DL] ⚠️  HTTP 403: https://p26-sign.douyinpic.com/tos-cn-i-p14lwwcsbr/6b0da7766c894e0abebf6ad4a7fd9...
2026-05-02 17:01:21 | 9s |   [DL] ❌ 下载失败，最后尝试的 URL: https://p26-sign.douyinpic.com/tos-cn-i-p14lwwcsbr/6b0da7766c894e0abebf6ad4a7fd9f53~tplv-p14lwwcsbr-7.jpeg?lk3s=7b078dd2&x-expires=1776931200&x-signature=pvmfkASyCSrz8%2F4eadWxNSV%2FF5I%3D&from=2064092626&se=false&sc=image&biz_tag=aweme_comment&l=202604221546149368303F0521DD6F7028
2026-05-02 17:01:21 | 9s |   [FAIL] 下载失败 | https://p26-sign.douyinpic.com/tos-cn-i-p14lwwcsbr/6b0da7766c894e0abebf6ad4a7fd9f53~tplv-p14lwwcsbr- | 原因=所有CDN均失败
2026-05-02 17:01:21 | 9s |   [FAIL] 下载失败 | comments.id=36543 api_type=comment_image | 表=comments | aweme=7429276471669083451 | 字段=image_list | 原因=下载失败
2026-05-02 17:01:21 | 9s |   [DL] ⚠️  HTTP 403: https://p3-sign.douyinpic.com/tos-cn-i-p14lwwcsbr/76d17b1c6935419b88c5ecf2b492dc...
2026-05-02 17:01:21 | 9s |   [DL] ⚠️  HTTP 403: https://p3-sign.douyinpic.com/tos-cn-i-p14lwwcsbr/7d0f8f99d5c44513908b7a5b2d557e...
2026-05-02 17:01:21 | 9s |   [DL] ⚠️  HTTP 403: https://p9-sign.douyinpic.com/obj/tos-cn-o-0812/okAuAfyyBAD0iA5Zadi8vNEj7BBIigGQ...
2026-05-02 17:01:21 | 9s |   [DL] ❌ 下载失败，最后尝试的 URL: https://p9-sign.douyinpic.com/obj/tos-cn-o-0812/okAuAfyyBAD0iA5Zadi8vNEj7BBIigGQyVYEkA?lk3s=7b078dd2&x-expires=1776960000&x-signature=PGcNQ%2BFbEbGoPQbhPvr5GppjCr0%3D&from=2064092626&s=sticker_comment&se=false&sc=sticker_heif&biz_tag=aweme_comment&l=202604231846140F73B10722ECAAC2EAB9
2026-05-02 17:01:21 | 9s |   [FAIL] 下载失败 | https://p9-sign.douyinpic.com/obj/tos-cn-o-0812/okAuAfyyBAD0iA5Zadi8vNEj7BBIigGQyVYEkA?lk3s=7b078dd2 | 原因=所有CDN均失败
2026-05-02 17:01:21 | 9s |   [FAIL] 下载失败 | replies.id=21178 api_type=reply_sticker | 表=replies | aweme=7631634541144461489 | 字段=sticker | 原因=下载失败
2026-05-02 17:01:22 | 10s |   [DL] ⚠️  HTTP 403: https://p11-sign.douyinpic.com/tos-cn-i-p14lwwcsbr/bc36404816f742898fc2cf38d7f5c...
2026-05-02 17:01:22 | 10s |   [DL] ❌ 下载失败，最后尝试的 URL: https://p11-sign.douyinpic.com/tos-cn-i-p14lwwcsbr/bc36404816f742898fc2cf38d7f5c462~tplv-p14lwwcsbr-7.jpeg?lk3s=7b078dd2&x-expires=1776938400&x-signature=vgKcV%2BzRey8pbMszek8tkXBnlo8%3D&from=2064092626&se=false&sc=image&biz_tag=aweme_comment&l=202604221708573EE0ADBE4AB6B4587B89
2026-05-02 17:01:22 | 10s |   [FAIL] 下载失败 | https://p11-sign.douyinpic.com/tos-cn-i-p14lwwcsbr/bc36404816f742898fc2cf38d7f5c462~tplv-p14lwwcsbr- | 原因=所有CDN均失败
2026-05-02 17:01:22 | 10s |   [FAIL] 下载失败 | comments.id=80515 api_type=comment_image | 表=comments | aweme=7553617629527002425 | 字段=image_list | 原因=下载失败
2026-05-02 17:01:22 | 10s |   [DL] ⚠️  HTTP 403: https://p26-sign.douyinpic.com/tos-cn-i-p14lwwcsbr/8f96956ea2964ea894bc28d894935...
2026-05-02 17:01:22 | 10s |   [DL] ⚠️  HTTP 403: https://p26-sign.douyinpic.com/tos-cn-i-p14lwwcsbr/7d0f8f99d5c44513908b7a5b2d557...
2026-05-02 17:01:22 | 10s |   [DL] ⚠️  HTTP 403: https://p26-sign.douyinpic.com/tos-cn-i-p14lwwcsbr/76d17b1c6935419b88c5ecf2b492d...
2026-05-02 17:01:22 | 10s |   [DL] ⚠️  HTTP 403: https://p26-sign.douyinpic.com/tos-cn-i-p14lwwcsbr/bd6e2809edac430686f01de210250...
2026-05-02 17:01:22 | 10s |   [DL] ⚠️  HTTP 403: https://p3-sign.douyinpic.com/tos-cn-i-p14lwwcsbr/8f96956ea2964ea894bc28d894935a...
2026-05-02 17:01:22 | 10s |   [DL] ⚠️  HTTP 403: https://p3-sign.douyinpic.com/tos-cn-i-p14lwwcsbr/bd6e2809edac430686f01de210250c...
2026-05-02 17:01:22 | 10s |   [DL] ⚠️  HTTP 403: https://p5-ex-gddgtc-sign.douyinpic.com/tos-cn-i-p14lwwcsbr/6335d8a759b940869960...
2026-05-02 17:01:22 | 10s |   [DL] ❌ 下载失败，最后尝试的 URL: https://p5-ex-gddgtc-sign.douyinpic.com/tos-cn-i-p14lwwcsbr/6335d8a759b9408699609a200a077fa6~tplv-p14lwwcsbr-7.jpeg?lk3s=7b078dd2&x-expires=1776931200&x-signature=ojKaPoY6GoDuszXs9VVenJwfaVo%3D&from=2064092626&se=false&sc=image&biz_tag=aweme_comment&l=20260422154606FF992CDA2BC9154ED157
2026-05-02 17:01:22 | 10s |   [FAIL] 下载失败 | https://p5-ex-gddgtc-sign.douyinpic.com/tos-cn-i-p14lwwcsbr/6335d8a759b9408699609a200a077fa6~tplv-p1 | 原因=所有CDN均失败
2026-05-02 17:01:22 | 10s |   [FAIL] 下载失败 | comments.id=36409 api_type=comment_image | 表=comments | aweme=7429276471669083451 | 字段=image_list | 原因=下载失败
2026-05-02 17:01:22 | 10s |   [DL] ⚠️  HTTP 403: https://p9-sign.douyinpic.com/tos-cn-i-p14lwwcsbr/8f96956ea2964ea894bc28d894935a...
2026-05-02 17:01:23 | 10s |   [DL] ⚠️  HTTP 403: https://p11-sign.douyinpic.com/tos-cn-i-p14lwwcsbr/76d17b1c6935419b88c5ecf2b492d...
2026-05-02 17:01:23 | 11s |   [DL] ⚠️  HTTP 403: https://p11-sign.douyinpic.com/tos-cn-i-p14lwwcsbr/7d0f8f99d5c44513908b7a5b2d557...
2026-05-02 17:01:23 | 11s |   [DL] ⚠️  HTTP 403: https://p3-sign.douyinpic.com/tos-cn-i-p14lwwcsbr/76d17b1c6935419b88c5ecf2b492dc...
2026-05-02 17:01:23 | 11s |   [DL] ❌ 下载失败，最后尝试的 URL: https://p3-sign.douyinpic.com/tos-cn-i-p14lwwcsbr/76d17b1c6935419b88c5ecf2b492dc71~tplv-p14lwwcsbr-7.jpeg?lk3s=7b078dd2&x-expires=1776931200&x-signature=NWZGJ6ZKNFu0oyaJ6zURxW6uW0Y%3D&from=2064092626&se=false&sc=image&biz_tag=aweme_comment&l=2026042215463186EC7CAE905A3B6CC9BC
2026-05-02 17:01:23 | 11s |   [FAIL] 下载失败 | https://p3-sign.douyinpic.com/tos-cn-i-p14lwwcsbr/76d17b1c6935419b88c5ecf2b492dc71~tplv-p14lwwcsbr-7 | 原因=所有CDN均失败
2026-05-02 17:01:23 | 11s |   [FAIL] 下载失败 | comments.id=36794 api_type=comment_image | 表=comments | aweme=7429276471669083451 | 字段=image_list | 原因=下载失败
2026-05-02 17:01:23 | 11s |   [DL] ⚠️  HTTP 403: https://p3-sign.douyinpic.com/tos-cn-i-p14lwwcsbr/7d0f8f99d5c44513908b7a5b2d557e...
2026-05-02 17:01:23 | 11s |   [DL] ❌ 下载失败，最后尝试的 URL: https://p3-sign.douyinpic.com/tos-cn-i-p14lwwcsbr/7d0f8f99d5c44513908b7a5b2d557e48~tplv-p14lwwcsbr-7.jpeg?lk3s=7b078dd2&x-expires=1776931200&x-signature=nJCGl%2Fd0UzHFerI2zDDTScEbZmY%3D&from=2064092626&se=false&sc=image&biz_tag=aweme_comment&l=2026042215462601C85A22D2C0AB70A1E0
2026-05-02 17:01:23 | 11s |   [FAIL] 下载失败 | https://p3-sign.douyinpic.com/tos-cn-i-p14lwwcsbr/7d0f8f99d5c44513908b7a5b2d557e48~tplv-p14lwwcsbr-7 | 原因=所有CDN均失败
2026-05-02 17:01:23 | 11s |   [FAIL] 下载失败 | comments.id=36727 api_type=comment_image | 表=comments | aweme=7429276471669083451 | 字段=image_list | 原因=下载失败
2026-05-02 17:01:23 | 11s |   [DL] ⚠️  HTTP 403: https://p5-ex-gddgtc-sign.douyinpic.com/tos-cn-i-p14lwwcsbr/bd6e2809edac430686f0...
2026-05-02 17:01:23 | 11s |   [DL] ⚠️  HTTP 403: https://p26-sign.douyinpic.com/tos-cn-i-p14lwwcsbr/8f96956ea2964ea894bc28d894935...
2026-05-02 17:01:23 | 11s |   [DL] ❌ 下载失败，最后尝试的 URL: https://p26-sign.douyinpic.com/tos-cn-i-p14lwwcsbr/8f96956ea2964ea894bc28d894935a50~tplv-p14lwwcsbr-7.jpeg?lk3s=7b078dd2&x-expires=1776931200&x-signature=k9bSdL2DuJc0EwzX%2Bn6AjmDTlv4%3D&from=2064092626&se=false&sc=image&biz_tag=aweme_comment&l=202604221546161B986F7DDF34FD52C340
2026-05-02 17:01:23 | 11s |   [FAIL] 下载失败 | https://p26-sign.douyinpic.com/tos-cn-i-p14lwwcsbr/8f96956ea2964ea894bc28d894935a50~tplv-p14lwwcsbr- | 原因=所有CDN均失败
2026-05-02 17:01:23 | 11s |   [FAIL] 下载失败 | comments.id=36551 api_type=comment_image | 表=comments | aweme=7429276471669083451 | 字段=image_list | 原因=下载失败
2026-05-02 17:01:23 | 11s |   [DL] ⚠️  HTTP 403: https://p26-sign.douyinpic.com/tos-cn-i-p14lwwcsbr/9846ba16f0834a37b2ac21d7a5bd5...
2026-05-02 17:01:23 | 11s |   [DL] ⚠️  HTTP 403: https://p5-ex-gddgtc-sign.douyinpic.com/obj/douyin-user-image-file/8c8844d242627...
2026-05-02 17:01:23 | 11s |   [DL] ❌ 下载失败，最后尝试的 URL: https://p5-ex-gddgtc-sign.douyinpic.com/obj/douyin-user-image-file/8c8844d242627c599d1e61a6c3f3f7a3?lk3s=7b078dd2&x-expires=1776938400&x-signature=3mPhXzM1XGYjiux88h2FMYLDAV0%3D&from=2064092626&s=sticker_comment&se=false&sc=sticker_heif&biz_tag=aweme_comment&l=20260422172351E72952BBBF2BB254ED0C
2026-05-02 17:01:23 | 11s |   [FAIL] 下载失败 | https://p5-ex-gddgtc-sign.douyinpic.com/obj/douyin-user-image-file/8c8844d242627c599d1e61a6c3f3f7a3? | 原因=所有CDN均失败
2026-05-02 17:01:23 | 11s |   [FAIL] 下载失败 | comments.id=85194 api_type=comment_sticker | 表=comments | aweme=7560954743410675002 | 字段=sticker | 原因=下载失败
2026-05-02 17:01:23 | 11s |   [DL] ⚠️  HTTP 403: https://p26-sign.douyinpic.com/tos-cn-i-p14lwwcsbr/8021ec5dcc93470b9ff105110e288...
2026-05-02 17:01:23 | 11s |   [DL] ⚠️  HTTP 403: https://p3-sign.douyinpic.com/tos-cn-i-p14lwwcsbr/8021ec5dcc93470b9ff105110e288c...
2026-05-02 17:01:23 | 11s |   [DL] ⚠️  HTTP 403: https://p3-sign.douyinpic.com/tos-cn-i-p14lwwcsbr/67601bf2921a4e5f901ee2621d9ff8...
2026-05-02 17:01:23 | 11s |   [DL] ⚠️  HTTP 403: https://p26-sign.douyinpic.com/tos-cn-i-p14lwwcsbr/bd6e2809edac430686f01de210250...
2026-05-02 17:01:23 | 11s |   [DL] ❌ 下载失败，最后尝试的 URL: https://p26-sign.douyinpic.com/tos-cn-i-p14lwwcsbr/bd6e2809edac430686f01de210250cd4~tplv-p14lwwcsbr-7.jpeg?lk3s=7b078dd2&x-expires=1776934800&x-signature=p%2Bv%2Bj6Fggg8zWPl3wQ3A17jcSSY%3D&from=2064092626&se=false&sc=image&biz_tag=aweme_comment&l=20260422160926C47854014D9E4955E272
2026-05-02 17:01:23 | 11s |   [FAIL] 下载失败 | https://p26-sign.douyinpic.com/tos-cn-i-p14lwwcsbr/bd6e2809edac430686f01de210250cd4~tplv-p14lwwcsbr- | 原因=所有CDN均失败
2026-05-02 17:01:23 | 11s |   [FAIL] 下载失败 | comments.id=55094 api_type=comment_image | 表=comments | aweme=7476411176209976636 | 字段=image_list | 原因=下载失败
2026-05-02 17:01:24 | 12s |   [DL] ⚠️  HTTP 403: https://p26-sign.douyinpic.com/tos-cn-i-p14lwwcsbr/0d5d3ed3121b4e29804f895678941...
2026-05-02 17:01:24 | 12s |   [DL] ⚠️  HTTP 403: https://p11-sign.douyinpic.com/tos-cn-i-p14lwwcsbr/9846ba16f0834a37b2ac21d7a5bd5...
2026-05-02 17:01:24 | 12s |   [DL] ⚠️  HTTP 403: https://p3-sign.douyinpic.com/tos-cn-i-p14lwwcsbr/0d5d3ed3121b4e29804f895678941a...
2026-05-02 17:01:24 | 12s |   [DL] ⚠️  HTTP 403: https://p5-ex-gddgtc-sign.douyinpic.com/tos-cn-i-p14lwwcsbr/8021ec5dcc93470b9ff1...
2026-05-02 17:01:24 | 12s |   [DL] ⚠️  HTTP 403: https://p5-ex-gddgtc-sign.douyinpic.com/tos-cn-i-p14lwwcsbr/67601bf2921a4e5f901e...
2026-05-02 17:01:24 | 12s |   [DL] ⚠️  HTTP 403: https://p5-ex-gddgtc-sign.douyinpic.com/tos-cn-i-p14lwwcsbr/b8184383051645ab9887...
2026-05-02 17:01:24 | 12s |   [DL] ⚠️  HTTP 403: https://p5-ex-gddgtc-sign.douyinpic.com/tos-cn-i-p14lwwcsbr/9846ba16f0834a37b2ac...
2026-05-02 17:01:25 | 12s |   [DL] ⚠️  HTTP 403: https://p11-sign.douyinpic.com/tos-cn-i-p14lwwcsbr/0d5d3ed3121b4e29804f895678941...
2026-05-02 17:01:25 | 13s |   [DL] ⚠️  HTTP 403: https://p26-sign.douyinpic.com/tos-cn-i-p14lwwcsbr/8021ec5dcc93470b9ff105110e288...
2026-05-02 17:01:25 | 13s |   [DL] ❌ 下载失败，最后尝试的 URL: https://p26-sign.douyinpic.com/tos-cn-i-p14lwwcsbr/8021ec5dcc93470b9ff105110e288cd7~tplv-p14lwwcsbr-7.jpeg?lk3s=7b078dd2&x-expires=1776952800&x-signature=D0%2F%2FSdYFxQfL5G1DpuWnnoFVNZI%3D&from=2064092626&se=false&sc=image&biz_tag=aweme_comment&l=20260422213043620A31DAC0379774BAE8
2026-05-02 17:01:25 | 13s |   [FAIL] 下载失败 | https://p26-sign.douyinpic.com/tos-cn-i-p14lwwcsbr/8021ec5dcc93470b9ff105110e288cd7~tplv-p14lwwcsbr- | 原因=所有CDN均失败
2026-05-02 17:01:25 | 13s |   [FAIL] 下载失败 | replies.id=18126 api_type=reply_image | 表=replies | aweme=7560954743410675002 | 字段=image_list | 原因=下载失败
2026-05-02 17:01:25 | 13s |   [DL] ⚠️  HTTP 403: https://p26-sign.douyinpic.com/tos-cn-i-p14lwwcsbr/67601bf2921a4e5f901ee2621d9ff...
2026-05-02 17:01:25 | 13s |   [DL] ⚠️  HTTP 403: https://p11-sign.douyinpic.com/tos-cn-i-p14lwwcsbr/b8184383051645ab988770045be98...
2026-05-02 17:01:25 | 13s |   [DL] ⚠️  HTTP 403: https://p26-sign.douyinpic.com/tos-cn-i-p14lwwcsbr/9846ba16f0834a37b2ac21d7a5bd5...
2026-05-02 17:01:25 | 13s |   [DL] ❌ 下载失败，最后尝试的 URL: https://p26-sign.douyinpic.com/tos-cn-i-p14lwwcsbr/9846ba16f0834a37b2ac21d7a5bd5bbe~tplv-p14lwwcsbr-7.jpeg?lk3s=7b078dd2&x-expires=1776931200&x-signature=9FOZ8F0VAzF8fv5Wm7hYWqoeMPk%3D&from=2064092626&se=false&sc=image&biz_tag=aweme_comment&l=202604221546284D4EEE93EAA53277EEBF
2026-05-02 17:01:25 | 13s |   [FAIL] 下载失败 | https://p26-sign.douyinpic.com/tos-cn-i-p14lwwcsbr/9846ba16f0834a37b2ac21d7a5bd5bbe~tplv-p14lwwcsbr- | 原因=所有CDN均失败
2026-05-02 17:01:25 | 13s |   [FAIL] 下载失败 | comments.id=36762 api_type=comment_image | 表=comments | aweme=7429276471669083451 | 字段=image_list | 原因=下载失败
2026-05-02 17:01:25 | 13s |   [DL] ⚠️  HTTP 403: https://p3-sign.douyinpic.com/tos-cn-i-p14lwwcsbr/67601bf2921a4e5f901ee2621d9ff8...
2026-05-02 17:01:25 | 13s |   [DL] ❌ 下载失败，最后尝试的 URL: https://p3-sign.douyinpic.com/tos-cn-i-p14lwwcsbr/67601bf2921a4e5f901ee2621d9ff8c6~tplv-p14lwwcsbr-7.jpeg?lk3s=7b078dd2&x-expires=1776938400&x-signature=iOzpex7J08dvNvu%2Fy%2FgBtTkTraI%3D&from=2064092626&se=false&sc=image&biz_tag=aweme_comment&l=20260422171350B2A2F41B1F4801575F84
2026-05-02 17:01:25 | 13s |   [FAIL] 下载失败 | https://p3-sign.douyinpic.com/tos-cn-i-p14lwwcsbr/67601bf2921a4e5f901ee2621d9ff8c6~tplv-p14lwwcsbr-7 | 原因=所有CDN均失败
2026-05-02 17:01:25 | 13s |   [FAIL] 下载失败 | comments.id=82002 api_type=comment_image | 表=comments | aweme=7555833842822843706 | 字段=image_list | 原因=下载失败
2026-05-02 17:01:25 | 13s |   [DL] ⚠️  HTTP 403: https://p3-sign.douyinpic.com/tos-cn-i-p14lwwcsbr/b8184383051645ab988770045be98b...
2026-05-02 17:01:25 | 13s |   [DL] ⚠️  HTTP 403: https://p26-sign.douyinpic.com/tos-cn-i-p14lwwcsbr/0d5d3ed3121b4e29804f895678941...
2026-05-02 17:01:25 | 13s |   [DL] ❌ 下载失败，最后尝试的 URL: https://p26-sign.douyinpic.com/tos-cn-i-p14lwwcsbr/0d5d3ed3121b4e29804f895678941aff~tplv-p14lwwcsbr-7.jpeg?lk3s=7b078dd2&x-expires=1776931200&x-signature=cCsasWQRTAbHrz7%2BkJyvo9HZluA%3D&from=2064092626&se=false&sc=image&biz_tag=aweme_comment&l=202604221546171B986F7DDF34FD52C394
2026-05-02 17:01:25 | 13s |   [FAIL] 下载失败 | https://p26-sign.douyinpic.com/tos-cn-i-p14lwwcsbr/0d5d3ed3121b4e29804f895678941aff~tplv-p14lwwcsbr- | 原因=所有CDN均失败
2026-05-02 17:01:25 | 13s |   [FAIL] 下载失败 | comments.id=36584 api_type=comment_image | 表=comments | aweme=7429276471669083451 | 字段=image_list | 原因=下载失败
2026-05-02 17:01:25 | 13s |   [DL] ⚠️  HTTP 403: https://p26-sign.douyinpic.com/tos-cn-i-p14lwwcsbr/ea66b537702f42f2bcd2873867dfb...
2026-05-02 17:01:26 | 13s |   [DL] ⚠️  HTTP 403: https://p11-sign.douyinpic.com/tos-cn-i-p14lwwcsbr/a9b36ab7a89545b083a1dca53ebf1...
2026-05-02 17:01:26 | 14s |   [DL] ⚠️  HTTP 403: https://p5-ex-gddgtc-sign.douyinpic.com/tos-cn-i-p14lwwcsbr/b8184383051645ab9887...
2026-05-02 17:01:26 | 14s |   [DL] ❌ 下载失败，最后尝试的 URL: https://p5-ex-gddgtc-sign.douyinpic.com/tos-cn-i-p14lwwcsbr/b8184383051645ab988770045be98b8f~tplv-p14lwwcsbr-7.jpeg?lk3s=7b078dd2&x-expires=1776931200&x-signature=LvTdYr%2B7YeH4zmRjqwAd3zTHL%2FE%3D&from=2064092626&se=false&sc=image&biz_tag=aweme_comment&l=20260422154559010F5AA21A57D24DBB54
2026-05-02 17:01:26 | 14s |   [FAIL] 下载失败 | https://p5-ex-gddgtc-sign.douyinpic.com/tos-cn-i-p14lwwcsbr/b8184383051645ab988770045be98b8f~tplv-p1 | 原因=所有CDN均失败
2026-05-02 17:01:26 | 14s |   [FAIL] 下载失败 | comments.id=36324 api_type=comment_image | 表=comments | aweme=7429276471669083451 | 字段=image_list | 原因=下载失败
2026-05-02 17:01:26 | 14s |   [DL] ⚠️  HTTP 403: https://p3-sign.douyinpic.com/tos-cn-i-p14lwwcsbr/ea66b537702f42f2bcd2873867dfb5...
2026-05-02 17:01:26 | 14s |   [DL] ⚠️  HTTP 403: https://p3-sign.douyinpic.com/tos-cn-i-p14lwwcsbr/a9b36ab7a89545b083a1dca53ebf1d...
2026-05-02 17:01:27 | 15s |   [UPLOAD] ↑ MS4wLjABAAAA2FYVN1jBWaTVasx7wXcsK0rCPfSYixt5-J1pUegQIbA/avatars/191aafca040185d38b3c8d06e908d7a0.jpeg
2026-05-02 17:01:27 | 15s |   [DB] 📝 待更新: 1 行
2026-05-02 17:01:27 | 15s |   [DB] ✅ commit 成功: 1 行已写入
2026-05-02 17:01:27 | 15s |   [DL] ⚠️  HTTP 403: https://p26-sign.douyinpic.com/tos-cn-i-p14lwwcsbr/a9b36ab7a89545b083a1dca53ebf1...
2026-05-02 17:01:28 | 16s |   [DL] ⚠️  HTTP 403: https://p5-ex-gddgtc-sign.douyinpic.com/tos-cn-i-p14lwwcsbr/ea66b537702f42f2bcd2...
2026-05-02 17:01:28 | 16s |   [DL] ⚠️  HTTP 403: https://p11-sign.douyinpic.com/tos-cn-i-p14lwwcsbr/a9b36ab7a89545b083a1dca53ebf1...
2026-05-02 17:01:28 | 16s |   [DL] ❌ 下载失败，最后尝试的 URL: https://p11-sign.douyinpic.com/tos-cn-i-p14lwwcsbr/a9b36ab7a89545b083a1dca53ebf1dba~tplv-p14lwwcsbr-7.jpeg?lk3s=7b078dd2&x-expires=1776931200&x-signature=CGz%2BNOYYFuf16QJs0mc4EvA2hT0%3D&from=2064092626&se=false&sc=image&biz_tag=aweme_comment&l=202604221546019671705BAEB2D651D52C
2026-05-02 17:01:28 | 16s |   [FAIL] 下载失败 | https://p11-sign.douyinpic.com/tos-cn-i-p14lwwcsbr/a9b36ab7a89545b083a1dca53ebf1dba~tplv-p14lwwcsbr- | 原因=所有CDN均失败
2026-05-02 17:01:28 | 16s |   [FAIL] 下载失败 | comments.id=36340 api_type=comment_image | 表=comments | aweme=7429276471669083451 | 字段=image_list | 原因=下载失败
2026-05-02 17:01:28 | 16s |   [DL] ⚠️  HTTP 403: https://p26-sign.douyinpic.com/tos-cn-i-p14lwwcsbr/ea66b537702f42f2bcd2873867dfb...
2026-05-02 17:01:28 | 16s |   [DL] ❌ 下载失败，最后尝试的 URL: https://p26-sign.douyinpic.com/tos-cn-i-p14lwwcsbr/ea66b537702f42f2bcd2873867dfb523~tplv-p14lwwcsbr-7.jpeg?lk3s=7b078dd2&x-expires=1776931200&x-signature=FyYbnDNu2ohz2OwFj5FGH4mTB3c%3D&from=2064092626&se=false&sc=image&biz_tag=aweme_comment&l=20260422154606FF992CDA2BC9154ED157
2026-05-02 17:01:28 | 16s |   [FAIL] 下载失败 | https://p26-sign.douyinpic.com/tos-cn-i-p14lwwcsbr/ea66b537702f42f2bcd2873867dfb523~tplv-p14lwwcsbr- | 原因=所有CDN均失败
2026-05-02 17:01:28 | 16s |   [FAIL] 下载失败 | comments.id=36412 api_type=comment_image | 表=comments | aweme=7429276471669083451 | 字段=image_list | 原因=下载失败
2026-05-02 17:01:29 | 17s |   [DL] ⚠️  HTTP 403: https://p5-ex-gddgtc-sign.douyinpic.com/obj/tos-cn-i-3jr8j4ixpe/1c75ea069aee4991...
2026-05-02 17:01:29 | 17s |   [DL] ❌ 下载失败，最后尝试的 URL: https://p5-ex-gddgtc-sign.douyinpic.com/obj/tos-cn-i-3jr8j4ixpe/1c75ea069aee4991b7a84e8eb3593232?lk3s=7b078dd2&x-expires=1776934800&x-signature=jJh%2BqUU6hYk5lqIhyXJkUKOgGsU%3D&from=2064092626&s=sticker_comment&se=false&sc=sticker_heif&biz_tag=aweme_comment&l=2026042216210053F020E8E7C2CB5B3884
2026-05-02 17:01:29 | 17s |   [FAIL] 下载失败 | https://p5-ex-gddgtc-sign.douyinpic.com/obj/tos-cn-i-3jr8j4ixpe/1c75ea069aee4991b7a84e8eb3593232?lk3 | 原因=所有CDN均失败
2026-05-02 17:01:29 | 17s |   [FAIL] 下载失败 | comments.id=64278 api_type=comment_sticker | 表=comments | aweme=7503090764761009465 | 字段=sticker | 原因=下载失败
2026-05-02 17:01:29 | 17s |   [BATCH] ✅ 批次完成，已提交 34/34 个 URL，耗时 16.2s
2026-05-02 17:01:29 | 17s | 
  [OK] 作者完成: 上传 1，更新 1 行，HEIC 转换 0，失败 33
2026-05-02 17:01:29 | 17s | 
──────────────────────────────────────────────────────────────────────
2026-05-02 17:01:29 | 17s |   [SCAN] 📁 作者: MS4wLjABAAAAWKIRK91nF8hLjuza0KVRL50-lcfN...
2026-05-02 17:01:29 | 17s |   [SCAN] 📄 数据库: /home/runner/work/DouyinComment/DouyinComment/scripts/../data/MS4wLjABAAAAWKIRK91nF8hLjuza0KVRL50-lcfNlEPHocsF9hNYzCUag7n4BgIHQaERsfq_NiHR/sqlite.db
2026-05-02 17:01:29 | 17s | ──────────────────────────────────────────────────────────────────────
2026-05-02 17:01:29 | 17s |   [SCAN] 总 task 数: 5
2026-05-02 17:01:29 | 17s |     comment_avatar: 4
2026-05-02 17:01:29 | 17s |     comment_sticker: 1
2026-05-02 17:01:29 | 17s |   [SCAN] 唯一分组: 5，去重节省: 0 次下载
2026-05-02 17:01:29 | 17s |   [BATCH] aweme_id 数: 1，分 1 批处理
2026-05-02 17:01:29 | 17s | 
  [BATCH] 📦 批次 1/1: 1 个 aweme_id, 5 个 URL
2026-05-02 17:01:29 | 17s |   [BATCH] direct 模式: 直接使用原始 URL 5 个
2026-05-02 17:01:32 | 20s |   [UPLOAD] ↑ MS4wLjABAAAAWKIRK91nF8hLjuza0KVRL50-lcfNlEPHocsF9hNYzCUag7n4BgIHQaERsfq_NiHR/stickers/af36ea278606778ea57d014960b30362.webp
2026-05-02 17:01:32 | 20s |   [UPLOAD] ↑ MS4wLjABAAAAWKIRK91nF8hLjuza0KVRL50-lcfNlEPHocsF9hNYzCUag7n4BgIHQaERsfq_NiHR/avatars/57c401c72c932188b85aca2fd2f5581b.jpeg
2026-05-02 17:01:32 | 20s |   [UPLOAD] ↑ MS4wLjABAAAAWKIRK91nF8hLjuza0KVRL50-lcfNlEPHocsF9hNYzCUag7n4BgIHQaERsfq_NiHR/avatars/9ce7675a481588d0323811ba1a4ab59a.jpeg
2026-05-02 17:01:32 | 20s |   [UPLOAD] ↑ MS4wLjABAAAAWKIRK91nF8hLjuza0KVRL50-lcfNlEPHocsF9hNYzCUag7n4BgIHQaERsfq_NiHR/avatars/5941d09e0304e18b92735db19b642cc3.jpeg
2026-05-02 17:01:32 | 20s |   [UPLOAD] ↑ MS4wLjABAAAAWKIRK91nF8hLjuza0KVRL50-lcfNlEPHocsF9hNYzCUag7n4BgIHQaERsfq_NiHR/avatars/10cd252c0c8c1989581f3f27567270a3.jpeg
2026-05-02 17:01:32 | 20s |   [DB] 📝 待更新: 5 行
2026-05-02 17:01:32 | 20s |   [DB] ✅ commit 成功: 5 行已写入
2026-05-02 17:01:32 | 20s |   [BATCH] ✅ 批次完成，已提交 5/5 个 URL，耗时 2.5s
2026-05-02 17:01:32 | 20s | 
  [OK] 作者完成: 上传 5，更新 5 行，HEIC 转换 0，失败 0
2026-05-02 17:01:32 | 20s | 
2026-05-02 17:01:32 | 20s | ======================================================================
2026-05-02 17:01:32 | 20s |   全部完成
2026-05-02 17:01:32 | 20s | ======================================================================
2026-05-02 17:01:32 | 20s |   作者数:        2
2026-05-02 17:01:32 | 20s |   总 task:       39
2026-05-02 17:01:32 | 20s |   上传成功:      6
2026-05-02 17:01:32 | 20s |   更新行数:      6
2026-05-02 17:01:32 | 20s |   HEIC 转换:     0
2026-05-02 17:01:32 | 20s |   失败:          33
2026-05-02 17:01:32 | 20s |   总耗时:        20s (20s)
2026-05-02 17:01:32 | 20s | ======================================================================
2026-05-02 17:01:32 | 20s | 
──────────────────────────────────────────────────────────────────────
2026-05-02 17:01:32 | 20s |   失败汇总 (共 66 项)
2026-05-02 17:01:32 | 20s | ──────────────────────────────────────────────────────────────────────
2026-05-02 17:01:32 | 20s |     下载失败: 66
2026-05-02 17:01:32 | 20s |     • 下载失败 | https://p26-sign.douyinpic.com/tos-cn-i-p14lwwcsbr/db2be0be6e744497a170652626ddba98~tplv-p14lwwcsbr- | 所有CDN均失败
2026-05-02 17:01:32 | 20s |     • 下载失败 | comments.id=36345 api_type=comment_image | 下载失败
2026-05-02 17:01:32 | 20s |     • 下载失败 | https://p26-sign.douyinpic.com/tos-cn-i-p14lwwcsbr/9877c56cf66d42e5b0819f88d4e3e2a4~tplv-p14lwwcsbr- | 所有CDN均失败
2026-05-02 17:01:32 | 20s |     • 下载失败 | comments.id=36639 api_type=comment_image | 下载失败
2026-05-02 17:01:32 | 20s |     • 下载失败 | https://p3-sign.douyinpic.com/tos-cn-i-p14lwwcsbr/6ce05fd7cbe84206b0f6b3a723681163~tplv-p14lwwcsbr-7 | 所有CDN均失败
2026-05-02 17:01:32 | 20s |     • 下载失败 | comments.id=36773 api_type=comment_image | 下载失败
2026-05-02 17:01:32 | 20s |     • 下载失败 | https://p26-sign.douyinpic.com/obj/tos-cn-o-0812/o0cguteHAroyvOClx6QCAktcgDQdIAelAHA8bn?lk3s=7b078dd | 所有CDN均失败
2026-05-02 17:01:32 | 20s |     • 下载失败 | comments.id=46997 api_type=comment_sticker | 下载失败
2026-05-02 17:01:32 | 20s |     • 下载失败 | https://p5-ex-gddgtc-sign.douyinpic.com/tos-cn-i-p14lwwcsbr/764f718f1d8c4eaf996540df502400d2~tplv-p1 | 所有CDN均失败
2026-05-02 17:01:32 | 20s |     • 下载失败 | comments.id=68123 api_type=comment_image | 下载失败
2026-05-02 17:01:32 | 20s |     • 下载失败 | https://p3-sign.douyinpic.com/obj/tos-cn-o-0812/ocInQAAAxKmkAjDnXFEMf0hzyWry0EAgCA52Ce?lk3s=7b078dd2 | 所有CDN均失败
2026-05-02 17:01:32 | 20s |     • 下载失败 | comments.id=68125 api_type=comment_sticker | 下载失败
2026-05-02 17:01:32 | 20s |     • 下载失败 | https://p5-ex-gddgtc-sign.douyinpic.com/tos-cn-i-p14lwwcsbr/9a9de80a671a41f38a0b3137fac93956~tplv-p1 | 所有CDN均失败
2026-05-02 17:01:32 | 20s |     • 下载失败 | comments.id=36431 api_type=comment_image | 下载失败
2026-05-02 17:01:32 | 20s |     • 下载失败 | https://p3-sign.douyinpic.com/tos-cn-i-p14lwwcsbr/15be79eb681d44508d6f58f606a940d9~tplv-p14lwwcsbr-7 | 所有CDN均失败
2026-05-02 17:01:32 | 20s |     • 下载失败 | comments.id=36731 api_type=comment_image | 下载失败
2026-05-02 17:01:32 | 20s |     • 下载失败 | https://p26-sign.douyinpic.com/tos-cn-i-p14lwwcsbr/95d264037aea4bf996a8a396981767ad~tplv-p14lwwcsbr- | 所有CDN均失败
2026-05-02 17:01:32 | 20s |     • 下载失败 | comments.id=36654 api_type=comment_image | 下载失败
2026-05-02 17:01:32 | 20s |     • 下载失败 | https://p11-sign.douyinpic.com/tos-cn-i-p14lwwcsbr/f591dc88259d4b65aab7531b0f9ac959~tplv-p14lwwcsbr- | 所有CDN均失败
2026-05-02 17:01:32 | 20s |     • 下载失败 | comments.id=80540 api_type=comment_image | 下载失败
2026-05-02 17:01:32 | 20s |     • 下载失败 | https://p5-ex-gddgtc-sign.douyinpic.com/tos-cn-i-p14lwwcsbr/52a9bd3b50254df6a399029fa6571887~tplv-p1 | 所有CDN均失败
2026-05-02 17:01:32 | 20s |     • 下载失败 | comments.id=36600 api_type=comment_image | 下载失败
2026-05-02 17:01:32 | 20s |     • 下载失败 | https://p5-ex-gddgtc-sign.douyinpic.com/obj/tos-cn-o-0812/osMbEYFxAgCM8ORMAADAIjDlxCpgaCAyAGEff0?lk3 | 所有CDN均失败
2026-05-02 17:01:32 | 20s |     • 下载失败 | comments.id=90723 api_type=comment_sticker | 下载失败
2026-05-02 17:01:32 | 20s |     • 下载失败 | https://p3-sign.douyinpic.com/tos-cn-i-p14lwwcsbr/aad72a93db3d490981573dc450d975af~tplv-p14lwwcsbr-7 | 所有CDN均失败
2026-05-02 17:01:32 | 20s |     • 下载失败 | comments.id=36643 api_type=comment_image | 下载失败
2026-05-02 17:01:32 | 20s |     • 下载失败 | https://p3-sign.douyinpic.com/tos-cn-i-p14lwwcsbr/e2a2935810aa4b8b87c5d164afb7945e~tplv-p14lwwcsbr-7 | 所有CDN均失败
2026-05-02 17:01:32 | 20s |     • 下载失败 | comments.id=85119 api_type=comment_image | 下载失败
2026-05-02 17:01:32 | 20s |     • 下载失败 | https://p5-ex-gddgtc-sign.douyinpic.com/tos-cn-i-p14lwwcsbr/7bd147a2fe104c33b7beacb33aeb81a0~tplv-p1 | 所有CDN均失败
2026-05-02 17:01:32 | 20s |     • 下载失败 | comments.id=36457 api_type=comment_image | 下载失败
2026-05-02 17:01:32 | 20s |     • 下载失败 | https://p5-ex-gddgtc-sign.douyinpic.com/tos-cn-i-p14lwwcsbr/126a54c0b64d433ab391dd2be1d1f8b6~tplv-p1 | 所有CDN均失败
2026-05-02 17:01:32 | 20s |     • 下载失败 | comments.id=36445 api_type=comment_image | 下载失败
2026-05-02 17:01:32 | 20s |     • 下载失败 | https://p26-sign.douyinpic.com/tos-cn-i-p14lwwcsbr/6b0da7766c894e0abebf6ad4a7fd9f53~tplv-p14lwwcsbr- | 所有CDN均失败
2026-05-02 17:01:32 | 20s |     • 下载失败 | comments.id=36543 api_type=comment_image | 下载失败
2026-05-02 17:01:32 | 20s |     • 下载失败 | https://p9-sign.douyinpic.com/obj/tos-cn-o-0812/okAuAfyyBAD0iA5Zadi8vNEj7BBIigGQyVYEkA?lk3s=7b078dd2 | 所有CDN均失败
2026-05-02 17:01:32 | 20s |     • 下载失败 | replies.id=21178 api_type=reply_sticker | 下载失败
2026-05-02 17:01:32 | 20s |     • 下载失败 | https://p11-sign.douyinpic.com/tos-cn-i-p14lwwcsbr/bc36404816f742898fc2cf38d7f5c462~tplv-p14lwwcsbr- | 所有CDN均失败
2026-05-02 17:01:32 | 20s |     • 下载失败 | comments.id=80515 api_type=comment_image | 下载失败
2026-05-02 17:01:32 | 20s |     • 下载失败 | https://p5-ex-gddgtc-sign.douyinpic.com/tos-cn-i-p14lwwcsbr/6335d8a759b9408699609a200a077fa6~tplv-p1 | 所有CDN均失败
2026-05-02 17:01:32 | 20s |     • 下载失败 | comments.id=36409 api_type=comment_image | 下载失败
2026-05-02 17:01:32 | 20s |     • 下载失败 | https://p3-sign.douyinpic.com/tos-cn-i-p14lwwcsbr/76d17b1c6935419b88c5ecf2b492dc71~tplv-p14lwwcsbr-7 | 所有CDN均失败
2026-05-02 17:01:32 | 20s |     • 下载失败 | comments.id=36794 api_type=comment_image | 下载失败
2026-05-02 17:01:32 | 20s |     • 下载失败 | https://p3-sign.douyinpic.com/tos-cn-i-p14lwwcsbr/7d0f8f99d5c44513908b7a5b2d557e48~tplv-p14lwwcsbr-7 | 所有CDN均失败
2026-05-02 17:01:32 | 20s |     • 下载失败 | comments.id=36727 api_type=comment_image | 下载失败
2026-05-02 17:01:32 | 20s |     • 下载失败 | https://p26-sign.douyinpic.com/tos-cn-i-p14lwwcsbr/8f96956ea2964ea894bc28d894935a50~tplv-p14lwwcsbr- | 所有CDN均失败
2026-05-02 17:01:32 | 20s |     • 下载失败 | comments.id=36551 api_type=comment_image | 下载失败
2026-05-02 17:01:32 | 20s |     • 下载失败 | https://p5-ex-gddgtc-sign.douyinpic.com/obj/douyin-user-image-file/8c8844d242627c599d1e61a6c3f3f7a3? | 所有CDN均失败
2026-05-02 17:01:32 | 20s |     • 下载失败 | comments.id=85194 api_type=comment_sticker | 下载失败
2026-05-02 17:01:32 | 20s |     • 下载失败 | https://p26-sign.douyinpic.com/tos-cn-i-p14lwwcsbr/bd6e2809edac430686f01de210250cd4~tplv-p14lwwcsbr- | 所有CDN均失败
2026-05-02 17:01:32 | 20s |     • 下载失败 | comments.id=55094 api_type=comment_image | 下载失败
2026-05-02 17:01:32 | 20s |     • 下载失败 | https://p26-sign.douyinpic.com/tos-cn-i-p14lwwcsbr/8021ec5dcc93470b9ff105110e288cd7~tplv-p14lwwcsbr- | 所有CDN均失败
2026-05-02 17:01:32 | 20s |     • 下载失败 | replies.id=18126 api_type=reply_image | 下载失败
2026-05-02 17:01:32 | 20s |     • 下载失败 | https://p26-sign.douyinpic.com/tos-cn-i-p14lwwcsbr/9846ba16f0834a37b2ac21d7a5bd5bbe~tplv-p14lwwcsbr- | 所有CDN均失败
2026-05-02 17:01:32 | 20s |     • 下载失败 | comments.id=36762 api_type=comment_image | 下载失败
2026-05-02 17:01:32 | 20s |     • 下载失败 | https://p3-sign.douyinpic.com/tos-cn-i-p14lwwcsbr/67601bf2921a4e5f901ee2621d9ff8c6~tplv-p14lwwcsbr-7 | 所有CDN均失败
2026-05-02 17:01:32 | 20s |     • 下载失败 | comments.id=82002 api_type=comment_image | 下载失败
2026-05-02 17:01:32 | 20s |     • 下载失败 | https://p26-sign.douyinpic.com/tos-cn-i-p14lwwcsbr/0d5d3ed3121b4e29804f895678941aff~tplv-p14lwwcsbr- | 所有CDN均失败
2026-05-02 17:01:32 | 20s |     • 下载失败 | comments.id=36584 api_type=comment_image | 下载失败
2026-05-02 17:01:32 | 20s |     • 下载失败 | https://p5-ex-gddgtc-sign.douyinpic.com/tos-cn-i-p14lwwcsbr/b8184383051645ab988770045be98b8f~tplv-p1 | 所有CDN均失败
2026-05-02 17:01:32 | 20s |     • 下载失败 | comments.id=36324 api_type=comment_image | 下载失败
2026-05-02 17:01:32 | 20s |     • 下载失败 | https://p11-sign.douyinpic.com/tos-cn-i-p14lwwcsbr/a9b36ab7a89545b083a1dca53ebf1dba~tplv-p14lwwcsbr- | 所有CDN均失败
2026-05-02 17:01:32 | 20s |     • 下载失败 | comments.id=36340 api_type=comment_image | 下载失败
2026-05-02 17:01:32 | 20s |     • 下载失败 | https://p26-sign.douyinpic.com/tos-cn-i-p14lwwcsbr/ea66b537702f42f2bcd2873867dfb523~tplv-p14lwwcsbr- | 所有CDN均失败
2026-05-02 17:01:32 | 20s |     • 下载失败 | comments.id=36412 api_type=comment_image | 下载失败
2026-05-02 17:01:32 | 20s |     • 下载失败 | https://p5-ex-gddgtc-sign.douyinpic.com/obj/tos-cn-i-3jr8j4ixpe/1c75ea069aee4991b7a84e8eb3593232?lk3 | 所有CDN均失败
2026-05-02 17:01:32 | 20s |     • 下载失败 | comments.id=64278 api_type=comment_sticker | 下载失败
2026-05-02 17:01:32 | 20s | ──────────────────────────────────────────────────────────────────────
