2026-04-30 17:37:19 | 0s | [INIT] 日志文件: /home/runner/work/DouyinComment/DouyinComment/scripts/../logs/migrate/migrate_20260430_173719.log
2026-04-30 17:37:19 | 0s | ======================================================================
2026-04-30 17:37:19 | 0s |   [INIT] 抖音资源 → HF Bucket 迁移（v3）
2026-04-30 17:37:19 | 0s |   [INIT] 数据目录:    /home/runner/work/DouyinComment/DouyinComment/scripts/../data
2026-04-30 17:37:19 | 0s |   [INIT] 日志目录:    /home/runner/work/DouyinComment/DouyinComment/scripts/../logs/migrate
2026-04-30 17:37:19 | 0s |   [INIT] 作者过滤:    all
2026-04-30 17:37:19 | 0s |   [INIT] 限制表:      全部
2026-04-30 17:37:19 | 0s |   [INIT] 限制字段:    全部
2026-04-30 17:37:19 | 0s |   [INIT] 最大任务数:  不限
2026-04-30 17:37:19 | 0s |   [INIT] 批次大小:    20
2026-04-30 17:37:19 | 0s |   [INIT] 并发数:      6
2026-04-30 17:37:19 | 0s |   [INIT] Dry-run:     否
2026-04-30 17:37:19 | 0s |   [INIT] Direct:      否
2026-04-30 17:37:19 | 0s | ======================================================================
2026-04-30 17:37:19 | 0s | 
  [SCAN] 已选择 2 个数据库:
2026-04-30 17:37:19 | 0s |   [SCAN] 📁 MS4wLjABAAAA2FYVN1jBWaTVasx7wXcsK0rCPfSY... (videos=399, comments=95326, replies=20956, 43.6 MB)
2026-04-30 17:37:19 | 0s |   [SCAN] 📁 MS4wLjABAAAAWKIRK91nF8hLjuza0KVRL50-lcfN... (videos=146, comments=7907, replies=1921, 3.9 MB)
2026-04-30 17:37:19 | 0s | 
--- HEIF 格式检测 ---
2026-04-30 17:37:19 | 0s | ✅ pillow-heif 已就绪
2026-04-30 17:37:19 | 0s | 
--- 验证 Cookie ---
2026-04-30 17:37:20 | 1s | ✅ Cookie 有效，用户: 万年
2026-04-30 17:37:20 | 1s | 
──────────────────────────────────────────────────────────────────────
2026-04-30 17:37:20 | 1s |   [SCAN] 📁 作者: MS4wLjABAAAA2FYVN1jBWaTVasx7wXcsK0rCPfSY...
2026-04-30 17:37:20 | 1s |   [SCAN] 📄 数据库: /home/runner/work/DouyinComment/DouyinComment/scripts/../data/MS4wLjABAAAA2FYVN1jBWaTVasx7wXcsK0rCPfSYixt5-J1pUegQIbA/sqlite.db
2026-04-30 17:37:20 | 1s | ──────────────────────────────────────────────────────────────────────
2026-04-30 17:37:21 | 1s |   [SCAN] 总 task 数: 37
2026-04-30 17:37:21 | 1s |     comment_image: 30
2026-04-30 17:37:21 | 1s |     comment_sticker: 5
2026-04-30 17:37:21 | 1s |     reply_image: 1
2026-04-30 17:37:21 | 1s |     reply_sticker: 1
2026-04-30 17:37:21 | 1s |   [SCAN] 唯一分组: 37，去重节省: 0 次下载
2026-04-30 17:37:21 | 1s |   [BATCH] aweme_id 数: 11，分 1 批处理
2026-04-30 17:37:21 | 1s | 
  [BATCH] 📦 批次 1/1: 11 个 aweme_id, 37 个 URL
2026-04-30 17:37:21 | 1s |   [API] 视频 aweme_id: 0, 评论 aweme_id: 10, 回复评论数: 2
2026-04-30 17:37:21 | 1s |   [API] 涉及作者数: 0
2026-04-30 17:37:21 | 1s |   [API] 数据库评论数: 95326, 回复数: 20956
2026-04-30 17:38:40 | 1m21s |   [API] [评论] aweme_id=7447440432881077563: API 返回 1064 条, 匹配 936, 不在DB中 128 (API样本: ['7447566850915058441', '7447441435214971706', '7447472415234163471', '7447484761729925897', '7447487563213964091'])
2026-04-30 17:39:37 | 2m18s |   [API] [评论] aweme_id=7509903583040228666: API 返回 526 条, 匹配 525, 不在DB中 1 (API样本: ['7509933460762313532', '7542307092234486555', '7510066065483285263', '7509905001955984167', '7510033925886493499'])
2026-04-30 17:40:30 | 3m10s |   [API] [评论] aweme_id=7553617629527002425: API 返回 1276 条, 匹配 1141, 不在DB中 135 (API样本: ['7585878136276271913', '7553629238181790516', '7554670731704730427', '7553707443861439258', '7553704362574840616'])
2026-04-30 17:41:45 | 4m26s |   [API] [评论] aweme_id=7555833842822843706: API 返回 1862 条, 匹配 1720, 不在DB中 142 (API样本: ['7555859958027043624', '7555841802823222076', '7556443225264636723', '7567029833223881530', '7566482406561235771'])
2026-04-30 17:42:00 | 4m40s |   [API] [评论] aweme_id=7560954743410675002: API 返回 360 条, 匹配 359, 不在DB中 1 (API样本: ['7560984482690581308', '7561011803393459002', '7560988045492388650', '7560962952188183355', '7560958627403514681'])
2026-04-30 17:42:15 | 4m55s |   [API] [回复] aweme_id=7560954743410675002 cid=7561015775118771004: API 返回 0 条回复
2026-04-30 17:42:15 | 4m56s |   [BATCH] 获取签名 URL: 7100 个
2026-04-30 17:42:15 | 4m56s |   [FAIL] 签名缺失 | comments.id=36324 api_type=comment_image | 表=comments | aweme=7429276471669083451 | 字段=image_list | 原因=cache_key=7429276471669083451:comment_image:7429744339184698112
2026-04-30 17:42:15 | 4m56s |   [FAIL] 签名缺失 | comments.id=90723 api_type=comment_sticker | 表=comments | aweme=7575874445581119665 | 字段=sticker | 原因=cache_key=7575874445581119665:comment_sticker:7605402697084551973
2026-04-30 17:42:15 | 4m56s |   [FAIL] 签名缺失 | comments.id=36762 api_type=comment_image | 表=comments | aweme=7429276471669083451 | 字段=image_list | 原因=cache_key=7429276471669083451:comment_image:7429319081075622696
2026-04-30 17:42:15 | 4m56s |   [FAIL] 签名缺失 | comments.id=36600 api_type=comment_image | 表=comments | aweme=7429276471669083451 | 字段=image_list | 原因=cache_key=7429276471669083451:comment_image:7429509211597914939
2026-04-30 17:42:15 | 4m56s |   [FAIL] 签名缺失 | comments.id=36340 api_type=comment_image | 表=comments | aweme=7429276471669083451 | 字段=image_list | 原因=cache_key=7429276471669083451:comment_image:7429328043532174090
2026-04-30 17:42:15 | 4m56s |   [FAIL] 签名缺失 | comments.id=46997 api_type=comment_sticker | 表=comments | aweme=7456483966602841403 | 字段=sticker | 原因=cache_key=7456483966602841403:comment_sticker:7456484925118612261
2026-04-30 17:42:15 | 4m56s |   [FAIL] 签名缺失 | comments.id=36445 api_type=comment_image | 表=comments | aweme=7429276471669083451 | 字段=image_list | 原因=cache_key=7429276471669083451:comment_image:7430406597745427258
2026-04-30 17:42:15 | 4m56s |   [FAIL] 签名缺失 | comments.id=36345 api_type=comment_image | 表=comments | aweme=7429276471669083451 | 字段=image_list | 原因=cache_key=7429276471669083451:comment_image:7429306741702099770
2026-04-30 17:42:15 | 4m56s |   [FAIL] 签名缺失 | comments.id=43502 api_type=comment_image | 表=comments | aweme=7447440432881077563 | 字段=image_list | 原因=cache_key=7447440432881077563:comment_image:7447465121943601958
2026-04-30 17:42:15 | 4m56s |   [FAIL] 签名缺失 | comments.id=36584 api_type=comment_image | 表=comments | aweme=7429276471669083451 | 字段=image_list | 原因=cache_key=7429276471669083451:comment_image:7429538921605841723
2026-04-30 17:42:15 | 4m56s |   [FAIL] 签名缺失 | comments.id=36722 api_type=comment_image | 表=comments | aweme=7429276471669083451 | 字段=image_list | 原因=cache_key=7429276471669083451:comment_image:7429331474228970278
2026-04-30 17:42:15 | 4m56s |   [FAIL] 签名缺失 | comments.id=55094 api_type=comment_image | 表=comments | aweme=7476411176209976636 | 字段=image_list | 原因=cache_key=7476411176209976636:comment_image:7477523394284536636
2026-04-30 17:42:15 | 4m56s |   [FAIL] 签名缺失 | comments.id=36409 api_type=comment_image | 表=comments | aweme=7429276471669083451 | 字段=image_list | 原因=cache_key=7429276471669083451:comment_image:7432858018943157052
2026-04-30 17:42:15 | 4m56s |   [FAIL] 签名缺失 | comments.id=36412 api_type=comment_image | 表=comments | aweme=7429276471669083451 | 字段=image_list | 原因=cache_key=7429276471669083451:comment_image:7432273504824116025
2026-04-30 17:42:15 | 4m56s |   [FAIL] 签名缺失 | replies.id=18126 api_type=reply_image | 表=replies | aweme=7560954743410675002 | 字段=image_list | 原因=cache_key=7560954743410675002:reply_image:7561076079004762907:7561015775118771004
2026-04-30 17:42:15 | 4m56s |   [FAIL] 签名缺失 | comments.id=36431 api_type=comment_image | 表=comments | aweme=7429276471669083451 | 字段=image_list | 原因=cache_key=7429276471669083451:comment_image:7430788511643910947
2026-04-30 17:42:15 | 4m56s |   [FAIL] 签名缺失 | comments.id=82002 api_type=comment_image | 表=comments | aweme=7555833842822843706 | 字段=image_list | 原因=cache_key=7555833842822843706:comment_image:7555852297412559667
2026-04-30 17:42:15 | 4m56s |   [FAIL] 签名缺失 | comments.id=36654 api_type=comment_image | 表=comments | aweme=7429276471669083451 | 字段=image_list | 原因=cache_key=7429276471669083451:comment_image:7429362260005634875
2026-04-30 17:42:15 | 4m56s |   [FAIL] 签名缺失 | comments.id=80540 api_type=comment_image | 表=comments | aweme=7553617629527002425 | 字段=image_list | 原因=cache_key=7553617629527002425:comment_image:7553861984212124473
2026-04-30 17:42:15 | 4m56s |   [FAIL] 签名缺失 | comments.id=36794 api_type=comment_image | 表=comments | aweme=7429276471669083451 | 字段=image_list | 原因=cache_key=7429276471669083451:comment_image:7429314204811232037
2026-04-30 17:42:15 | 4m56s |   [FAIL] 签名缺失 | comments.id=85194 api_type=comment_sticker | 表=comments | aweme=7560954743410675002 | 字段=sticker | 原因=cache_key=7560954743410675002:comment_sticker:7560974587825144595
2026-04-30 17:42:15 | 4m56s |   [FAIL] 签名缺失 | comments.id=36726 api_type=comment_image | 表=comments | aweme=7429276471669083451 | 字段=image_list | 原因=cache_key=7429276471669083451:comment_image:7429329667171877691
2026-04-30 17:42:15 | 4m56s |   [FAIL] 签名缺失 | comments.id=80515 api_type=comment_image | 表=comments | aweme=7553617629527002425 | 字段=image_list | 原因=cache_key=7553617629527002425:comment_image:7553635051151213372
2026-04-30 17:42:15 | 4m56s |   [FAIL] 签名缺失 | comments.id=36639 api_type=comment_image | 表=comments | aweme=7429276471669083451 | 字段=image_list | 原因=cache_key=7429276471669083451:comment_image:7429370450096636710
2026-04-30 17:42:15 | 4m56s |   [FAIL] 签名缺失 | replies.id=21178 api_type=reply_sticker | 表=replies | aweme=7631634541144461489 | 字段=sticker | 原因=cache_key=7631634541144461489:reply_sticker:7631725939220005690:7631635677198058298
2026-04-30 17:42:15 | 4m56s |   [FAIL] 签名缺失 | comments.id=36457 api_type=comment_image | 表=comments | aweme=7429276471669083451 | 字段=image_list | 原因=cache_key=7429276471669083451:comment_image:7430244546258797346
2026-04-30 17:42:15 | 4m56s |   [FAIL] 签名缺失 | comments.id=36543 api_type=comment_image | 表=comments | aweme=7429276471669083451 | 字段=image_list | 原因=cache_key=7429276471669083451:comment_image:7429636587237540642
2026-04-30 17:42:15 | 4m56s |   [FAIL] 签名缺失 | comments.id=36731 api_type=comment_image | 表=comments | aweme=7429276471669083451 | 字段=image_list | 原因=cache_key=7429276471669083451:comment_image:7429327442378113792
2026-04-30 17:42:15 | 4m56s |   [FAIL] 签名缺失 | comments.id=68123 api_type=comment_image | 表=comments | aweme=7509903583040228666 | 字段=image_list | 原因=cache_key=7509903583040228666:comment_image:7510060689391567676
2026-04-30 17:42:15 | 4m56s |   [FAIL] 签名缺失 | comments.id=36551 api_type=comment_image | 表=comments | aweme=7429276471669083451 | 字段=image_list | 原因=cache_key=7429276471669083451:comment_image:7429611563205919545
2026-04-30 17:42:15 | 4m56s |   [FAIL] 签名缺失 | comments.id=36727 api_type=comment_image | 表=comments | aweme=7429276471669083451 | 字段=image_list | 原因=cache_key=7429276471669083451:comment_image:7429329567783256891
2026-04-30 17:42:15 | 4m56s |   [FAIL] 签名缺失 | comments.id=64278 api_type=comment_sticker | 表=comments | aweme=7503090764761009465 | 字段=sticker | 原因=cache_key=7503090764761009465:comment_sticker:7503801460549108540
2026-04-30 17:42:15 | 4m56s |   [FAIL] 签名缺失 | comments.id=68125 api_type=comment_sticker | 表=comments | aweme=7509903583040228666 | 字段=sticker | 原因=cache_key=7509903583040228666:comment_sticker:7509918927485928249
2026-04-30 17:42:15 | 4m56s |   [FAIL] 签名缺失 | comments.id=36773 api_type=comment_image | 表=comments | aweme=7429276471669083451 | 字段=image_list | 原因=cache_key=7429276471669083451:comment_image:7429317466600375098
2026-04-30 17:42:15 | 4m56s |   [FAIL] 签名缺失 | comments.id=85119 api_type=comment_image | 表=comments | aweme=7560954743410675002 | 字段=image_list | 原因=cache_key=7560954743410675002:comment_image:7561015775118771004
2026-04-30 17:42:15 | 4m56s |   [FAIL] 签名缺失 | comments.id=36643 api_type=comment_image | 表=comments | aweme=7429276471669083451 | 字段=image_list | 原因=cache_key=7429276471669083451:comment_image:7429367338992698127
2026-04-30 17:42:20 | 5m00s |   [UPLOAD] ↑ MS4wLjABAAAA2FYVN1jBWaTVasx7wXcsK0rCPfSYixt5-J1pUegQIbA/images/74ed828897abdcf4ae041bfc35b9d9e5.jpg
2026-04-30 17:42:20 | 5m00s |   [DB] 📝 待更新: 1 行
2026-04-30 17:42:20 | 5m00s |   [DB] ✅ commit 成功: 1 行已写入
2026-04-30 17:42:20 | 5m00s |   [BATCH] ✅ 批次完成，已提交 37/37 个 URL，耗时 299.0s
2026-04-30 17:42:20 | 5m00s | 
  [OK] 作者完成: 上传 1，更新 1 行，HEIC 转换 0，失败 36
2026-04-30 17:42:20 | 5m00s | 
──────────────────────────────────────────────────────────────────────
2026-04-30 17:42:20 | 5m00s |   [SCAN] 📁 作者: MS4wLjABAAAAWKIRK91nF8hLjuza0KVRL50-lcfN...
2026-04-30 17:42:20 | 5m00s |   [SCAN] 📄 数据库: /home/runner/work/DouyinComment/DouyinComment/scripts/../data/MS4wLjABAAAAWKIRK91nF8hLjuza0KVRL50-lcfNlEPHocsF9hNYzCUag7n4BgIHQaERsfq_NiHR/sqlite.db
2026-04-30 17:42:20 | 5m00s | ──────────────────────────────────────────────────────────────────────
2026-04-30 17:42:20 | 5m00s |   [SCAN] ⚠️  无资源，跳过
2026-04-30 17:42:20 | 5m00s | 
2026-04-30 17:42:20 | 5m00s | ======================================================================
2026-04-30 17:42:20 | 5m00s |   全部完成
2026-04-30 17:42:20 | 5m00s | ======================================================================
2026-04-30 17:42:20 | 5m00s |   作者数:        1
2026-04-30 17:42:20 | 5m00s |   总 task:       37
2026-04-30 17:42:20 | 5m00s |   上传成功:      1
2026-04-30 17:42:20 | 5m00s |   更新行数:      1
2026-04-30 17:42:20 | 5m00s |   HEIC 转换:     0
2026-04-30 17:42:20 | 5m00s |   失败:          36
2026-04-30 17:42:20 | 5m00s |   总耗时:        301s (5m00s)
2026-04-30 17:42:20 | 5m00s | ======================================================================
2026-04-30 17:42:20 | 5m00s | 
──────────────────────────────────────────────────────────────────────
2026-04-30 17:42:20 | 5m00s |   失败汇总 (共 36 项)
2026-04-30 17:42:20 | 5m00s | ──────────────────────────────────────────────────────────────────────
2026-04-30 17:42:20 | 5m00s |     签名缺失: 36
2026-04-30 17:42:20 | 5m00s |     • 签名缺失 | comments.id=36324 api_type=comment_image | cache_key=7429276471669083451:comment_image:7429744339184698112
2026-04-30 17:42:20 | 5m00s |     • 签名缺失 | comments.id=90723 api_type=comment_sticker | cache_key=7575874445581119665:comment_sticker:7605402697084551973
2026-04-30 17:42:20 | 5m00s |     • 签名缺失 | comments.id=36762 api_type=comment_image | cache_key=7429276471669083451:comment_image:7429319081075622696
2026-04-30 17:42:20 | 5m00s |     • 签名缺失 | comments.id=36600 api_type=comment_image | cache_key=7429276471669083451:comment_image:7429509211597914939
2026-04-30 17:42:20 | 5m00s |     • 签名缺失 | comments.id=36340 api_type=comment_image | cache_key=7429276471669083451:comment_image:7429328043532174090
2026-04-30 17:42:20 | 5m00s |     • 签名缺失 | comments.id=46997 api_type=comment_sticker | cache_key=7456483966602841403:comment_sticker:7456484925118612261
2026-04-30 17:42:20 | 5m00s |     • 签名缺失 | comments.id=36445 api_type=comment_image | cache_key=7429276471669083451:comment_image:7430406597745427258
2026-04-30 17:42:20 | 5m00s |     • 签名缺失 | comments.id=36345 api_type=comment_image | cache_key=7429276471669083451:comment_image:7429306741702099770
2026-04-30 17:42:20 | 5m00s |     • 签名缺失 | comments.id=43502 api_type=comment_image | cache_key=7447440432881077563:comment_image:7447465121943601958
2026-04-30 17:42:20 | 5m00s |     • 签名缺失 | comments.id=36584 api_type=comment_image | cache_key=7429276471669083451:comment_image:7429538921605841723
2026-04-30 17:42:20 | 5m00s |     • 签名缺失 | comments.id=36722 api_type=comment_image | cache_key=7429276471669083451:comment_image:7429331474228970278
2026-04-30 17:42:20 | 5m00s |     • 签名缺失 | comments.id=55094 api_type=comment_image | cache_key=7476411176209976636:comment_image:7477523394284536636
2026-04-30 17:42:20 | 5m00s |     • 签名缺失 | comments.id=36409 api_type=comment_image | cache_key=7429276471669083451:comment_image:7432858018943157052
2026-04-30 17:42:20 | 5m00s |     • 签名缺失 | comments.id=36412 api_type=comment_image | cache_key=7429276471669083451:comment_image:7432273504824116025
2026-04-30 17:42:20 | 5m00s |     • 签名缺失 | replies.id=18126 api_type=reply_image | cache_key=7560954743410675002:reply_image:7561076079004762907:7561015775118771004
2026-04-30 17:42:20 | 5m00s |     • 签名缺失 | comments.id=36431 api_type=comment_image | cache_key=7429276471669083451:comment_image:7430788511643910947
2026-04-30 17:42:20 | 5m00s |     • 签名缺失 | comments.id=82002 api_type=comment_image | cache_key=7555833842822843706:comment_image:7555852297412559667
2026-04-30 17:42:20 | 5m00s |     • 签名缺失 | comments.id=36654 api_type=comment_image | cache_key=7429276471669083451:comment_image:7429362260005634875
2026-04-30 17:42:20 | 5m00s |     • 签名缺失 | comments.id=80540 api_type=comment_image | cache_key=7553617629527002425:comment_image:7553861984212124473
2026-04-30 17:42:20 | 5m00s |     • 签名缺失 | comments.id=36794 api_type=comment_image | cache_key=7429276471669083451:comment_image:7429314204811232037
2026-04-30 17:42:20 | 5m00s |     • 签名缺失 | comments.id=85194 api_type=comment_sticker | cache_key=7560954743410675002:comment_sticker:7560974587825144595
2026-04-30 17:42:20 | 5m00s |     • 签名缺失 | comments.id=36726 api_type=comment_image | cache_key=7429276471669083451:comment_image:7429329667171877691
2026-04-30 17:42:20 | 5m00s |     • 签名缺失 | comments.id=80515 api_type=comment_image | cache_key=7553617629527002425:comment_image:7553635051151213372
2026-04-30 17:42:20 | 5m00s |     • 签名缺失 | comments.id=36639 api_type=comment_image | cache_key=7429276471669083451:comment_image:7429370450096636710
2026-04-30 17:42:20 | 5m00s |     • 签名缺失 | replies.id=21178 api_type=reply_sticker | cache_key=7631634541144461489:reply_sticker:7631725939220005690:7631635677198058298
2026-04-30 17:42:20 | 5m00s |     • 签名缺失 | comments.id=36457 api_type=comment_image | cache_key=7429276471669083451:comment_image:7430244546258797346
2026-04-30 17:42:20 | 5m00s |     • 签名缺失 | comments.id=36543 api_type=comment_image | cache_key=7429276471669083451:comment_image:7429636587237540642
2026-04-30 17:42:20 | 5m00s |     • 签名缺失 | comments.id=36731 api_type=comment_image | cache_key=7429276471669083451:comment_image:7429327442378113792
2026-04-30 17:42:20 | 5m00s |     • 签名缺失 | comments.id=68123 api_type=comment_image | cache_key=7509903583040228666:comment_image:7510060689391567676
2026-04-30 17:42:20 | 5m00s |     • 签名缺失 | comments.id=36551 api_type=comment_image | cache_key=7429276471669083451:comment_image:7429611563205919545
2026-04-30 17:42:20 | 5m00s |     • 签名缺失 | comments.id=36727 api_type=comment_image | cache_key=7429276471669083451:comment_image:7429329567783256891
2026-04-30 17:42:20 | 5m00s |     • 签名缺失 | comments.id=64278 api_type=comment_sticker | cache_key=7503090764761009465:comment_sticker:7503801460549108540
2026-04-30 17:42:20 | 5m00s |     • 签名缺失 | comments.id=68125 api_type=comment_sticker | cache_key=7509903583040228666:comment_sticker:7509918927485928249
2026-04-30 17:42:20 | 5m00s |     • 签名缺失 | comments.id=36773 api_type=comment_image | cache_key=7429276471669083451:comment_image:7429317466600375098
2026-04-30 17:42:20 | 5m00s |     • 签名缺失 | comments.id=85119 api_type=comment_image | cache_key=7560954743410675002:comment_image:7561015775118771004
2026-04-30 17:42:20 | 5m00s |     • 签名缺失 | comments.id=36643 api_type=comment_image | cache_key=7429276471669083451:comment_image:7429367338992698127
2026-04-30 17:42:20 | 5m00s | ──────────────────────────────────────────────────────────────────────
