2026-05-01 01:13:49 | 0s | [INIT] 日志文件: C:\Users\Administrator\Desktop\DouyinComment\scripts\..\logs\migrate\migrate_20260501_011349.log
2026-05-01 01:13:49 | 0s | ======================================================================
2026-05-01 01:13:49 | 0s |   [INIT] 抖音资源 → HF Bucket 迁移（v3）
2026-05-01 01:13:49 | 0s |   [INIT] 数据目录:    C:\Users\Administrator\Desktop\DouyinComment\scripts\..\data
2026-05-01 01:13:49 | 0s |   [INIT] 日志目录:    C:\Users\Administrator\Desktop\DouyinComment\scripts\..\logs\migrate
2026-05-01 01:13:49 | 0s |   [INIT] 作者过滤:    all
2026-05-01 01:13:49 | 0s |   [INIT] 限制表:      全部
2026-05-01 01:13:49 | 0s |   [INIT] 限制字段:    全部
2026-05-01 01:13:49 | 0s |   [INIT] 最大任务数:  不限
2026-05-01 01:13:49 | 0s |   [INIT] 批次大小:    20
2026-05-01 01:13:49 | 0s |   [INIT] 并发数:      6
2026-05-01 01:13:49 | 0s |   [INIT] Dry-run:     否
2026-05-01 01:13:49 | 0s |   [INIT] Direct:      是
2026-05-01 01:13:49 | 0s | ======================================================================
2026-05-01 01:13:49 | 0s | 
  [SCAN] 已选择 2 个数据库:
2026-05-01 01:13:49 | 0s |   [SCAN] 📁 MS4wLjABAAAA2FYVN1jBWaTVasx7wXcsK0rCPfSY... (videos=399, comments=95326, replies=20956, 43.6 MB)
2026-05-01 01:13:49 | 0s |   [SCAN] 📁 MS4wLjABAAAAWKIRK91nF8hLjuza0KVRL50-lcfN... (videos=146, comments=7907, replies=1920, 3.9 MB)
2026-05-01 01:13:49 | 0s | 
--- HEIF 格式检测 ---
2026-05-01 01:13:49 | 0s | ✅ pillow-heif 已就绪
2026-05-01 01:13:50 | 0s | 
--- 验证 Cookie ---
2026-05-01 01:13:52 | 3s | ✅ Cookie 有效，用户: 小黄鸭剪辑
2026-05-01 01:13:52 | 3s | 
──────────────────────────────────────────────────────────────────────
2026-05-01 01:13:52 | 3s |   [SCAN] 📁 作者: MS4wLjABAAAA2FYVN1jBWaTVasx7wXcsK0rCPfSY...
2026-05-01 01:13:52 | 3s |   [SCAN] 📄 数据库: C:\Users\Administrator\Desktop\DouyinComment\scripts\..\data\MS4wLjABAAAA2FYVN1jBWaTVasx7wXcsK0rCPfSYixt5-J1pUegQIbA\sqlite.db
2026-05-01 01:13:52 | 3s | ──────────────────────────────────────────────────────────────────────
2026-05-01 01:13:52 | 3s |   [SCAN] 总 task 数: 105
2026-05-01 01:13:52 | 3s |     comment_avatar: 29
2026-05-01 01:13:52 | 3s |     comment_image: 45
2026-05-01 01:13:52 | 3s |     comment_sticker: 14
2026-05-01 01:13:52 | 3s |     reply_avatar: 14
2026-05-01 01:13:52 | 3s |     reply_image: 2
2026-05-01 01:13:52 | 3s |     reply_sticker: 1
2026-05-01 01:13:52 | 3s |   [SCAN] 唯一分组: 99，去重节省: 6 次下载
2026-05-01 01:13:52 | 3s |   [BATCH] aweme_id 数: 19，分 1 批处理
2026-05-01 01:13:52 | 3s | 
  [BATCH] 📦 批次 1/1: 19 个 aweme_id, 99 个 URL
2026-05-01 01:13:52 | 3s |   [BATCH] direct 模式: 直接使用原始 URL 105 个
2026-05-01 01:13:53 | 3s |   [DL] ⚠️  HTTP 403: https://p5-ex-gddgtc-sign.douyinpic.com/tos-cn-i-p14lwwcsbr/764f718f1d8c4eaf9965...
2026-05-01 01:13:53 | 3s |   [DL] ⚠️  HTTP 403: https://p26-sign.douyinpic.com/tos-cn-i-p14lwwcsbr/d88b952752ed4b929e6ae75d30672...
2026-05-01 01:13:53 | 3s |   [DL] ⚠️  HTTP 403: https://p26-sign.douyinpic.com/tos-cn-i-p14lwwcsbr/bce5515dc6c6463cb08641c63da42...
2026-05-01 01:13:53 | 3s |   [DL] ⚠️  HTTP 403: https://p26-sign.douyinpic.com/tos-cn-i-p14lwwcsbr/ea66b537702f42f2bcd2873867dfb...
2026-05-01 01:13:53 | 3s |   [DL] ⚠️  HTTP 403: https://p26-sign.douyinpic.com/tos-cn-i-p14lwwcsbr/764f718f1d8c4eaf996540df50240...
2026-05-01 01:13:53 | 3s |   [DL] ⚠️  HTTP 403: https://p26-sign.douyinpic.com/tos-cn-i-p14lwwcsbr/227a1617f7964481bfa0a8b8cc932...
2026-05-01 01:13:53 | 3s |   [DL] ⚠️  HTTP 403: https://p3-sign.douyinpic.com/tos-cn-i-p14lwwcsbr/bce5515dc6c6463cb08641c63da42e...
2026-05-01 01:13:53 | 3s |   [DL] ⚠️  HTTP 403: https://p11-sign.douyinpic.com/tos-cn-i-p14lwwcsbr/d88b952752ed4b929e6ae75d30672...
2026-05-01 01:13:53 | 3s |   [DL] ⚠️  HTTP 403: https://p11-sign.douyinpic.com/tos-cn-i-p14lwwcsbr/764f718f1d8c4eaf996540df50240...
2026-05-01 01:13:53 | 3s |   [DL] ⚠️  HTTP 403: https://p3-sign.douyinpic.com/tos-cn-i-p14lwwcsbr/ea66b537702f42f2bcd2873867dfb5...
2026-05-01 01:13:53 | 3s |   [DL] ⚠️  HTTP 403: https://p5-ex-gddgtc-sign.douyinpic.com/tos-cn-i-p14lwwcsbr/bce5515dc6c6463cb086...
2026-05-01 01:13:53 | 3s |   [DL] ⚠️  HTTP 403: https://p5-ex-gddgtc-sign.douyinpic.com/tos-cn-i-p14lwwcsbr/227a1617f7964481bfa0...
2026-05-01 01:13:53 | 3s |   [DL] ⚠️  HTTP 403: https://p5-ex-gddgtc-sign.douyinpic.com/tos-cn-i-p14lwwcsbr/764f718f1d8c4eaf9965...
2026-05-01 01:13:53 | 3s |   [DL] ❌ 下载失败，最后尝试的 URL: https://p5-ex-gddgtc-sign.douyinpic.com/tos-cn-i-p14lwwcsbr/764f718f1d8c4eaf996540df502400d2~tplv-p14lwwcsbr-7.jpeg?lk3s=7b078dd2&x-expires=1776934800&x-signature=LzuwUvq9vXHyhzSyKrPCS3njAVE%3D&from=2064092626&se=false&sc=image&biz_tag=aweme_comment&l=2026042216254605B500454A61084CD377
2026-05-01 01:13:53 | 3s |   [FAIL] 下载失败 | https://p5-ex-gddgtc-sign.douyinpic.com/tos-cn-i-p14lwwcsbr/764f718f1d8c4eaf996540df502400d2~tplv-p1 | 原因=所有CDN均失败
2026-05-01 01:13:53 | 3s |   [FAIL] 下载失败 | comments.id=68123 api_type=comment_image | 表=comments | aweme=7509903583040228666 | 字段=image_list | 原因=下载失败
2026-05-01 01:13:53 | 3s |   [DL] ⚠️  HTTP 403: https://p5-ex-gddgtc-sign.douyinpic.com/tos-cn-i-p14lwwcsbr/ea66b537702f42f2bcd2...
2026-05-01 01:13:53 | 3s |   [DL] ⚠️  HTTP 403: https://p5-sign.douyinpic.com/tos-cn-i-p14lwwcsbr/d88b952752ed4b929e6ae75d306723...
2026-05-01 01:13:53 | 3s |   [DL] ⚠️  HTTP 403: https://p26-sign.douyinpic.com/tos-cn-i-p14lwwcsbr/bce5515dc6c6463cb08641c63da42...
2026-05-01 01:13:53 | 3s |   [DL] ❌ 下载失败，最后尝试的 URL: https://p26-sign.douyinpic.com/tos-cn-i-p14lwwcsbr/bce5515dc6c6463cb08641c63da42eaf~tplv-p14lwwcsbr-7.jpeg?lk3s=7b078dd2&x-expires=1776931200&x-signature=MMYvK8VGI3UKkCz88bPGVcavdZo%3D&from=2064092626&se=false&sc=image&biz_tag=aweme_comment&l=2026042215462601C85A22D2C0AB70A1E0
2026-05-01 01:13:53 | 3s |   [FAIL] 下载失败 | https://p26-sign.douyinpic.com/tos-cn-i-p14lwwcsbr/bce5515dc6c6463cb08641c63da42eaf~tplv-p14lwwcsbr- | 原因=所有CDN均失败
2026-05-01 01:13:53 | 3s |   [FAIL] 下载失败 | comments.id=36726 api_type=comment_image | 表=comments | aweme=7429276471669083451 | 字段=image_list | 原因=下载失败
2026-05-01 01:13:53 | 3s |   [DL] ⚠️  HTTP 403: https://p26-sign.douyinpic.com/tos-cn-i-p14lwwcsbr/9877c56cf66d42e5b0819f88d4e3e...
2026-05-01 01:13:53 | 3s |   [DL] ⚠️  HTTP 403: https://p3-sign.douyinpic.com/tos-cn-i-p14lwwcsbr/227a1617f7964481bfa0a8b8cc932f...
2026-05-01 01:13:53 | 3s |   [DL] ⚠️  HTTP 403: https://p26-sign.douyinpic.com/tos-cn-i-p14lwwcsbr/ea66b537702f42f2bcd2873867dfb...
2026-05-01 01:13:53 | 3s |   [DL] ❌ 下载失败，最后尝试的 URL: https://p26-sign.douyinpic.com/tos-cn-i-p14lwwcsbr/ea66b537702f42f2bcd2873867dfb523~tplv-p14lwwcsbr-7.jpeg?lk3s=7b078dd2&x-expires=1776931200&x-signature=FyYbnDNu2ohz2OwFj5FGH4mTB3c%3D&from=2064092626&se=false&sc=image&biz_tag=aweme_comment&l=20260422154606FF992CDA2BC9154ED157
2026-05-01 01:13:53 | 3s |   [FAIL] 下载失败 | https://p26-sign.douyinpic.com/tos-cn-i-p14lwwcsbr/ea66b537702f42f2bcd2873867dfb523~tplv-p14lwwcsbr- | 原因=所有CDN均失败
2026-05-01 01:13:53 | 3s |   [FAIL] 下载失败 | comments.id=36412 api_type=comment_image | 表=comments | aweme=7429276471669083451 | 字段=image_list | 原因=下载失败
2026-05-01 01:13:53 | 3s |   [DL] ⚠️  HTTP 403: https://p26-sign.douyinpic.com/tos-cn-i-p14lwwcsbr/d88b952752ed4b929e6ae75d30672...
2026-05-01 01:13:53 | 3s |   [DL] ❌ 下载失败，最后尝试的 URL: https://p26-sign.douyinpic.com/tos-cn-i-p14lwwcsbr/d88b952752ed4b929e6ae75d30672382~tplv-p14lwwcsbr-7.jpeg?lk3s=7b078dd2&x-expires=1776938400&x-signature=uAGv6%2FYmk94BuLlwmNOtyrBrsOU%3D&from=2064092626&se=false&sc=image&biz_tag=aweme_comment&l=2026042217090951F331DB54696359A2C8
2026-05-01 01:13:53 | 3s |   [FAIL] 下载失败 | https://p26-sign.douyinpic.com/tos-cn-i-p14lwwcsbr/d88b952752ed4b929e6ae75d30672382~tplv-p14lwwcsbr- | 原因=所有CDN均失败
2026-05-01 01:13:53 | 3s |   [FAIL] 下载失败 | comments.id=80579 api_type=comment_image | 表=comments | aweme=7553617629527002425 | 字段=image_list | 原因=下载失败
2026-05-01 01:13:53 | 3s |   [DL] ⚠️  HTTP 403: https://p26-sign.douyinpic.com/tos-cn-i-p14lwwcsbr/90423491f39e4de89862aad4c00a1...
2026-05-01 01:13:53 | 4s |   [DL] ⚠️  HTTP 403: https://p3-sign.douyinpic.com/tos-cn-i-p14lwwcsbr/9877c56cf66d42e5b0819f88d4e3e2...
2026-05-01 01:13:53 | 4s |   [DL] ⚠️  HTTP 403: https://p26-sign.douyinpic.com/tos-cn-i-p14lwwcsbr/227a1617f7964481bfa0a8b8cc932...
2026-05-01 01:13:53 | 4s |   [DL] ❌ 下载失败，最后尝试的 URL: https://p26-sign.douyinpic.com/tos-cn-i-p14lwwcsbr/227a1617f7964481bfa0a8b8cc932f84~tplv-p14lwwcsbr-7.jpeg?lk3s=7b078dd2&x-expires=1776938400&x-signature=YNh74QQ51giTKkyejYmOADv%2FPR0%3D&from=2064092626&se=false&sc=image&biz_tag=aweme_comment&l=20260422171457227CB154EAFADA87260C
2026-05-01 01:13:53 | 4s |   [FAIL] 下载失败 | https://p26-sign.douyinpic.com/tos-cn-i-p14lwwcsbr/227a1617f7964481bfa0a8b8cc932f84~tplv-p14lwwcsbr- | 原因=所有CDN均失败
2026-05-01 01:13:53 | 4s |   [FAIL] 下载失败 | comments.id=82380 api_type=comment_image | 表=comments | aweme=7555833842822843706 | 字段=image_list | 原因=下载失败
2026-05-01 01:13:53 | 4s |   [DL] ⚠️  HTTP 403: https://p5-ex-gddgtc-sign.douyinpic.com/tos-cn-i-p14lwwcsbr/43417d00064344e0a441...
2026-05-01 01:13:53 | 4s |   [DL] ⚠️  HTTP 403: https://p5-ex-gddgtc-sign.douyinpic.com/tos-cn-i-p14lwwcsbr/90423491f39e4de89862...
2026-05-01 01:13:53 | 4s |   [DL] ⚠️  HTTP 403: https://p11-sign.douyinpic.com/tos-cn-i-p14lwwcsbr/9877c56cf66d42e5b0819f88d4e3e...
2026-05-01 01:13:53 | 4s |   [DL] ⚠️  HTTP 403: https://p26-sign.douyinpic.com/tos-cn-i-p14lwwcsbr/9877c56cf66d42e5b0819f88d4e3e...
2026-05-01 01:13:53 | 4s |   [DL] ❌ 下载失败，最后尝试的 URL: https://p26-sign.douyinpic.com/tos-cn-i-p14lwwcsbr/9877c56cf66d42e5b0819f88d4e3e2a4~tplv-p14lwwcsbr-7.jpeg?lk3s=7b078dd2&x-expires=1776931200&x-signature=V0xz%2BkecKws8%2BKLwL4DmueWNxmk%3D&from=2064092626&se=false&sc=image&biz_tag=aweme_comment&l=2026042215462159E8EFCA34A1137CCBA3
2026-05-01 01:13:53 | 4s |   [FAIL] 下载失败 | https://p26-sign.douyinpic.com/tos-cn-i-p14lwwcsbr/9877c56cf66d42e5b0819f88d4e3e2a4~tplv-p14lwwcsbr- | 原因=所有CDN均失败
2026-05-01 01:13:53 | 4s |   [FAIL] 下载失败 | comments.id=36639 api_type=comment_image | 表=comments | aweme=7429276471669083451 | 字段=image_list | 原因=下载失败
2026-05-01 01:13:53 | 4s |   [DL] ⚠️  HTTP 403: https://p5-ex-gddgtc-sign.douyinpic.com/tos-cn-i-p14lwwcsbr/7bd147a2fe104c33b7be...
2026-05-01 01:13:53 | 4s |   [DL] ⚠️  HTTP 403: https://p3-sign.douyinpic.com/tos-cn-i-p14lwwcsbr/43417d00064344e0a441010c85eb81...
2026-05-01 01:13:53 | 4s |   [DL] ⚠️  HTTP 403: https://p3-sign.douyinpic.com/tos-cn-i-p14lwwcsbr/90423491f39e4de89862aad4c00a1f...
2026-05-01 01:13:53 | 4s |   [DL] ⚠️  HTTP 403: https://p26-sign.douyinpic.com/tos-cn-i-p14lwwcsbr/7bd147a2fe104c33b7beacb33aeb8...
2026-05-01 01:13:54 | 4s |   [DL] ⚠️  HTTP 403: https://p11-sign.douyinpic.com/tos-cn-i-p14lwwcsbr/43417d00064344e0a441010c85eb8...
2026-05-01 01:13:54 | 4s |   [DL] ⚠️  HTTP 403: https://p26-sign.douyinpic.com/obj/tos-cn-o-0812/o0cguteHAroyvOClx6QCAktcgDQdIAe...
2026-05-01 01:13:54 | 4s |   [DL] ❌ 下载失败，最后尝试的 URL: https://p26-sign.douyinpic.com/obj/tos-cn-o-0812/o0cguteHAroyvOClx6QCAktcgDQdIAelAHA8bn?lk3s=7b078dd2&x-expires=1776931200&x-signature=QKrJNCwSi5qhER7JuGxca4eE%2BkU%3D&from=2064092626&s=sticker_comment&se=false&sc=sticker_heif&biz_tag=aweme_comment&l=20260422155917D4AC69AC509C06719605
2026-05-01 01:13:54 | 4s |   [FAIL] 下载失败 | https://p26-sign.douyinpic.com/obj/tos-cn-o-0812/o0cguteHAroyvOClx6QCAktcgDQdIAelAHA8bn?lk3s=7b078dd | 原因=所有CDN均失败
2026-05-01 01:13:54 | 4s |   [FAIL] 下载失败 | comments.id=46997 api_type=comment_sticker | 表=comments | aweme=7456483966602841403 | 字段=sticker | 原因=下载失败
2026-05-01 01:13:54 | 4s |   [DL] ⚠️  HTTP 403: https://p26-sign.douyinpic.com/tos-cn-i-p14lwwcsbr/90423491f39e4de89862aad4c00a1...
2026-05-01 01:13:54 | 4s |   [DL] ❌ 下载失败，最后尝试的 URL: https://p26-sign.douyinpic.com/tos-cn-i-p14lwwcsbr/90423491f39e4de89862aad4c00a1fe8~tplv-p14lwwcsbr-7.jpeg?lk3s=7b078dd2&x-expires=1776938400&x-signature=9Y%2B%2Fwx%2FYUz%2BKhMXa%2F5PIhHZc7l8%3D&from=2064092626&se=false&sc=image&biz_tag=aweme_comment&l=2026042217150948383402C601D3530152
2026-05-01 01:13:54 | 4s |   [FAIL] 下载失败 | https://p26-sign.douyinpic.com/tos-cn-i-p14lwwcsbr/90423491f39e4de89862aad4c00a1fe8~tplv-p14lwwcsbr- | 原因=所有CDN均失败
2026-05-01 01:13:54 | 4s |   [FAIL] 下载失败 | comments.id=82449 api_type=comment_image | 表=comments | aweme=7555833842822843706 | 字段=image_list | 原因=下载失败
2026-05-01 01:13:54 | 4s |   [DL] ⚠️  HTTP 403: https://p3-sign.douyinpic.com/tos-cn-i-p14lwwcsbr/7bd147a2fe104c33b7beacb33aeb81...
2026-05-01 01:13:54 | 4s |   [DL] ⚠️  HTTP 403: https://p11-sign.douyinpic.com/tos-cn-i-p14lwwcsbr/bc36404816f742898fc2cf38d7f5c...
2026-05-01 01:13:54 | 4s |   [DL] ⚠️  HTTP 403: https://p5-ex-gddgtc-sign.douyinpic.com/tos-cn-i-p14lwwcsbr/43417d00064344e0a441...
2026-05-01 01:13:54 | 4s |   [DL] ❌ 下载失败，最后尝试的 URL: https://p5-ex-gddgtc-sign.douyinpic.com/tos-cn-i-p14lwwcsbr/43417d00064344e0a441010c85eb8144~tplv-p14lwwcsbr-7.jpeg?lk3s=7b078dd2&x-expires=1776931200&x-signature=lLxVlzHfttRRImDF3hFAC%2FfZJjU%3D&from=2064092626&se=false&sc=image&biz_tag=aweme_comment&l=2026042215462986EC7CAE905A3B6CC944
2026-05-01 01:13:54 | 4s |   [FAIL] 下载失败 | https://p5-ex-gddgtc-sign.douyinpic.com/tos-cn-i-p14lwwcsbr/43417d00064344e0a441010c85eb8144~tplv-p1 | 原因=所有CDN均失败
2026-05-01 01:13:54 | 4s |   [FAIL] 下载失败 | comments.id=36766 api_type=comment_image | 表=comments | aweme=7429276471669083451 | 字段=image_list | 原因=下载失败
2026-05-01 01:13:54 | 4s |   [DL] ⚠️  HTTP 403: https://p3-sign.douyinpic.com/tos-cn-i-p14lwwcsbr/aad72a93db3d490981573dc450d975...
2026-05-01 01:13:54 | 4s |   [DL] ⚠️  HTTP 403: https://p5-ex-gddgtc-sign.douyinpic.com/tos-cn-i-p14lwwcsbr/7bd147a2fe104c33b7be...
2026-05-01 01:13:54 | 4s |   [DL] ❌ 下载失败，最后尝试的 URL: https://p5-ex-gddgtc-sign.douyinpic.com/tos-cn-i-p14lwwcsbr/7bd147a2fe104c33b7beacb33aeb81a0~tplv-p14lwwcsbr-7.jpeg?lk3s=7b078dd2&x-expires=1776931200&x-signature=l9Nt%2B7N2HXaeIAQXuzIGTD6hEp8%3D&from=2064092626&se=false&sc=image&biz_tag=aweme_comment&l=2026042215460891CC4DEE5D05024DA5A6
2026-05-01 01:13:54 | 4s |   [FAIL] 下载失败 | https://p5-ex-gddgtc-sign.douyinpic.com/tos-cn-i-p14lwwcsbr/7bd147a2fe104c33b7beacb33aeb81a0~tplv-p1 | 原因=所有CDN均失败
2026-05-01 01:13:54 | 4s |   [FAIL] 下载失败 | comments.id=36457 api_type=comment_image | 表=comments | aweme=7429276471669083451 | 字段=image_list | 原因=下载失败
2026-05-01 01:13:54 | 4s |   [DL] ⚠️  HTTP 403: https://p11-sign.douyinpic.com/tos-cn-i-p14lwwcsbr/927945ba7547485f81f1c3b041abb...
2026-05-01 01:13:54 | 4s |   [DL] ⚠️  HTTP 403: https://p3-sign.douyinpic.com/tos-cn-i-p14lwwcsbr/bc36404816f742898fc2cf38d7f5c4...
2026-05-01 01:13:54 | 4s |   [DL] ⚠️  HTTP 403: https://p5-ex-gddgtc-sign.douyinpic.com/tos-cn-i-p14lwwcsbr/aad72a93db3d49098157...
2026-05-01 01:13:54 | 5s |   [DL] ⚠️  HTTP 403: https://p26-sign.douyinpic.com/tos-cn-i-p14lwwcsbr/aad72a93db3d490981573dc450d97...
2026-05-01 01:13:54 | 5s |   [DL] ⚠️  HTTP 403: https://p26-sign.douyinpic.com/tos-cn-i-p14lwwcsbr/bc36404816f742898fc2cf38d7f5c...
2026-05-01 01:13:55 | 5s |   [DL] ⚠️  HTTP 403: https://p26-sign.douyinpic.com/tos-cn-i-p14lwwcsbr/6b0da7766c894e0abebf6ad4a7fd9...
2026-05-01 01:13:55 | 5s |   [DL] ⚠️  HTTP 403: https://p26-sign.douyinpic.com/tos-cn-i-p14lwwcsbr/927945ba7547485f81f1c3b041abb...
2026-05-01 01:13:55 | 5s |   [DL] ⚠️  HTTP 403: https://p11-sign.douyinpic.com/tos-cn-i-p14lwwcsbr/bc36404816f742898fc2cf38d7f5c...
2026-05-01 01:13:55 | 5s |   [DL] ❌ 下载失败，最后尝试的 URL: https://p11-sign.douyinpic.com/tos-cn-i-p14lwwcsbr/bc36404816f742898fc2cf38d7f5c462~tplv-p14lwwcsbr-7.jpeg?lk3s=7b078dd2&x-expires=1776938400&x-signature=vgKcV%2BzRey8pbMszek8tkXBnlo8%3D&from=2064092626&se=false&sc=image&biz_tag=aweme_comment&l=202604221708573EE0ADBE4AB6B4587B89
2026-05-01 01:13:55 | 5s |   [FAIL] 下载失败 | https://p11-sign.douyinpic.com/tos-cn-i-p14lwwcsbr/bc36404816f742898fc2cf38d7f5c462~tplv-p14lwwcsbr- | 原因=所有CDN均失败
2026-05-01 01:13:55 | 5s |   [FAIL] 下载失败 | comments.id=80515 api_type=comment_image | 表=comments | aweme=7553617629527002425 | 字段=image_list | 原因=下载失败
2026-05-01 01:13:55 | 5s |   [DL] ⚠️  HTTP 403: https://p3-sign.douyinpic.com/tos-cn-i-p14lwwcsbr/4b7b08f3ee8b4311ba9b5bb5821fd7...
2026-05-01 01:13:55 | 5s |   [DL] ⚠️  HTTP 403: https://p5-ex-gddgtc-sign.douyinpic.com/tos-cn-i-p14lwwcsbr/927945ba7547485f81f1...
2026-05-01 01:13:55 | 5s |   [DL] ⚠️  HTTP 403: https://p5-ex-gddgtc-sign.douyinpic.com/tos-cn-i-p14lwwcsbr/6b0da7766c894e0abebf...
2026-05-01 01:13:55 | 5s |   [DL] ⚠️  HTTP 403: https://p11-sign.douyinpic.com/tos-cn-i-p14lwwcsbr/4b7b08f3ee8b4311ba9b5bb5821fd...
2026-05-01 01:13:55 | 5s |   [DL] ⚠️  HTTP 403: https://p3-sign.douyinpic.com/tos-cn-i-p14lwwcsbr/aad72a93db3d490981573dc450d975...
2026-05-01 01:13:55 | 5s |   [DL] ❌ 下载失败，最后尝试的 URL: https://p3-sign.douyinpic.com/tos-cn-i-p14lwwcsbr/aad72a93db3d490981573dc450d975af~tplv-p14lwwcsbr-7.jpeg?lk3s=7b078dd2&x-expires=1776931200&x-signature=USvTYjcu4SM2JL9HRE1p%2B7bFHyA%3D&from=2064092626&se=false&sc=image&biz_tag=aweme_comment&l=2026042215462159E8EFCA34A1137CCBA3
2026-05-01 01:13:55 | 5s |   [FAIL] 下载失败 | https://p3-sign.douyinpic.com/tos-cn-i-p14lwwcsbr/aad72a93db3d490981573dc450d975af~tplv-p14lwwcsbr-7 | 原因=所有CDN均失败
2026-05-01 01:13:55 | 5s |   [FAIL] 下载失败 | comments.id=36643 api_type=comment_image | 表=comments | aweme=7429276471669083451 | 字段=image_list | 原因=下载失败
2026-05-01 01:13:55 | 5s |   [DL] ⚠️  HTTP 403: https://p11-sign.douyinpic.com/tos-cn-i-p14lwwcsbr/927945ba7547485f81f1c3b041abb...
2026-05-01 01:13:55 | 5s |   [DL] ❌ 下载失败，最后尝试的 URL: https://p11-sign.douyinpic.com/tos-cn-i-p14lwwcsbr/927945ba7547485f81f1c3b041abb7e4~tplv-p14lwwcsbr-7.jpeg?lk3s=7b078dd2&x-expires=1776938400&x-signature=jbTuuUO%2F1Uer7qkLDrex4EC%2FieQ%3D&from=2064092626&se=false&sc=image&biz_tag=aweme_comment&l=20260422170631F989A8F715E793524CC4
2026-05-01 01:13:55 | 5s |   [FAIL] 下载失败 | https://p11-sign.douyinpic.com/tos-cn-i-p14lwwcsbr/927945ba7547485f81f1c3b041abb7e4~tplv-p14lwwcsbr- | 原因=所有CDN均失败
2026-05-01 01:13:55 | 5s |   [FAIL] 下载失败 | comments.id=79731 api_type=comment_image | 表=comments | aweme=7552144767007313210 | 字段=image_list | 原因=下载失败
2026-05-01 01:13:55 | 5s |   [DL] ⚠️  HTTP 403: https://p3-sign.douyinpic.com/tos-cn-i-p14lwwcsbr/6b0da7766c894e0abebf6ad4a7fd9f...
2026-05-01 01:13:55 | 5s |   [DL] ⚠️  HTTP 403: https://p5-ex-gddgtc-sign.douyinpic.com/tos-cn-i-p14lwwcsbr/4b7b08f3ee8b4311ba9b...
2026-05-01 01:13:55 | 5s |   [DL] ⚠️  HTTP 403: https://p3-sign.douyinpic.com/tos-cn-i-p14lwwcsbr/4b7b08f3ee8b4311ba9b5bb5821fd7...
2026-05-01 01:13:55 | 5s |   [DL] ❌ 下载失败，最后尝试的 URL: https://p3-sign.douyinpic.com/tos-cn-i-p14lwwcsbr/4b7b08f3ee8b4311ba9b5bb5821fd7ad~tplv-p14lwwcsbr-7.jpeg?lk3s=7b078dd2&x-expires=1776938400&x-signature=YxSKz53Cz0ATtmh4PtvAu12Ktas%3D&from=2064092626&se=false&sc=image&biz_tag=aweme_comment&l=20260422171457227CB154EAFADA87260C
2026-05-01 01:13:55 | 5s |   [FAIL] 下载失败 | https://p3-sign.douyinpic.com/tos-cn-i-p14lwwcsbr/4b7b08f3ee8b4311ba9b5bb5821fd7ad~tplv-p14lwwcsbr-7 | 原因=所有CDN均失败
2026-05-01 01:13:55 | 5s |   [FAIL] 下载失败 | comments.id=82376 api_type=comment_image | 表=comments | aweme=7555833842822843706 | 字段=image_list | 原因=下载失败
2026-05-01 01:13:55 | 5s |   [DL] ⚠️  HTTP 403: https://p5-ex-gddgtc-sign.douyinpic.com/tos-cn-i-p14lwwcsbr/b8184383051645ab9887...
2026-05-01 01:13:55 | 5s |   [DL] ⚠️  HTTP 403: https://p26-sign.douyinpic.com/tos-cn-i-p14lwwcsbr/6b0da7766c894e0abebf6ad4a7fd9...
2026-05-01 01:13:55 | 5s |   [DL] ❌ 下载失败，最后尝试的 URL: https://p26-sign.douyinpic.com/tos-cn-i-p14lwwcsbr/6b0da7766c894e0abebf6ad4a7fd9f53~tplv-p14lwwcsbr-7.jpeg?lk3s=7b078dd2&x-expires=1776931200&x-signature=pvmfkASyCSrz8%2F4eadWxNSV%2FF5I%3D&from=2064092626&se=false&sc=image&biz_tag=aweme_comment&l=202604221546149368303F0521DD6F7028
2026-05-01 01:13:55 | 5s |   [FAIL] 下载失败 | https://p26-sign.douyinpic.com/tos-cn-i-p14lwwcsbr/6b0da7766c894e0abebf6ad4a7fd9f53~tplv-p14lwwcsbr- | 原因=所有CDN均失败
2026-05-01 01:13:55 | 5s |   [FAIL] 下载失败 | comments.id=36543 api_type=comment_image | 表=comments | aweme=7429276471669083451 | 字段=image_list | 原因=下载失败
2026-05-01 01:13:55 | 5s |   [DL] ⚠️  HTTP 403: https://p5-ex-gddgtc-sign.douyinpic.com/obj/tos-cn-i-3jr8j4ixpe/1c75ea069aee4991...
2026-05-01 01:13:55 | 5s |   [DL] ❌ 下载失败，最后尝试的 URL: https://p5-ex-gddgtc-sign.douyinpic.com/obj/tos-cn-i-3jr8j4ixpe/1c75ea069aee4991b7a84e8eb3593232?lk3s=7b078dd2&x-expires=1776934800&x-signature=jJh%2BqUU6hYk5lqIhyXJkUKOgGsU%3D&from=2064092626&s=sticker_comment&se=false&sc=sticker_heif&biz_tag=aweme_comment&l=2026042216210053F020E8E7C2CB5B3884
2026-05-01 01:13:55 | 5s |   [FAIL] 下载失败 | https://p5-ex-gddgtc-sign.douyinpic.com/obj/tos-cn-i-3jr8j4ixpe/1c75ea069aee4991b7a84e8eb3593232?lk3 | 原因=所有CDN均失败
2026-05-01 01:13:55 | 5s |   [FAIL] 下载失败 | comments.id=64278 api_type=comment_sticker | 表=comments | aweme=7503090764761009465 | 字段=sticker | 原因=下载失败
2026-05-01 01:13:55 | 5s |   [DL] ⚠️  HTTP 403: https://p5-ex-gddgtc-sign.douyinpic.com/obj/joker/weshine/a1c14edfa4fb50577b00ea...
2026-05-01 01:13:55 | 5s |   [DL] ⚠️  HTTP 403: https://p11-sign.douyinpic.com/tos-cn-i-p14lwwcsbr/b8184383051645ab988770045be98...
2026-05-01 01:13:55 | 5s |   [DL] ❌ 下载失败，最后尝试的 URL: https://p5-ex-gddgtc-sign.douyinpic.com/obj/joker/weshine/a1c14edfa4fb50577b00eacbf4dcf54c.gif?lk3s=7b078dd2&x-expires=1776931200&x-signature=FTrJYcy2nTXZ%2BETcpQEVLcElGm4%3D&from=2064092626&s=sticker_comment&se=false&sc=sticker_heif&biz_tag=aweme_comment&l=202604221542027EC35B87D218764CE49C
2026-05-01 01:13:55 | 5s |   [FAIL] 下载失败 | https://p5-ex-gddgtc-sign.douyinpic.com/obj/joker/weshine/a1c14edfa4fb50577b00eacbf4dcf54c.gif?lk3s= | 原因=所有CDN均失败
2026-05-01 01:13:55 | 5s |   [FAIL] 下载失败 | comments.id=33243 api_type=comment_sticker | 表=comments | aweme=7418241172264471847 | 字段=sticker | 原因=下载失败
2026-05-01 01:13:55 | 5s |   [DL] ⚠️  HTTP 403: https://p3-sign.douyinpic.com/tos-cn-i-p14lwwcsbr/b8184383051645ab988770045be98b...
2026-05-01 01:13:55 | 6s |   [DL] ⚠️  HTTP 403: https://p5-ex-gddgtc-sign.douyinpic.com/tos-cn-i-p14lwwcsbr/b8184383051645ab9887...
2026-05-01 01:13:55 | 6s |   [DL] ❌ 下载失败，最后尝试的 URL: https://p5-ex-gddgtc-sign.douyinpic.com/tos-cn-i-p14lwwcsbr/b8184383051645ab988770045be98b8f~tplv-p14lwwcsbr-7.jpeg?lk3s=7b078dd2&x-expires=1776931200&x-signature=LvTdYr%2B7YeH4zmRjqwAd3zTHL%2FE%3D&from=2064092626&se=false&sc=image&biz_tag=aweme_comment&l=20260422154559010F5AA21A57D24DBB54
2026-05-01 01:13:55 | 6s |   [FAIL] 下载失败 | https://p5-ex-gddgtc-sign.douyinpic.com/tos-cn-i-p14lwwcsbr/b8184383051645ab988770045be98b8f~tplv-p1 | 原因=所有CDN均失败
2026-05-01 01:13:55 | 6s |   [FAIL] 下载失败 | comments.id=36324 api_type=comment_image | 表=comments | aweme=7429276471669083451 | 字段=image_list | 原因=下载失败
2026-05-01 01:13:55 | 6s |   [DL] ⚠️  HTTP 403: https://p11-sign.douyinpic.com/obj/tos-cn-i-3jr8j4ixpe/43ee0173dc4845d4961daa5c4...
2026-05-01 01:13:55 | 6s |   [DL] ❌ 下载失败，最后尝试的 URL: https://p11-sign.douyinpic.com/obj/tos-cn-i-3jr8j4ixpe/43ee0173dc4845d4961daa5c46dd5729?lk3s=7b078dd2&x-expires=1776931200&x-signature=%2BMIGbXq%2B96hbNzXap4eRiD9TXgg%3D&from=2064092626&s=sticker_comment&se=false&sc=sticker_heif&biz_tag=aweme_comment&l=20260422152803E8B12126ED20E34EA202
2026-05-01 01:13:55 | 6s |   [FAIL] 下载失败 | https://p11-sign.douyinpic.com/obj/tos-cn-i-3jr8j4ixpe/43ee0173dc4845d4961daa5c46dd5729?lk3s=7b078dd | 原因=所有CDN均失败
2026-05-01 01:13:55 | 6s |   [FAIL] 下载失败 | comments.id=22157 api_type=comment_sticker | 表=comments | aweme=7374457005232131343 | 字段=sticker | 原因=下载失败
2026-05-01 01:13:55 | 6s |   [DL] ⚠️  HTTP 403: https://p5-ex-gddgtc-sign.douyinpic.com/tos-cn-i-p14lwwcsbr/6335d8a759b940869960...
2026-05-01 01:13:55 | 6s |   [DL] ⚠️  HTTP 403: https://p5-ex-gddgtc-sign.douyinpic.com/tos-cn-i-p14lwwcsbr/52a9bd3b50254df6a399...
2026-05-01 01:13:55 | 6s |   [DL] ⚠️  HTTP 403: https://p5-sign.douyinpic.com/tos-cn-i-p14lwwcsbr/52a9bd3b50254df6a399029fa65718...
2026-05-01 01:13:55 | 6s |   [DL] ⚠️  HTTP 403: https://p26-sign.douyinpic.com/tos-cn-i-p14lwwcsbr/6335d8a759b9408699609a200a077...
2026-05-01 01:13:55 | 6s |   [DL] ⚠️  HTTP 403: https://p26-sign.douyinpic.com/tos-cn-i-p14lwwcsbr/cb5d0806469648f59c2415ef23459...
2026-05-01 01:13:55 | 6s |   [DL] ⚠️  HTTP 403: https://p3-sign.douyinpic.com/tos-cn-i-p14lwwcsbr/6ce05fd7cbe84206b0f6b3a7236811...
2026-05-01 01:13:55 | 6s |   [DL] ⚠️  HTTP 403: https://p26-sign.douyinpic.com/tos-cn-i-p14lwwcsbr/52a9bd3b50254df6a399029fa6571...
2026-05-01 01:13:55 | 6s |   [DL] ⚠️  HTTP 403: https://p11-sign.douyinpic.com/tos-cn-i-p14lwwcsbr/6335d8a759b9408699609a200a077...
2026-05-01 01:13:55 | 6s |   [DL] ⚠️  HTTP 403: https://p26-sign.douyinpic.com/tos-cn-i-p14lwwcsbr/d53156979ef84312be17fa80eb539...
2026-05-01 01:13:55 | 6s |   [DL] ⚠️  HTTP 403: https://p5-ex-gddgtc-sign.douyinpic.com/tos-cn-i-p14lwwcsbr/6ce05fd7cbe84206b0f6...
2026-05-01 01:13:55 | 6s |   [DL] ⚠️  HTTP 403: https://p3-sign.douyinpic.com/tos-cn-i-p14lwwcsbr/cb5d0806469648f59c2415ef234591...
2026-05-01 01:13:55 | 6s |   [DL] ⚠️  HTTP 403: https://p5-ex-gddgtc-sign.douyinpic.com/tos-cn-i-p14lwwcsbr/d53156979ef84312be17...
2026-05-01 01:13:55 | 6s |   [DL] ⚠️  HTTP 403: https://p5-ex-gddgtc-sign.douyinpic.com/tos-cn-i-p14lwwcsbr/6335d8a759b940869960...
2026-05-01 01:13:55 | 6s |   [DL] ⚠️  HTTP 403: https://p5-ex-gddgtc-sign.douyinpic.com/tos-cn-i-p14lwwcsbr/52a9bd3b50254df6a399...
2026-05-01 01:13:55 | 6s |   [DL] ❌ 下载失败，最后尝试的 URL: https://p5-ex-gddgtc-sign.douyinpic.com/tos-cn-i-p14lwwcsbr/6335d8a759b9408699609a200a077fa6~tplv-p14lwwcsbr-7.jpeg?lk3s=7b078dd2&x-expires=1776931200&x-signature=ojKaPoY6GoDuszXs9VVenJwfaVo%3D&from=2064092626&se=false&sc=image&biz_tag=aweme_comment&l=20260422154606FF992CDA2BC9154ED157
2026-05-01 01:13:55 | 6s |   [FAIL] 下载失败 | https://p5-ex-gddgtc-sign.douyinpic.com/tos-cn-i-p14lwwcsbr/6335d8a759b9408699609a200a077fa6~tplv-p1 | 原因=所有CDN均失败
2026-05-01 01:13:55 | 6s |   [FAIL] 下载失败 | comments.id=36409 api_type=comment_image | 表=comments | aweme=7429276471669083451 | 字段=image_list | 原因=下载失败
2026-05-01 01:13:55 | 6s |   [DL] ❌ 下载失败，最后尝试的 URL: https://p5-ex-gddgtc-sign.douyinpic.com/tos-cn-i-p14lwwcsbr/52a9bd3b50254df6a399029fa6571887~tplv-p14lwwcsbr-7.jpeg?lk3s=7b078dd2&x-expires=1776931200&x-signature=1nbhUZtGZbmCsBVuCQr%2BXYOSKYU%3D&from=2064092626&se=false&sc=image&biz_tag=aweme_comment&l=2026042215461891CC4DEE5D05024DA9AD
2026-05-01 01:13:55 | 6s |   [FAIL] 下载失败 | https://p5-ex-gddgtc-sign.douyinpic.com/tos-cn-i-p14lwwcsbr/52a9bd3b50254df6a399029fa6571887~tplv-p1 | 原因=所有CDN均失败
2026-05-01 01:13:55 | 6s |   [FAIL] 下载失败 | comments.id=36600 api_type=comment_image | 表=comments | aweme=7429276471669083451 | 字段=image_list | 原因=下载失败
2026-05-01 01:13:55 | 6s |   [DL] ⚠️  HTTP 403: https://p26-sign.douyinpic.com/tos-cn-i-p14lwwcsbr/6ce05fd7cbe84206b0f6b3a723681...
2026-05-01 01:13:55 | 6s |   [DL] ⚠️  HTTP 403: https://p5-ex-gddgtc-sign.douyinpic.com/tos-cn-i-p14lwwcsbr/cb5d0806469648f59c24...
2026-05-01 01:13:55 | 6s |   [DL] ⚠️  HTTP 403: https://p11-sign.douyinpic.com/tos-cn-i-p14lwwcsbr/928c0cc297e946688c4b2dd8cf4dc...
2026-05-01 01:13:55 | 6s |   [DL] ⚠️  HTTP 403: https://p26-sign.douyinpic.com/tos-cn-i-p14lwwcsbr/cb5d0806469648f59c2415ef23459...
2026-05-01 01:13:55 | 6s |   [DL] ⚠️  HTTP 403: https://p3-sign.douyinpic.com/tos-cn-i-p14lwwcsbr/67601bf2921a4e5f901ee2621d9ff8...
2026-05-01 01:13:55 | 6s |   [DL] ❌ 下载失败，最后尝试的 URL: https://p26-sign.douyinpic.com/tos-cn-i-p14lwwcsbr/cb5d0806469648f59c2415ef234591f6~tplv-p14lwwcsbr-7.jpeg?lk3s=7b078dd2&x-expires=1776938400&x-signature=AUe6MHBACVihqxkLyz6M8caJOLQ%3D&from=2064092626&se=false&sc=image&biz_tag=aweme_comment&l=20260422171452465F39867C272550D4C5
2026-05-01 01:13:55 | 6s |   [FAIL] 下载失败 | https://p26-sign.douyinpic.com/tos-cn-i-p14lwwcsbr/cb5d0806469648f59c2415ef234591f6~tplv-p14lwwcsbr- | 原因=所有CDN均失败
2026-05-01 01:13:55 | 6s |   [FAIL] 下载失败 | comments.id=82345 api_type=comment_image | 表=comments | aweme=7555833842822843706 | 字段=image_list | 原因=下载失败
2026-05-01 01:13:55 | 6s |   [DL] ⚠️  HTTP 403: https://p3-sign.douyinpic.com/tos-cn-i-p14lwwcsbr/d53156979ef84312be17fa80eb539c...
2026-05-01 01:13:56 | 6s |   [DL] ⚠️  HTTP 403: https://p11-sign.douyinpic.com/tos-cn-i-p14lwwcsbr/a9b36ab7a89545b083a1dca53ebf1...
2026-05-01 01:13:56 | 6s |   [DL] ⚠️  HTTP 403: https://p3-sign.douyinpic.com/tos-cn-i-p14lwwcsbr/6ce05fd7cbe84206b0f6b3a7236811...
2026-05-01 01:13:56 | 6s |   [DL] ❌ 下载失败，最后尝试的 URL: https://p3-sign.douyinpic.com/tos-cn-i-p14lwwcsbr/6ce05fd7cbe84206b0f6b3a723681163~tplv-p14lwwcsbr-7.jpeg?lk3s=7b078dd2&x-expires=1776931200&x-signature=iIXzcCXeRLnAYl6qHs4W%2FzSS9fI%3D&from=2064092626&se=false&sc=image&biz_tag=aweme_comment&l=2026042215462986EC7CAE905A3B6CC944
2026-05-01 01:13:56 | 6s |   [FAIL] 下载失败 | https://p3-sign.douyinpic.com/tos-cn-i-p14lwwcsbr/6ce05fd7cbe84206b0f6b3a723681163~tplv-p14lwwcsbr-7 | 原因=所有CDN均失败
2026-05-01 01:13:56 | 6s |   [FAIL] 下载失败 | comments.id=36773 api_type=comment_image | 表=comments | aweme=7429276471669083451 | 字段=image_list | 原因=下载失败
2026-05-01 01:13:56 | 6s |   [DL] ⚠️  HTTP 403: https://p26-sign.douyinpic.com/tos-cn-i-p14lwwcsbr/abd658a124994cf8abcd0dd74ff9e...
2026-05-01 01:13:56 | 6s |   [DL] ⚠️  HTTP 403: https://p5-ex-gddgtc-sign.douyinpic.com/tos-cn-i-p14lwwcsbr/67601bf2921a4e5f901e...
2026-05-01 01:13:56 | 6s |   [DL] ⚠️  HTTP 403: https://p3-sign.douyinpic.com/tos-cn-i-p14lwwcsbr/928c0cc297e946688c4b2dd8cf4dc0...
2026-05-01 01:13:56 | 6s |   [DL] ⚠️  HTTP 403: https://p26-sign.douyinpic.com/tos-cn-i-p14lwwcsbr/d53156979ef84312be17fa80eb539...
2026-05-01 01:13:56 | 6s |   [DL] ❌ 下载失败，最后尝试的 URL: https://p26-sign.douyinpic.com/tos-cn-i-p14lwwcsbr/d53156979ef84312be17fa80eb539c5b~tplv-p14lwwcsbr-7.jpeg?lk3s=7b078dd2&x-expires=1776931200&x-signature=MxyKnCb6xDkhs%2BN04iIMxET7Njg%3D&from=2064092626&se=false&sc=image&biz_tag=aweme_comment&l=202604221546278C589B72AFFA1849E615
2026-05-01 01:13:56 | 6s |   [FAIL] 下载失败 | https://p26-sign.douyinpic.com/tos-cn-i-p14lwwcsbr/d53156979ef84312be17fa80eb539c5b~tplv-p14lwwcsbr- | 原因=所有CDN均失败
2026-05-01 01:13:56 | 6s |   [FAIL] 下载失败 | comments.id=36728 api_type=comment_image | 表=comments | aweme=7429276471669083451 | 字段=image_list | 原因=下载失败
2026-05-01 01:13:56 | 6s |   [DL] ⚠️  HTTP 403: https://p26-sign.douyinpic.com/tos-cn-i-p14lwwcsbr/67601bf2921a4e5f901ee2621d9ff...
2026-05-01 01:13:56 | 6s |   [DL] ⚠️  HTTP 403: https://p3-sign.douyinpic.com/tos-cn-i-p14lwwcsbr/a9b36ab7a89545b083a1dca53ebf1d...
2026-05-01 01:13:56 | 6s |   [DL] ⚠️  HTTP 403: https://p9-sign.douyinpic.com/tos-cn-i-p14lwwcsbr/abd658a124994cf8abcd0dd74ff9ee...
2026-05-01 01:13:56 | 6s |   [DL] ⚠️  HTTP 403: https://p26-sign.douyinpic.com/tos-cn-i-p14lwwcsbr/928c0cc297e946688c4b2dd8cf4dc...
2026-05-01 01:13:56 | 6s |   [DL] ⚠️  HTTP 403: https://p3-sign.douyinpic.com/obj/joker/weshine/01c8773ee76ad1a5dc050baa02ec6d85...
2026-05-01 01:13:56 | 6s |   [DL] ❌ 下载失败，最后尝试的 URL: https://p3-sign.douyinpic.com/obj/joker/weshine/01c8773ee76ad1a5dc050baa02ec6d85.gif?lk3s=7b078dd2&x-expires=1776931200&x-signature=82jUUtxhYYvXkrxisDv5Lhr%2B7mI%3D&from=2064092626&s=sticker_comment&se=false&sc=sticker_heif&biz_tag=aweme_comment&l=2026042215495736EE1CA184E7F5549A2C
2026-05-01 01:13:56 | 6s |   [FAIL] 下载失败 | https://p3-sign.douyinpic.com/obj/joker/weshine/01c8773ee76ad1a5dc050baa02ec6d85.gif?lk3s=7b078dd2&x | 原因=所有CDN均失败
2026-05-01 01:13:56 | 6s |   [FAIL] 下载失败 | comments.id=39517 api_type=comment_sticker | 表=comments | aweme=7437445576398048571 | 字段=sticker | 原因=下载失败
2026-05-01 01:13:56 | 6s |   [DL] ⚠️  HTTP 403: https://p26-sign.douyinpic.com/tos-cn-i-p14lwwcsbr/a9b36ab7a89545b083a1dca53ebf1...
2026-05-01 01:13:56 | 6s |   [DL] ⚠️  HTTP 403: https://p11-sign.douyinpic.com/tos-cn-i-p14lwwcsbr/928c0cc297e946688c4b2dd8cf4dc...
2026-05-01 01:13:56 | 6s |   [DL] ⚠️  HTTP 403: https://p26-sign.douyinpic.com/tos-cn-i-p14lwwcsbr/8021ec5dcc93470b9ff105110e288...
2026-05-01 01:13:56 | 6s |   [DL] ❌ 下载失败，最后尝试的 URL: https://p11-sign.douyinpic.com/tos-cn-i-p14lwwcsbr/928c0cc297e946688c4b2dd8cf4dc00c~tplv-p14lwwcsbr-7.jpeg?lk3s=7b078dd2&x-expires=1776931200&x-signature=MHFhu1aHBFjc81b7Rl2Rotrocq8%3D&from=2064092626&se=false&sc=image&biz_tag=aweme_comment&l=2026042215463186EC7CAE905A3B6CC9BC
2026-05-01 01:13:56 | 6s |   [FAIL] 下载失败 | https://p11-sign.douyinpic.com/tos-cn-i-p14lwwcsbr/928c0cc297e946688c4b2dd8cf4dc00c~tplv-p14lwwcsbr- | 原因=所有CDN均失败
2026-05-01 01:13:56 | 6s |   [FAIL] 下载失败 | comments.id=36791 api_type=comment_image | 表=comments | aweme=7429276471669083451 | 字段=image_list | 原因=下载失败
2026-05-01 01:13:56 | 6s |   [DL] ⚠️  HTTP 403: https://p5-ex-gddgtc-sign.douyinpic.com/tos-cn-i-p14lwwcsbr/abd658a124994cf8abcd...
2026-05-01 01:13:56 | 6s |   [DL] ⚠️  HTTP 403: https://p3-sign.douyinpic.com/tos-cn-i-p14lwwcsbr/67601bf2921a4e5f901ee2621d9ff8...
2026-05-01 01:13:56 | 6s |   [DL] ❌ 下载失败，最后尝试的 URL: https://p3-sign.douyinpic.com/tos-cn-i-p14lwwcsbr/67601bf2921a4e5f901ee2621d9ff8c6~tplv-p14lwwcsbr-7.jpeg?lk3s=7b078dd2&x-expires=1776938400&x-signature=iOzpex7J08dvNvu%2Fy%2FgBtTkTraI%3D&from=2064092626&se=false&sc=image&biz_tag=aweme_comment&l=20260422171350B2A2F41B1F4801575F84
2026-05-01 01:13:56 | 6s |   [FAIL] 下载失败 | https://p3-sign.douyinpic.com/tos-cn-i-p14lwwcsbr/67601bf2921a4e5f901ee2621d9ff8c6~tplv-p14lwwcsbr-7 | 原因=所有CDN均失败
2026-05-01 01:13:56 | 6s |   [FAIL] 下载失败 | comments.id=82002 api_type=comment_image | 表=comments | aweme=7555833842822843706 | 字段=image_list | 原因=下载失败
2026-05-01 01:13:56 | 6s |   [DL] ⚠️  HTTP 403: https://p3-sign.douyinpic.com/tos-cn-i-p14lwwcsbr/51732243dc04424e8eec80370110c9...
2026-05-01 01:13:56 | 6s |   [DL] ⚠️  HTTP 403: https://p11-sign.douyinpic.com/tos-cn-i-p14lwwcsbr/a9b36ab7a89545b083a1dca53ebf1...
2026-05-01 01:13:56 | 6s |   [DL] ❌ 下载失败，最后尝试的 URL: https://p11-sign.douyinpic.com/tos-cn-i-p14lwwcsbr/a9b36ab7a89545b083a1dca53ebf1dba~tplv-p14lwwcsbr-7.jpeg?lk3s=7b078dd2&x-expires=1776931200&x-signature=CGz%2BNOYYFuf16QJs0mc4EvA2hT0%3D&from=2064092626&se=false&sc=image&biz_tag=aweme_comment&l=202604221546019671705BAEB2D651D52C
2026-05-01 01:13:56 | 6s |   [FAIL] 下载失败 | https://p11-sign.douyinpic.com/tos-cn-i-p14lwwcsbr/a9b36ab7a89545b083a1dca53ebf1dba~tplv-p14lwwcsbr- | 原因=所有CDN均失败
2026-05-01 01:13:56 | 6s |   [FAIL] 下载失败 | comments.id=36340 api_type=comment_image | 表=comments | aweme=7429276471669083451 | 字段=image_list | 原因=下载失败
2026-05-01 01:13:56 | 6s |   [DL] ⚠️  HTTP 403: https://p26-sign.douyinpic.com/tos-cn-i-p14lwwcsbr/abd658a124994cf8abcd0dd74ff9e...
2026-05-01 01:13:56 | 6s |   [DL] ⚠️  HTTP 403: https://p26-sign.douyinpic.com/tos-cn-i-p14lwwcsbr/8393988be5e640ddaf0fb9ab222d1...
2026-05-01 01:13:56 | 6s |   [DL] ❌ 下载失败，最后尝试的 URL: https://p26-sign.douyinpic.com/tos-cn-i-p14lwwcsbr/abd658a124994cf8abcd0dd74ff9ee04~tplv-p14lwwcsbr-7.jpeg?lk3s=7b078dd2&x-expires=1776931200&x-signature=ZFyj9B8ls45HN9iX90iYjCKCpds%3D&from=2064092626&se=false&sc=image&biz_tag=aweme_comment&l=20260422154624F0B16ED8C5BF405439E7
2026-05-01 01:13:56 | 6s |   [FAIL] 下载失败 | https://p26-sign.douyinpic.com/tos-cn-i-p14lwwcsbr/abd658a124994cf8abcd0dd74ff9ee04~tplv-p14lwwcsbr- | 原因=所有CDN均失败
2026-05-01 01:13:56 | 6s |   [FAIL] 下载失败 | comments.id=36707 api_type=comment_image | 表=comments | aweme=7429276471669083451 | 字段=image_list | 原因=下载失败
2026-05-01 01:13:56 | 6s |   [DL] ⚠️  HTTP 403: https://p26-sign.douyinpic.com/tos-cn-i-p14lwwcsbr/51732243dc04424e8eec80370110c...
2026-05-01 01:13:56 | 6s |   [DL] ⚠️  HTTP 403: https://p3-sign.douyinpic.com/tos-cn-i-p14lwwcsbr/8021ec5dcc93470b9ff105110e288c...
2026-05-01 01:13:56 | 6s |   [DL] ⚠️  HTTP 403: https://p26-sign.douyinpic.com/tos-cn-i-p14lwwcsbr/95d264037aea4bf996a8a39698176...
2026-05-01 01:13:56 | 6s |   [DL] ⚠️  HTTP 403: https://p3-sign.douyinpic.com/tos-cn-i-p14lwwcsbr/4674c8d33ed14608ad68540ed99ab0...
2026-05-01 01:13:56 | 6s |   [DL] ⚠️  HTTP 403: https://p26-sign.douyinpic.com/tos-cn-i-p14lwwcsbr/9846ba16f0834a37b2ac21d7a5bd5...
2026-05-01 01:13:56 | 6s |   [DL] ⚠️  HTTP 403: https://p5-ex-gddgtc-sign.douyinpic.com/tos-cn-i-p14lwwcsbr/8393988be5e640ddaf0f...
2026-05-01 01:13:56 | 6s |   [DL] ⚠️  HTTP 403: https://p11-sign.douyinpic.com/tos-cn-i-p14lwwcsbr/4674c8d33ed14608ad68540ed99ab...
2026-05-01 01:13:56 | 6s |   [DL] ⚠️  HTTP 403: https://p5-ex-gddgtc-sign.douyinpic.com/tos-cn-i-p14lwwcsbr/51732243dc04424e8eec...
2026-05-01 01:13:56 | 6s |   [DL] ⚠️  HTTP 403: https://p5-ex-gddgtc-sign.douyinpic.com/tos-cn-i-p14lwwcsbr/8021ec5dcc93470b9ff1...
2026-05-01 01:13:56 | 6s |   [DL] ⚠️  HTTP 403: https://p11-sign.douyinpic.com/tos-cn-i-p14lwwcsbr/9846ba16f0834a37b2ac21d7a5bd5...
2026-05-01 01:13:56 | 6s |   [DL] ⚠️  HTTP 403: https://p3-sign.douyinpic.com/tos-cn-i-p14lwwcsbr/95d264037aea4bf996a8a396981767...
2026-05-01 01:13:56 | 6s |   [DL] ⚠️  HTTP 403: https://p3-sign.douyinpic.com/tos-cn-i-p14lwwcsbr/8393988be5e640ddaf0fb9ab222d1d...
2026-05-01 01:13:56 | 6s |   [DL] ⚠️  HTTP 403: https://p26-sign.douyinpic.com/tos-cn-i-p14lwwcsbr/8021ec5dcc93470b9ff105110e288...
2026-05-01 01:13:56 | 6s |   [DL] ❌ 下载失败，最后尝试的 URL: https://p26-sign.douyinpic.com/tos-cn-i-p14lwwcsbr/8021ec5dcc93470b9ff105110e288cd7~tplv-p14lwwcsbr-7.jpeg?lk3s=7b078dd2&x-expires=1776952800&x-signature=D0%2F%2FSdYFxQfL5G1DpuWnnoFVNZI%3D&from=2064092626&se=false&sc=image&biz_tag=aweme_comment&l=20260422213043620A31DAC0379774BAE8
2026-05-01 01:13:56 | 6s |   [FAIL] 下载失败 | https://p26-sign.douyinpic.com/tos-cn-i-p14lwwcsbr/8021ec5dcc93470b9ff105110e288cd7~tplv-p14lwwcsbr- | 原因=所有CDN均失败
2026-05-01 01:13:56 | 6s |   [FAIL] 下载失败 | replies.id=18126 api_type=reply_image | 表=replies | aweme=7560954743410675002 | 字段=image_list | 原因=下载失败
2026-05-01 01:13:56 | 6s |   [DL] ⚠️  HTTP 403: https://p26-sign.douyinpic.com/tos-cn-i-p14lwwcsbr/4674c8d33ed14608ad68540ed99ab...
2026-05-01 01:13:56 | 6s |   [DL] ⚠️  HTTP 403: https://p5-ex-gddgtc-sign.douyinpic.com/tos-cn-i-p14lwwcsbr/9846ba16f0834a37b2ac...
2026-05-01 01:13:56 | 6s |   [DL] ⚠️  HTTP 403: https://p11-sign.douyinpic.com/tos-cn-i-p14lwwcsbr/95d264037aea4bf996a8a39698176...
2026-05-01 01:13:56 | 6s |   [DL] ⚠️  HTTP 403: https://p3-sign.douyinpic.com/tos-cn-i-p14lwwcsbr/51732243dc04424e8eec80370110c9...
2026-05-01 01:13:56 | 6s |   [DL] ❌ 下载失败，最后尝试的 URL: https://p3-sign.douyinpic.com/tos-cn-i-p14lwwcsbr/51732243dc04424e8eec80370110c999~tplv-p14lwwcsbr-7.jpeg?lk3s=7b078dd2&x-expires=1776938400&x-signature=3IoMjeauLt47r6KC%2FD8nWMcTtrk%3D&from=2064092626&se=false&sc=image&biz_tag=aweme_comment&l=2026042217061029C091AABE696973AD6A
2026-05-01 01:13:56 | 6s |   [FAIL] 下载失败 | https://p3-sign.douyinpic.com/tos-cn-i-p14lwwcsbr/51732243dc04424e8eec80370110c999~tplv-p14lwwcsbr-7 | 原因=所有CDN均失败
2026-05-01 01:13:56 | 6s |   [FAIL] 下载失败 | comments.id=79619 api_type=comment_image | 表=comments | aweme=7552144767007313210 | 字段=image_list | 原因=下载失败
2026-05-01 01:13:56 | 6s |   [DL] ⚠️  HTTP 403: https://p5-ex-gddgtc-sign.douyinpic.com/tos-cn-i-p14lwwcsbr/126a54c0b64d433ab391...
2026-05-01 01:13:56 | 6s |   [DL] ⚠️  HTTP 403: https://p26-sign.douyinpic.com/tos-cn-i-p14lwwcsbr/8393988be5e640ddaf0fb9ab222d1...
2026-05-01 01:13:56 | 6s |   [DL] ❌ 下载失败，最后尝试的 URL: https://p26-sign.douyinpic.com/tos-cn-i-p14lwwcsbr/8393988be5e640ddaf0fb9ab222d1d11~tplv-p14lwwcsbr-7.jpeg?lk3s=7b078dd2&x-expires=1776938400&x-signature=KsS3FP9CPVlO%2BJcB0sF%2B2W%2BuX%2Bs%3D&from=2064092626&se=false&sc=image&biz_tag=aweme_comment&l=2026042217062814E7A57EEC1364771684
2026-05-01 01:13:56 | 6s |   [FAIL] 下载失败 | https://p26-sign.douyinpic.com/tos-cn-i-p14lwwcsbr/8393988be5e640ddaf0fb9ab222d1d11~tplv-p14lwwcsbr- | 原因=所有CDN均失败
2026-05-01 01:13:56 | 6s |   [FAIL] 下载失败 | comments.id=79714 api_type=comment_image | 表=comments | aweme=7552144767007313210 | 字段=image_list | 原因=下载失败
2026-05-01 01:13:56 | 6s |   [DL] ⚠️  HTTP 403: https://p26-sign.douyinpic.com/tos-cn-i-p14lwwcsbr/95d264037aea4bf996a8a39698176...
2026-05-01 01:13:56 | 6s |   [DL] ❌ 下载失败，最后尝试的 URL: https://p26-sign.douyinpic.com/tos-cn-i-p14lwwcsbr/95d264037aea4bf996a8a396981767ad~tplv-p14lwwcsbr-7.jpeg?lk3s=7b078dd2&x-expires=1776931200&x-signature=%2FtRYC08gUq9g44LpdMt4j2f0UQE%3D&from=2064092626&se=false&sc=image&biz_tag=aweme_comment&l=2026042215462159E8EFCA34A1137CCBA3
2026-05-01 01:13:56 | 6s |   [FAIL] 下载失败 | https://p26-sign.douyinpic.com/tos-cn-i-p14lwwcsbr/95d264037aea4bf996a8a396981767ad~tplv-p14lwwcsbr- | 原因=所有CDN均失败
2026-05-01 01:13:56 | 6s |   [FAIL] 下载失败 | comments.id=36654 api_type=comment_image | 表=comments | aweme=7429276471669083451 | 字段=image_list | 原因=下载失败
2026-05-01 01:13:56 | 6s |   [DL] ⚠️  HTTP 403: https://p26-sign.douyinpic.com/tos-cn-i-p14lwwcsbr/9846ba16f0834a37b2ac21d7a5bd5...
2026-05-01 01:13:56 | 6s |   [DL] ❌ 下载失败，最后尝试的 URL: https://p26-sign.douyinpic.com/tos-cn-i-p14lwwcsbr/9846ba16f0834a37b2ac21d7a5bd5bbe~tplv-p14lwwcsbr-7.jpeg?lk3s=7b078dd2&x-expires=1776931200&x-signature=9FOZ8F0VAzF8fv5Wm7hYWqoeMPk%3D&from=2064092626&se=false&sc=image&biz_tag=aweme_comment&l=202604221546284D4EEE93EAA53277EEBF
2026-05-01 01:13:56 | 6s |   [FAIL] 下载失败 | https://p26-sign.douyinpic.com/tos-cn-i-p14lwwcsbr/9846ba16f0834a37b2ac21d7a5bd5bbe~tplv-p14lwwcsbr- | 原因=所有CDN均失败
2026-05-01 01:13:56 | 6s |   [FAIL] 下载失败 | comments.id=36762 api_type=comment_image | 表=comments | aweme=7429276471669083451 | 字段=image_list | 原因=下载失败
2026-05-01 01:13:56 | 6s |   [DL] ⚠️  HTTP 403: https://p3-sign.douyinpic.com/tos-cn-i-p14lwwcsbr/d860f6d286cc492693d87fef3ef5c4...
2026-05-01 01:13:56 | 6s |   [DL] ⚠️  HTTP 403: https://p3-sign.douyinpic.com/tos-cn-i-p14lwwcsbr/4674c8d33ed14608ad68540ed99ab0...
2026-05-01 01:13:56 | 6s |   [DL] ❌ 下载失败，最后尝试的 URL: https://p3-sign.douyinpic.com/tos-cn-i-p14lwwcsbr/4674c8d33ed14608ad68540ed99ab0e2~tplv-p14lwwcsbr-7.jpeg?lk3s=7b078dd2&x-expires=1776931200&x-signature=p8JH3C94F0S4evAbEFq7vk8eBcY%3D&from=2064092626&se=false&sc=image&biz_tag=aweme_comment&l=2026042215462986EC7CAE905A3B6CC944
2026-05-01 01:13:56 | 6s |   [FAIL] 下载失败 | https://p3-sign.douyinpic.com/tos-cn-i-p14lwwcsbr/4674c8d33ed14608ad68540ed99ab0e2~tplv-p14lwwcsbr-7 | 原因=所有CDN均失败
2026-05-01 01:13:56 | 6s |   [FAIL] 下载失败 | comments.id=36771 api_type=comment_image | 表=comments | aweme=7429276471669083451 | 字段=image_list | 原因=下载失败
2026-05-01 01:13:56 | 6s |   [DL] ⚠️  HTTP 403: https://p11-sign.douyinpic.com/tos-cn-i-p14lwwcsbr/126a54c0b64d433ab391dd2be1d1f...
2026-05-01 01:13:56 | 6s |   [DL] ⚠️  HTTP 403: https://p26-sign.douyinpic.com/tos-cn-i-p14lwwcsbr/0d5d3ed3121b4e29804f895678941...
2026-05-01 01:13:56 | 7s |   [DL] ⚠️  HTTP 403: https://p3-sign.douyinpic.com/tos-cn-i-p14lwwcsbr/2f4f8b4f78a545b598d95506bac677...
2026-05-01 01:13:56 | 7s |   [DL] ⚠️  HTTP 403: https://p5-ex-gddgtc-sign.douyinpic.com/tos-cn-i-p14lwwcsbr/d860f6d286cc492693d8...
2026-05-01 01:13:56 | 7s |   [DL] ⚠️  HTTP 403: https://p26-sign.douyinpic.com/tos-cn-i-p14lwwcsbr/126a54c0b64d433ab391dd2be1d1f...
2026-05-01 01:13:56 | 7s |   [DL] ⚠️  HTTP 403: https://p11-sign.douyinpic.com/tos-cn-i-p14lwwcsbr/2f4f8b4f78a545b598d95506bac67...
2026-05-01 01:13:56 | 7s |   [DL] ⚠️  HTTP 403: https://p3-sign.douyinpic.com/tos-cn-i-p14lwwcsbr/e2a2935810aa4b8b87c5d164afb794...
2026-05-01 01:13:56 | 7s |   [DL] ⚠️  HTTP 403: https://p3-sign.douyinpic.com/tos-cn-i-p14lwwcsbr/7d0f8f99d5c44513908b7a5b2d557e...
2026-05-01 01:13:56 | 7s |   [DL] ⚠️  HTTP 403: https://p3-sign.douyinpic.com/tos-cn-i-p14lwwcsbr/0d5d3ed3121b4e29804f895678941a...
2026-05-01 01:13:56 | 7s |   [DL] ⚠️  HTTP 403: https://p26-sign.douyinpic.com/tos-cn-i-p14lwwcsbr/d860f6d286cc492693d87fef3ef5c...
2026-05-01 01:13:56 | 7s |   [DL] ⚠️  HTTP 403: https://p5-ex-gddgtc-sign.douyinpic.com/tos-cn-i-p14lwwcsbr/126a54c0b64d433ab391...
2026-05-01 01:13:56 | 7s |   [DL] ❌ 下载失败，最后尝试的 URL: https://p5-ex-gddgtc-sign.douyinpic.com/tos-cn-i-p14lwwcsbr/126a54c0b64d433ab391dd2be1d1f8b6~tplv-p14lwwcsbr-7.jpeg?lk3s=7b078dd2&x-expires=1776931200&x-signature=axzIYFIAFuAZgPpcd9xigH4ewsQ%3D&from=2064092626&se=false&sc=image&biz_tag=aweme_comment&l=2026042215460891CC4DEE5D05024DA5A6
2026-05-01 01:13:56 | 7s |   [FAIL] 下载失败 | https://p5-ex-gddgtc-sign.douyinpic.com/tos-cn-i-p14lwwcsbr/126a54c0b64d433ab391dd2be1d1f8b6~tplv-p1 | 原因=所有CDN均失败
2026-05-01 01:13:56 | 7s |   [FAIL] 下载失败 | comments.id=36445 api_type=comment_image | 表=comments | aweme=7429276471669083451 | 字段=image_list | 原因=下载失败
2026-05-01 01:13:56 | 7s |   [DL] ⚠️  HTTP 403: https://p26-sign.douyinpic.com/tos-cn-i-p14lwwcsbr/7d0f8f99d5c44513908b7a5b2d557...
2026-05-01 01:13:56 | 7s |   [DL] ⚠️  HTTP 403: https://p26-sign.douyinpic.com/tos-cn-i-p14lwwcsbr/2f4f8b4f78a545b598d95506bac67...
2026-05-01 01:13:56 | 7s |   [DL] ⚠️  HTTP 403: https://p5-ex-gddgtc-sign.douyinpic.com/tos-cn-i-p14lwwcsbr/e2a2935810aa4b8b87c5...
2026-05-01 01:13:56 | 7s |   [DL] ⚠️  HTTP 403: https://p11-sign.douyinpic.com/tos-cn-i-p14lwwcsbr/0d5d3ed3121b4e29804f895678941...
2026-05-01 01:13:56 | 7s |   [DL] ⚠️  HTTP 403: https://p9-sign.douyinpic.com/obj/tos-cn-o-0812/okAuAfyyBAD0iA5Zadi8vNEj7BBIigGQ...
2026-05-01 01:13:56 | 7s |   [DL] ❌ 下载失败，最后尝试的 URL: https://p9-sign.douyinpic.com/obj/tos-cn-o-0812/okAuAfyyBAD0iA5Zadi8vNEj7BBIigGQyVYEkA?lk3s=7b078dd2&x-expires=1776960000&x-signature=PGcNQ%2BFbEbGoPQbhPvr5GppjCr0%3D&from=2064092626&s=sticker_comment&se=false&sc=sticker_heif&biz_tag=aweme_comment&l=202604231846140F73B10722ECAAC2EAB9
2026-05-01 01:13:56 | 7s |   [FAIL] 下载失败 | https://p9-sign.douyinpic.com/obj/tos-cn-o-0812/okAuAfyyBAD0iA5Zadi8vNEj7BBIigGQyVYEkA?lk3s=7b078dd2 | 原因=所有CDN均失败
2026-05-01 01:13:56 | 7s |   [FAIL] 下载失败 | replies.id=21178 api_type=reply_sticker | 表=replies | aweme=7631634541144461489 | 字段=sticker | 原因=下载失败
2026-05-01 01:13:56 | 7s |   [DL] ⚠️  HTTP 403: https://p3-sign.douyinpic.com/tos-cn-i-p14lwwcsbr/d860f6d286cc492693d87fef3ef5c4...
2026-05-01 01:13:56 | 7s |   [DL] ❌ 下载失败，最后尝试的 URL: https://p3-sign.douyinpic.com/tos-cn-i-p14lwwcsbr/d860f6d286cc492693d87fef3ef5c465~tplv-p14lwwcsbr-7.jpeg?lk3s=7b078dd2&x-expires=1776931200&x-signature=XHNjZ02lBPAxQiXvo3v%2BAA20x1o%3D&from=2064092626&se=false&sc=image&biz_tag=aweme_comment&l=20260422155457D4AC69AC509C06713A5E
2026-05-01 01:13:56 | 7s |   [FAIL] 下载失败 | https://p3-sign.douyinpic.com/tos-cn-i-p14lwwcsbr/d860f6d286cc492693d87fef3ef5c465~tplv-p14lwwcsbr-7 | 原因=所有CDN均失败
2026-05-01 01:13:56 | 7s |   [FAIL] 下载失败 | comments.id=43502 api_type=comment_image | 表=comments | aweme=7447440432881077563 | 字段=image_list | 原因=下载失败
2026-05-01 01:13:56 | 7s |   [DL] ⚠️  HTTP 403: https://p11-sign.douyinpic.com/tos-cn-i-p14lwwcsbr/e2a2935810aa4b8b87c5d164afb79...
2026-05-01 01:13:56 | 7s |   [DL] ⚠️  HTTP 403: https://p11-sign.douyinpic.com/tos-cn-i-p14lwwcsbr/7d0f8f99d5c44513908b7a5b2d557...
2026-05-01 01:13:56 | 7s |   [DL] ⚠️  HTTP 403: https://p26-sign.douyinpic.com/tos-cn-i-p14lwwcsbr/0d5d3ed3121b4e29804f895678941...
2026-05-01 01:13:56 | 7s |   [DL] ❌ 下载失败，最后尝试的 URL: https://p26-sign.douyinpic.com/tos-cn-i-p14lwwcsbr/0d5d3ed3121b4e29804f895678941aff~tplv-p14lwwcsbr-7.jpeg?lk3s=7b078dd2&x-expires=1776931200&x-signature=cCsasWQRTAbHrz7%2BkJyvo9HZluA%3D&from=2064092626&se=false&sc=image&biz_tag=aweme_comment&l=202604221546171B986F7DDF34FD52C394
2026-05-01 01:13:56 | 7s |   [FAIL] 下载失败 | https://p26-sign.douyinpic.com/tos-cn-i-p14lwwcsbr/0d5d3ed3121b4e29804f895678941aff~tplv-p14lwwcsbr- | 原因=所有CDN均失败
2026-05-01 01:13:56 | 7s |   [FAIL] 下载失败 | comments.id=36584 api_type=comment_image | 表=comments | aweme=7429276471669083451 | 字段=image_list | 原因=下载失败
2026-05-01 01:13:56 | 7s |   [DL] ⚠️  HTTP 403: https://p3-sign.douyinpic.com/tos-cn-i-p14lwwcsbr/2f4f8b4f78a545b598d95506bac677...
2026-05-01 01:13:56 | 7s |   [DL] ❌ 下载失败，最后尝试的 URL: https://p3-sign.douyinpic.com/tos-cn-i-p14lwwcsbr/2f4f8b4f78a545b598d95506bac6778f~tplv-p14lwwcsbr-7.jpeg?lk3s=7b078dd2&x-expires=1776938400&x-signature=onnzrqM70RjIMhPb7%2FxBz9Hloi4%3D&from=2064092626&se=false&sc=image&biz_tag=aweme_comment&l=20260422171457227CB154EAFADA87260C
2026-05-01 01:13:56 | 7s |   [FAIL] 下载失败 | https://p3-sign.douyinpic.com/tos-cn-i-p14lwwcsbr/2f4f8b4f78a545b598d95506bac6778f~tplv-p14lwwcsbr-7 | 原因=所有CDN均失败
2026-05-01 01:13:56 | 7s |   [FAIL] 下载失败 | comments.id=82384 api_type=comment_image | 表=comments | aweme=7555833842822843706 | 字段=image_list | 原因=下载失败
2026-05-01 01:13:56 | 7s |   [DL] ⚠️  HTTP 403: https://p3-sign.douyinpic.com/tos-cn-i-p14lwwcsbr/24128f22a6af4751bc3d279a40d6f0...
2026-05-01 01:13:56 | 7s |   [DL] ⚠️  HTTP 403: https://p3-sign.douyinpic.com/tos-cn-i-p14lwwcsbr/7d0f8f99d5c44513908b7a5b2d557e...
2026-05-01 01:13:56 | 7s |   [DL] ❌ 下载失败，最后尝试的 URL: https://p3-sign.douyinpic.com/tos-cn-i-p14lwwcsbr/7d0f8f99d5c44513908b7a5b2d557e48~tplv-p14lwwcsbr-7.jpeg?lk3s=7b078dd2&x-expires=1776931200&x-signature=nJCGl%2Fd0UzHFerI2zDDTScEbZmY%3D&from=2064092626&se=false&sc=image&biz_tag=aweme_comment&l=2026042215462601C85A22D2C0AB70A1E0
2026-05-01 01:13:56 | 7s |   [FAIL] 下载失败 | https://p3-sign.douyinpic.com/tos-cn-i-p14lwwcsbr/7d0f8f99d5c44513908b7a5b2d557e48~tplv-p14lwwcsbr-7 | 原因=所有CDN均失败
2026-05-01 01:13:56 | 7s |   [FAIL] 下载失败 | comments.id=36727 api_type=comment_image | 表=comments | aweme=7429276471669083451 | 字段=image_list | 原因=下载失败
2026-05-01 01:13:56 | 7s |   [DL] ⚠️  HTTP 403: https://p3-sign.douyinpic.com/tos-cn-i-p14lwwcsbr/e2a2935810aa4b8b87c5d164afb794...
2026-05-01 01:13:56 | 7s |   [DL] ❌ 下载失败，最后尝试的 URL: https://p3-sign.douyinpic.com/tos-cn-i-p14lwwcsbr/e2a2935810aa4b8b87c5d164afb7945e~tplv-p14lwwcsbr-7.jpeg?lk3s=7b078dd2&x-expires=1776938400&x-signature=sJh8%2BJ1%2Bwp2D6rGewepcZnCJYjA%3D&from=2064092626&se=false&sc=image&biz_tag=aweme_comment&l=20260422172339C383647A97FC9F534DAE
2026-05-01 01:13:56 | 7s |   [FAIL] 下载失败 | https://p3-sign.douyinpic.com/tos-cn-i-p14lwwcsbr/e2a2935810aa4b8b87c5d164afb7945e~tplv-p14lwwcsbr-7 | 原因=所有CDN均失败
2026-05-01 01:13:56 | 7s |   [FAIL] 下载失败 | comments.id=85119 api_type=comment_image | 表=comments | aweme=7560954743410675002 | 字段=image_list | 原因=下载失败
2026-05-01 01:13:56 | 7s |   [DL] ⚠️  HTTP 403: https://p11-sign.douyinpic.com/obj/tos-cn-i-3jr8j4ixpe/5e52fb60f9104e8aa66855d12...
2026-05-01 01:13:56 | 7s |   [DL] ❌ 下载失败，最后尝试的 URL: https://p11-sign.douyinpic.com/obj/tos-cn-i-3jr8j4ixpe/5e52fb60f9104e8aa66855d1281cf1d4?lk3s=7b078dd2&x-expires=1776934800&x-signature=NQNAcVeKdB0nSnH%2BG1U2fEMG60E%3D&from=2064092626&s=sticker_comment&se=false&sc=sticker_heif&biz_tag=aweme_comment&l=20260422163120B5D7377D41BB7F7FD1AC
2026-05-01 01:13:56 | 7s |   [FAIL] 下载失败 | https://p11-sign.douyinpic.com/obj/tos-cn-i-3jr8j4ixpe/5e52fb60f9104e8aa66855d1281cf1d4?lk3s=7b078dd | 原因=所有CDN均失败
2026-05-01 01:13:56 | 7s |   [FAIL] 下载失败 | comments.id=72575 api_type=comment_sticker | 表=comments | aweme=7527965091980348732 | 字段=sticker | 原因=下载失败
2026-05-01 01:13:57 | 7s |   [DL] ⚠️  HTTP 403: https://p11-sign.douyinpic.com/tos-cn-i-p14lwwcsbr/24128f22a6af4751bc3d279a40d6f...
2026-05-01 01:13:57 | 7s |   [DL] ⚠️  HTTP 403: https://p11-sign.douyinpic.com/tos-cn-i-p14lwwcsbr/b8c83d45828245b9bc273cbef0b58...
2026-05-01 01:13:57 | 7s |   [DL] ⚠️  HTTP 403: https://p26-sign.douyinpic.com/tos-cn-i-p14lwwcsbr/8f96956ea2964ea894bc28d894935...
2026-05-01 01:13:57 | 7s |   [DL] ⚠️  HTTP 403: https://p5-ex-gddgtc-sign.douyinpic.com/tos-cn-i-p14lwwcsbr/9a9de80a671a41f38a0b...
2026-05-01 01:13:57 | 7s |   [DL] ⚠️  HTTP 403: https://p26-sign.douyinpic.com/tos-cn-i-p14lwwcsbr/24128f22a6af4751bc3d279a40d6f...
2026-05-01 01:13:57 | 7s |   [DL] ⚠️  HTTP 403: https://p26-sign.douyinpic.com/tos-cn-i-p14lwwcsbr/9a9de80a671a41f38a0b3137fac93...
2026-05-01 01:13:57 | 7s |   [DL] ⚠️  HTTP 403: https://p3-sign.douyinpic.com/tos-cn-i-p14lwwcsbr/b8c83d45828245b9bc273cbef0b586...
2026-05-01 01:13:57 | 7s |   [DL] ⚠️  HTTP 403: https://p3-sign.douyinpic.com/tos-cn-i-p14lwwcsbr/8f96956ea2964ea894bc28d894935a...
2026-05-01 01:13:57 | 7s |   [DL] ⚠️  HTTP 403: https://p3-sign.douyinpic.com/tos-cn-i-p14lwwcsbr/76d17b1c6935419b88c5ecf2b492dc...
2026-05-01 01:13:57 | 7s |   [DL] ⚠️  HTTP 403: https://p3-sign.douyinpic.com/tos-cn-i-p14lwwcsbr/24128f22a6af4751bc3d279a40d6f0...
2026-05-01 01:13:57 | 7s |   [DL] ❌ 下载失败，最后尝试的 URL: https://p3-sign.douyinpic.com/tos-cn-i-p14lwwcsbr/24128f22a6af4751bc3d279a40d6f0f5~tplv-p14lwwcsbr-7.jpeg?lk3s=7b078dd2&x-expires=1776938400&x-signature=AvlDeHG78T6joFCO1gagUN5knOE%3D&from=2064092626&se=false&sc=image&biz_tag=aweme_comment&l=20260422171500AC3F6D089E590254DDE6
2026-05-01 01:13:57 | 7s |   [FAIL] 下载失败 | https://p3-sign.douyinpic.com/tos-cn-i-p14lwwcsbr/24128f22a6af4751bc3d279a40d6f0f5~tplv-p14lwwcsbr-7 | 原因=所有CDN均失败
2026-05-01 01:13:57 | 7s |   [FAIL] 下载失败 | comments.id=82400 api_type=comment_image | 表=comments | aweme=7555833842822843706 | 字段=image_list | 原因=下载失败
2026-05-01 01:13:57 | 7s |   [DL] ⚠️  HTTP 403: https://p26-sign.douyinpic.com/tos-cn-i-p14lwwcsbr/b8c83d45828245b9bc273cbef0b58...
2026-05-01 01:13:57 | 7s |   [DL] ⚠️  HTTP 403: https://p9-sign.douyinpic.com/tos-cn-i-p14lwwcsbr/8f96956ea2964ea894bc28d894935a...
2026-05-01 01:13:57 | 7s |   [DL] ⚠️  HTTP 403: https://p3-sign.douyinpic.com/tos-cn-i-p14lwwcsbr/15be79eb681d44508d6f58f606a940...
2026-05-01 01:13:57 | 7s |   [DL] ⚠️  HTTP 403: https://p26-sign.douyinpic.com/tos-cn-i-p14lwwcsbr/76d17b1c6935419b88c5ecf2b492d...
2026-05-01 01:13:57 | 7s |   [DL] ⚠️  HTTP 403: https://p11-sign.douyinpic.com/tos-cn-i-p14lwwcsbr/9a9de80a671a41f38a0b3137fac93...
2026-05-01 01:13:57 | 7s |   [DL] ⚠️  HTTP 403: https://p5-ex-gddgtc-sign.douyinpic.com/obj/douyin-user-image-file/8c8844d242627...
2026-05-01 01:13:57 | 7s |   [DL] ⚠️  HTTP 403: https://p26-sign.douyinpic.com/tos-cn-i-p14lwwcsbr/8f96956ea2964ea894bc28d894935...
2026-05-01 01:13:57 | 7s |   [DL] ❌ 下载失败，最后尝试的 URL: https://p5-ex-gddgtc-sign.douyinpic.com/obj/douyin-user-image-file/8c8844d242627c599d1e61a6c3f3f7a3?lk3s=7b078dd2&x-expires=1776938400&x-signature=3mPhXzM1XGYjiux88h2FMYLDAV0%3D&from=2064092626&s=sticker_comment&se=false&sc=sticker_heif&biz_tag=aweme_comment&l=20260422172351E72952BBBF2BB254ED0C
2026-05-01 01:13:57 | 7s |   [FAIL] 下载失败 | https://p5-ex-gddgtc-sign.douyinpic.com/obj/douyin-user-image-file/8c8844d242627c599d1e61a6c3f3f7a3? | 原因=所有CDN均失败
2026-05-01 01:13:57 | 7s |   [FAIL] 下载失败 | comments.id=85194 api_type=comment_sticker | 表=comments | aweme=7560954743410675002 | 字段=sticker | 原因=下载失败
2026-05-01 01:13:57 | 7s |   [DL] ❌ 下载失败，最后尝试的 URL: https://p26-sign.douyinpic.com/tos-cn-i-p14lwwcsbr/8f96956ea2964ea894bc28d894935a50~tplv-p14lwwcsbr-7.jpeg?lk3s=7b078dd2&x-expires=1776931200&x-signature=k9bSdL2DuJc0EwzX%2Bn6AjmDTlv4%3D&from=2064092626&se=false&sc=image&biz_tag=aweme_comment&l=202604221546161B986F7DDF34FD52C340
2026-05-01 01:13:57 | 7s |   [FAIL] 下载失败 | https://p26-sign.douyinpic.com/tos-cn-i-p14lwwcsbr/8f96956ea2964ea894bc28d894935a50~tplv-p14lwwcsbr- | 原因=所有CDN均失败
2026-05-01 01:13:57 | 7s |   [FAIL] 下载失败 | comments.id=36551 api_type=comment_image | 表=comments | aweme=7429276471669083451 | 字段=image_list | 原因=下载失败
2026-05-01 01:13:57 | 7s |   [DL] ⚠️  HTTP 403: https://p11-sign.douyinpic.com/tos-cn-i-p14lwwcsbr/b8c83d45828245b9bc273cbef0b58...
2026-05-01 01:13:57 | 7s |   [DL] ❌ 下载失败，最后尝试的 URL: https://p11-sign.douyinpic.com/tos-cn-i-p14lwwcsbr/b8c83d45828245b9bc273cbef0b586c2~tplv-p14lwwcsbr-7.jpeg?lk3s=7b078dd2&x-expires=1776931200&x-signature=KR35QUdDiWkMxKNMwsAxykHQj4U%3D&from=2064092626&se=false&sc=image&biz_tag=aweme_comment&l=2026042215462601C85A22D2C0AB70A1E0
2026-05-01 01:13:57 | 7s |   [FAIL] 下载失败 | https://p11-sign.douyinpic.com/tos-cn-i-p14lwwcsbr/b8c83d45828245b9bc273cbef0b586c2~tplv-p14lwwcsbr- | 原因=所有CDN均失败
2026-05-01 01:13:57 | 7s |   [FAIL] 下载失败 | comments.id=36722 api_type=comment_image | 表=comments | aweme=7429276471669083451 | 字段=image_list | 原因=下载失败
2026-05-01 01:13:57 | 7s |   [DL] ⚠️  HTTP 403: https://p5-ex-gddgtc-sign.douyinpic.com/tos-cn-i-p14lwwcsbr/9a9de80a671a41f38a0b...
2026-05-01 01:13:57 | 7s |   [DL] ⚠️  HTTP 403: https://p26-sign.douyinpic.com/tos-cn-i-p14lwwcsbr/15be79eb681d44508d6f58f606a94...
2026-05-01 01:13:57 | 7s |   [DL] ❌ 下载失败，最后尝试的 URL: https://p5-ex-gddgtc-sign.douyinpic.com/tos-cn-i-p14lwwcsbr/9a9de80a671a41f38a0b3137fac93956~tplv-p14lwwcsbr-7.jpeg?lk3s=7b078dd2&x-expires=1776931200&x-signature=P8JKJyY8bsoZHg2F0SW6KMosId4%3D&from=2064092626&se=false&sc=image&biz_tag=aweme_comment&l=202604221546079200164BF24D4576C2A4
2026-05-01 01:13:57 | 7s |   [FAIL] 下载失败 | https://p5-ex-gddgtc-sign.douyinpic.com/tos-cn-i-p14lwwcsbr/9a9de80a671a41f38a0b3137fac93956~tplv-p1 | 原因=所有CDN均失败
2026-05-01 01:13:57 | 7s |   [FAIL] 下载失败 | comments.id=36431 api_type=comment_image | 表=comments | aweme=7429276471669083451 | 字段=image_list | 原因=下载失败
2026-05-01 01:13:57 | 7s |   [DL] ⚠️  HTTP 403: https://p26-sign.douyinpic.com/tos-cn-i-p14lwwcsbr/db2be0be6e744497a170652626ddb...
2026-05-01 01:13:57 | 7s |   [DL] ⚠️  HTTP 403: https://p11-sign.douyinpic.com/tos-cn-i-p14lwwcsbr/76d17b1c6935419b88c5ecf2b492d...
2026-05-01 01:13:57 | 7s |   [DL] ⚠️  HTTP 403: https://p5-ex-gddgtc-sign.douyinpic.com/obj/tos-cn-o-0812/osMbEYFxAgCM8ORMAADAIj...
2026-05-01 01:13:57 | 7s |   [DL] ❌ 下载失败，最后尝试的 URL: https://p5-ex-gddgtc-sign.douyinpic.com/obj/tos-cn-o-0812/osMbEYFxAgCM8ORMAADAIjDlxCpgaCAyAGEff0?lk3s=7b078dd2&x-expires=1776938400&x-signature=a4s4ivW6IB1r42X4peH3NFRD5VE%3D&from=2064092626&s=sticker_comment&se=false&sc=sticker_heif&biz_tag=aweme_comment&l=202604221741241AE6C93B5D9DF35359FD
2026-05-01 01:13:57 | 7s |   [FAIL] 下载失败 | https://p5-ex-gddgtc-sign.douyinpic.com/obj/tos-cn-o-0812/osMbEYFxAgCM8ORMAADAIjDlxCpgaCAyAGEff0?lk3 | 原因=所有CDN均失败
2026-05-01 01:13:57 | 7s |   [FAIL] 下载失败 | comments.id=90723 api_type=comment_sticker | 表=comments | aweme=7575874445581119665 | 字段=sticker | 原因=下载失败
2026-05-01 01:13:57 | 7s |   [DL] ⚠️  HTTP 403: https://p11-sign.douyinpic.com/tos-cn-i-p14lwwcsbr/15be79eb681d44508d6f58f606a94...
2026-05-01 01:13:57 | 7s |   [DL] ⚠️  HTTP 403: https://p3-sign.douyinpic.com/tos-cn-i-p14lwwcsbr/db2be0be6e744497a170652626ddba...
2026-05-01 01:13:57 | 7s |   [DL] ⚠️  HTTP 403: https://p3-sign.douyinpic.com/tos-cn-i-p14lwwcsbr/76d17b1c6935419b88c5ecf2b492dc...
2026-05-01 01:13:57 | 7s |   [DL] ❌ 下载失败，最后尝试的 URL: https://p3-sign.douyinpic.com/tos-cn-i-p14lwwcsbr/76d17b1c6935419b88c5ecf2b492dc71~tplv-p14lwwcsbr-7.jpeg?lk3s=7b078dd2&x-expires=1776931200&x-signature=NWZGJ6ZKNFu0oyaJ6zURxW6uW0Y%3D&from=2064092626&se=false&sc=image&biz_tag=aweme_comment&l=2026042215463186EC7CAE905A3B6CC9BC
2026-05-01 01:13:57 | 7s |   [FAIL] 下载失败 | https://p3-sign.douyinpic.com/tos-cn-i-p14lwwcsbr/76d17b1c6935419b88c5ecf2b492dc71~tplv-p14lwwcsbr-7 | 原因=所有CDN均失败
2026-05-01 01:13:57 | 7s |   [FAIL] 下载失败 | comments.id=36794 api_type=comment_image | 表=comments | aweme=7429276471669083451 | 字段=image_list | 原因=下载失败
2026-05-01 01:13:57 | 7s |   [DL] ⚠️  HTTP 403: https://p11-sign.douyinpic.com/tos-cn-i-p14lwwcsbr/f591dc88259d4b65aab7531b0f9ac...
2026-05-01 01:13:57 | 7s |   [DL] ⚠️  HTTP 403: https://p3-sign.douyinpic.com/tos-cn-i-p14lwwcsbr/15be79eb681d44508d6f58f606a940...
2026-05-01 01:13:57 | 7s |   [DL] ❌ 下载失败，最后尝试的 URL: https://p3-sign.douyinpic.com/tos-cn-i-p14lwwcsbr/15be79eb681d44508d6f58f606a940d9~tplv-p14lwwcsbr-7.jpeg?lk3s=7b078dd2&x-expires=1776931200&x-signature=LMnCBtM5AZucZ5Dhy6x2fixpkhU%3D&from=2064092626&se=false&sc=image&biz_tag=aweme_comment&l=202604221546278C589B72AFFA1849E615
2026-05-01 01:13:57 | 7s |   [FAIL] 下载失败 | https://p3-sign.douyinpic.com/tos-cn-i-p14lwwcsbr/15be79eb681d44508d6f58f606a940d9~tplv-p14lwwcsbr-7 | 原因=所有CDN均失败
2026-05-01 01:13:57 | 7s |   [FAIL] 下载失败 | comments.id=36731 api_type=comment_image | 表=comments | aweme=7429276471669083451 | 字段=image_list | 原因=下载失败
2026-05-01 01:13:57 | 7s |   [DL] ⚠️  HTTP 403: https://p26-sign.douyinpic.com/tos-cn-i-p14lwwcsbr/bd6e2809edac430686f01de210250...
2026-05-01 01:13:57 | 7s |   [DL] ⚠️  HTTP 403: https://p5-ex-gddgtc-sign.douyinpic.com/tos-cn-i-p14lwwcsbr/db2be0be6e744497a170...
2026-05-01 01:13:57 | 8s |   [DL] ⚠️  HTTP 403: https://p3-sign.douyinpic.com/tos-cn-i-p14lwwcsbr/f591dc88259d4b65aab7531b0f9ac9...
2026-05-01 01:13:57 | 8s |   [DL] ⚠️  HTTP 403: https://p26-sign.douyinpic.com/tos-cn-i-p14lwwcsbr/db2be0be6e744497a170652626ddb...
2026-05-01 01:13:57 | 8s |   [DL] ❌ 下载失败，最后尝试的 URL: https://p26-sign.douyinpic.com/tos-cn-i-p14lwwcsbr/db2be0be6e744497a170652626ddba98~tplv-p14lwwcsbr-7.jpeg?lk3s=7b078dd2&x-expires=1776931200&x-signature=FknWTfoAfyoA%2Fd1%2B%2Bp2OG55ef38%3D&from=2064092626&se=false&sc=image&biz_tag=aweme_comment&l=202604221546019671705BAEB2D651D52C
2026-05-01 01:13:57 | 8s |   [FAIL] 下载失败 | https://p26-sign.douyinpic.com/tos-cn-i-p14lwwcsbr/db2be0be6e744497a170652626ddba98~tplv-p14lwwcsbr- | 原因=所有CDN均失败
2026-05-01 01:13:57 | 8s |   [FAIL] 下载失败 | comments.id=36345 api_type=comment_image | 表=comments | aweme=7429276471669083451 | 字段=image_list | 原因=下载失败
2026-05-01 01:13:57 | 8s |   [DL] ⚠️  HTTP 403: https://p3-sign.douyinpic.com/tos-cn-i-p14lwwcsbr/bd6e2809edac430686f01de210250c...
2026-05-01 01:13:57 | 8s |   [DL] ⚠️  HTTP 403: https://p3-sign.douyinpic.com/obj/tos-cn-o-0812/ocInQAAAxKmkAjDnXFEMf0hzyWry0EAg...
2026-05-01 01:13:57 | 8s |   [DL] ❌ 下载失败，最后尝试的 URL: https://p3-sign.douyinpic.com/obj/tos-cn-o-0812/ocInQAAAxKmkAjDnXFEMf0hzyWry0EAgCA52Ce?lk3s=7b078dd2&x-expires=1776934800&x-signature=xOQ4o4ntr1jYBy1jXt4xZW2bLwY%3D&from=2064092626&s=sticker_comment&se=false&sc=sticker_heif&biz_tag=aweme_comment&l=2026042216254605B500454A61084CD377
2026-05-01 01:13:57 | 8s |   [FAIL] 下载失败 | https://p3-sign.douyinpic.com/obj/tos-cn-o-0812/ocInQAAAxKmkAjDnXFEMf0hzyWry0EAgCA52Ce?lk3s=7b078dd2 | 原因=所有CDN均失败
2026-05-01 01:13:57 | 8s |   [FAIL] 下载失败 | comments.id=68125 api_type=comment_sticker | 表=comments | aweme=7509903583040228666 | 字段=sticker | 原因=下载失败
2026-05-01 01:13:57 | 8s |   [DL] ⚠️  HTTP 403: https://p26-sign.douyinpic.com/tos-cn-i-p14lwwcsbr/f591dc88259d4b65aab7531b0f9ac...
2026-05-01 01:13:57 | 8s |   [DL] ⚠️  HTTP 403: https://p5-ex-gddgtc-sign.douyinpic.com/tos-cn-i-p14lwwcsbr/bd6e2809edac430686f0...
2026-05-01 01:13:57 | 8s |   [DL] ⚠️  HTTP 403: https://p11-sign.douyinpic.com/tos-cn-i-p14lwwcsbr/f591dc88259d4b65aab7531b0f9ac...
2026-05-01 01:13:57 | 8s |   [DL] ❌ 下载失败，最后尝试的 URL: https://p11-sign.douyinpic.com/tos-cn-i-p14lwwcsbr/f591dc88259d4b65aab7531b0f9ac959~tplv-p14lwwcsbr-7.jpeg?lk3s=7b078dd2&x-expires=1776938400&x-signature=sXXYvUUhG9jPjWIbJpeiDQee1TY%3D&from=2064092626&se=false&sc=image&biz_tag=aweme_comment&l=2026042217090431CAA9B46945C65212DC
2026-05-01 01:13:57 | 8s |   [FAIL] 下载失败 | https://p11-sign.douyinpic.com/tos-cn-i-p14lwwcsbr/f591dc88259d4b65aab7531b0f9ac959~tplv-p14lwwcsbr- | 原因=所有CDN均失败
2026-05-01 01:13:57 | 8s |   [FAIL] 下载失败 | comments.id=80540 api_type=comment_image | 表=comments | aweme=7553617629527002425 | 字段=image_list | 原因=下载失败
2026-05-01 01:13:57 | 8s |   [DL] ⚠️  HTTP 403: https://p26-sign.douyinpic.com/tos-cn-i-p14lwwcsbr/bd6e2809edac430686f01de210250...
2026-05-01 01:13:57 | 8s |   [DL] ❌ 下载失败，最后尝试的 URL: https://p26-sign.douyinpic.com/tos-cn-i-p14lwwcsbr/bd6e2809edac430686f01de210250cd4~tplv-p14lwwcsbr-7.jpeg?lk3s=7b078dd2&x-expires=1776934800&x-signature=p%2Bv%2Bj6Fggg8zWPl3wQ3A17jcSSY%3D&from=2064092626&se=false&sc=image&biz_tag=aweme_comment&l=20260422160926C47854014D9E4955E272
2026-05-01 01:13:57 | 8s |   [FAIL] 下载失败 | https://p26-sign.douyinpic.com/tos-cn-i-p14lwwcsbr/bd6e2809edac430686f01de210250cd4~tplv-p14lwwcsbr- | 原因=所有CDN均失败
2026-05-01 01:13:57 | 8s |   [FAIL] 下载失败 | comments.id=55094 api_type=comment_image | 表=comments | aweme=7476411176209976636 | 字段=image_list | 原因=下载失败
2026-05-01 01:14:08 | 18s |   [UPLOAD] ↑ MS4wLjABAAAA2FYVN1jBWaTVasx7wXcsK0rCPfSYixt5-J1pUegQIbA/avatars/5f98a35a0b3799b182e759255b5086f7.jpeg
2026-05-01 01:14:08 | 18s |   [UPLOAD] ↑ MS4wLjABAAAA2FYVN1jBWaTVasx7wXcsK0rCPfSYixt5-J1pUegQIbA/avatars/b93e9a3722b6227e9744f6b3da8fa74b.jpeg
2026-05-01 01:14:08 | 18s |   [UPLOAD] ↑ MS4wLjABAAAA2FYVN1jBWaTVasx7wXcsK0rCPfSYixt5-J1pUegQIbA/avatars/81c782851aa5d6e03341e55513b2c574.jpeg
2026-05-01 01:14:08 | 18s |   [UPLOAD] ↑ MS4wLjABAAAA2FYVN1jBWaTVasx7wXcsK0rCPfSYixt5-J1pUegQIbA/avatars/75d6e080697f011648efb51f04fe0c94.jpeg
2026-05-01 01:14:08 | 18s |   [UPLOAD] ↑ MS4wLjABAAAA2FYVN1jBWaTVasx7wXcsK0rCPfSYixt5-J1pUegQIbA/stickers/34afad4ec2a67d5abc27d6282fb62c96.webp
2026-05-01 01:14:08 | 18s |   [UPLOAD] ↑ MS4wLjABAAAA2FYVN1jBWaTVasx7wXcsK0rCPfSYixt5-J1pUegQIbA/avatars/c7d081b9d564b1f1b0ac872337968881.jpeg
2026-05-01 01:14:08 | 18s |   [UPLOAD] ↑ MS4wLjABAAAA2FYVN1jBWaTVasx7wXcsK0rCPfSYixt5-J1pUegQIbA/avatars/f715cfeaab81f451dfab2c72c99f0d91.jpeg
2026-05-01 01:14:08 | 18s |   [UPLOAD] ↑ MS4wLjABAAAA2FYVN1jBWaTVasx7wXcsK0rCPfSYixt5-J1pUegQIbA/avatars/1b2890d75ddc77e7bae278215f59c565.jpeg
2026-05-01 01:14:08 | 18s |   [UPLOAD] ↑ MS4wLjABAAAA2FYVN1jBWaTVasx7wXcsK0rCPfSYixt5-J1pUegQIbA/avatars/43334645caaba731df401a8346f2304e.jpeg
2026-05-01 01:14:08 | 18s |   [UPLOAD] ↑ MS4wLjABAAAA2FYVN1jBWaTVasx7wXcsK0rCPfSYixt5-J1pUegQIbA/stickers/91248f3da531fca98e3477917223fa95.png
2026-05-01 01:14:08 | 18s |   [UPLOAD] ↑ MS4wLjABAAAA2FYVN1jBWaTVasx7wXcsK0rCPfSYixt5-J1pUegQIbA/stickers/8ded4267c4b5212f92cb21c0aba78c4d.gif
2026-05-01 01:14:08 | 18s |   [UPLOAD] ↑ MS4wLjABAAAA2FYVN1jBWaTVasx7wXcsK0rCPfSYixt5-J1pUegQIbA/images/5eb34781ef3b59adb408b9f01915f8d6.jpg
2026-05-01 01:14:08 | 18s |   [UPLOAD] ↑ MS4wLjABAAAA2FYVN1jBWaTVasx7wXcsK0rCPfSYixt5-J1pUegQIbA/avatars/082e31fe4a7ceb670134a1ad87f187f6.jpeg
2026-05-01 01:14:08 | 18s |   [UPLOAD] ↑ MS4wLjABAAAA2FYVN1jBWaTVasx7wXcsK0rCPfSYixt5-J1pUegQIbA/stickers/ce20cbdf6f79e3b659685ff7aff48320.gif
2026-05-01 01:14:08 | 18s |   [UPLOAD] ↑ MS4wLjABAAAA2FYVN1jBWaTVasx7wXcsK0rCPfSYixt5-J1pUegQIbA/avatars/f1981c687713df5b3158afd42290fd4a.jpeg
2026-05-01 01:14:08 | 18s |   [UPLOAD] ↑ MS4wLjABAAAA2FYVN1jBWaTVasx7wXcsK0rCPfSYixt5-J1pUegQIbA/avatars/1f602a0380b8919f9cd1539073617432.jpeg
2026-05-01 01:14:08 | 18s |   [UPLOAD] ↑ MS4wLjABAAAA2FYVN1jBWaTVasx7wXcsK0rCPfSYixt5-J1pUegQIbA/avatars/0dbf043b6f21dc5caa6768c31e9f6837.jpeg
2026-05-01 01:14:08 | 18s |   [UPLOAD] ↑ MS4wLjABAAAA2FYVN1jBWaTVasx7wXcsK0rCPfSYixt5-J1pUegQIbA/avatars/30d5b16992a5620366d685e588c83b16.jpeg
2026-05-01 01:14:08 | 18s |   [UPLOAD] ↑ MS4wLjABAAAA2FYVN1jBWaTVasx7wXcsK0rCPfSYixt5-J1pUegQIbA/avatars/ec70ed23f7c042afcf712300f116bb34.jpeg
2026-05-01 01:14:08 | 18s |   [UPLOAD] ↑ MS4wLjABAAAA2FYVN1jBWaTVasx7wXcsK0rCPfSYixt5-J1pUegQIbA/avatars/30c6cceacdea1c5b697c41910b4c71af.jpeg
2026-05-01 01:14:08 | 18s |   [UPLOAD] ↑ MS4wLjABAAAA2FYVN1jBWaTVasx7wXcsK0rCPfSYixt5-J1pUegQIbA/avatars/c78ce69cf35eed3b97e38a6a5abeb744.jpeg
2026-05-01 01:14:08 | 18s |   [UPLOAD] ↑ MS4wLjABAAAA2FYVN1jBWaTVasx7wXcsK0rCPfSYixt5-J1pUegQIbA/avatars/1a47488f4f1aaa0c5fd359b86e05b956.jpeg
2026-05-01 01:14:08 | 18s |   [UPLOAD] ↑ MS4wLjABAAAA2FYVN1jBWaTVasx7wXcsK0rCPfSYixt5-J1pUegQIbA/avatars/5d06aec63e5fc2c01f31d4f3b19cbd06.jpeg
2026-05-01 01:14:08 | 18s |   [UPLOAD] ↑ MS4wLjABAAAA2FYVN1jBWaTVasx7wXcsK0rCPfSYixt5-J1pUegQIbA/avatars/a991f65f321c6519956fde072e6f8d34.jpeg
2026-05-01 01:14:08 | 18s |   [UPLOAD] ↑ MS4wLjABAAAA2FYVN1jBWaTVasx7wXcsK0rCPfSYixt5-J1pUegQIbA/avatars/62f86bb24826d49ac03419519bd61bdc.jpeg
2026-05-01 01:14:08 | 18s |   [UPLOAD] ↑ MS4wLjABAAAA2FYVN1jBWaTVasx7wXcsK0rCPfSYixt5-J1pUegQIbA/avatars/90e13af0b4efc9dc29fc07f67e2c7078.jpeg
2026-05-01 01:14:08 | 18s |   [UPLOAD] ↑ MS4wLjABAAAA2FYVN1jBWaTVasx7wXcsK0rCPfSYixt5-J1pUegQIbA/avatars/44da86b109bcae1e39c6412526b40534.jpeg
2026-05-01 01:14:08 | 18s |   [UPLOAD] ↑ MS4wLjABAAAA2FYVN1jBWaTVasx7wXcsK0rCPfSYixt5-J1pUegQIbA/images/01b67eec3a67d393f5dbd64d06c5e30e.jpg
2026-05-01 01:14:08 | 18s |   [UPLOAD] ↑ MS4wLjABAAAA2FYVN1jBWaTVasx7wXcsK0rCPfSYixt5-J1pUegQIbA/avatars/e1a60f1d923f13770c40af327cbf4c80.jpeg
2026-05-01 01:14:08 | 18s |   [UPLOAD] ↑ MS4wLjABAAAA2FYVN1jBWaTVasx7wXcsK0rCPfSYixt5-J1pUegQIbA/avatars/2bab61db8fe3dbe2ae81d2f13fbcf316.jpeg
2026-05-01 01:14:08 | 18s |   [UPLOAD] ↑ MS4wLjABAAAA2FYVN1jBWaTVasx7wXcsK0rCPfSYixt5-J1pUegQIbA/avatars/456dda993986d7176b33613e3452cca6.jpeg
2026-05-01 01:14:08 | 18s |   [UPLOAD] ↑ MS4wLjABAAAA2FYVN1jBWaTVasx7wXcsK0rCPfSYixt5-J1pUegQIbA/avatars/3d5073d957a61904eb10768c7fff91d9.jpeg
2026-05-01 01:14:08 | 18s |   [UPLOAD] ↑ MS4wLjABAAAA2FYVN1jBWaTVasx7wXcsK0rCPfSYixt5-J1pUegQIbA/avatars/8676841ae0771dd81b95f832cb2596c5.jpeg
2026-05-01 01:14:08 | 18s |   [UPLOAD] ↑ MS4wLjABAAAA2FYVN1jBWaTVasx7wXcsK0rCPfSYixt5-J1pUegQIbA/stickers/8d78547368eed14b62f1a1fe4c1064b6.gif
2026-05-01 01:14:08 | 18s |   [UPLOAD] ↑ MS4wLjABAAAA2FYVN1jBWaTVasx7wXcsK0rCPfSYixt5-J1pUegQIbA/avatars/d03e4d981f6ffe24f170ff66d41372d8.jpeg
2026-05-01 01:14:08 | 18s |   [UPLOAD] ↑ MS4wLjABAAAA2FYVN1jBWaTVasx7wXcsK0rCPfSYixt5-J1pUegQIbA/avatars/7151753f2e892f3f0e8c96f473c592ec.jpeg
2026-05-01 01:14:08 | 18s |   [UPLOAD] ↑ MS4wLjABAAAA2FYVN1jBWaTVasx7wXcsK0rCPfSYixt5-J1pUegQIbA/avatars/a3ff0de2f5b383264ae8e18260e0e0f6.jpeg
2026-05-01 01:14:08 | 18s |   [UPLOAD] ↑ MS4wLjABAAAA2FYVN1jBWaTVasx7wXcsK0rCPfSYixt5-J1pUegQIbA/avatars/64bc0607f2f250a3325e5fd42d6ee694.jpeg
2026-05-01 01:14:08 | 18s |   [UPLOAD] ↑ MS4wLjABAAAA2FYVN1jBWaTVasx7wXcsK0rCPfSYixt5-J1pUegQIbA/avatars/4fd87656275094d28983d5600e26761e.jpeg
2026-05-01 01:14:08 | 18s |   [UPLOAD] ↑ MS4wLjABAAAA2FYVN1jBWaTVasx7wXcsK0rCPfSYixt5-J1pUegQIbA/avatars/be8780db25a68224b60ecc04a4c2d1ff.jpeg
2026-05-01 01:14:08 | 18s |   [UPLOAD] ↑ MS4wLjABAAAA2FYVN1jBWaTVasx7wXcsK0rCPfSYixt5-J1pUegQIbA/avatars/178a89319970d7f0756e1b075ddb72ac.jpeg
2026-05-01 01:14:08 | 18s |   [UPLOAD] ↑ MS4wLjABAAAA2FYVN1jBWaTVasx7wXcsK0rCPfSYixt5-J1pUegQIbA/avatars/c9e751da9033b116746303357009ca6f.jpeg
2026-05-01 01:14:08 | 18s |   [UPLOAD] ↑ MS4wLjABAAAA2FYVN1jBWaTVasx7wXcsK0rCPfSYixt5-J1pUegQIbA/avatars/56971d04aa9db1463464fdf258473e63.jpeg
2026-05-01 01:14:08 | 18s |   [UPLOAD] ↑ MS4wLjABAAAA2FYVN1jBWaTVasx7wXcsK0rCPfSYixt5-J1pUegQIbA/avatars/1bb8ef3afd7de5fb1ba58470c5ed54ca.jpeg
2026-05-01 01:14:08 | 18s |   [DB] 📝 待更新: 50 行
2026-05-01 01:14:08 | 18s |   [DB] ✅ commit 成功: 50 行已写入
2026-05-01 01:14:08 | 18s |   [BATCH] ✅ 批次完成，已提交 99/99 个 URL，耗时 15.3s
2026-05-01 01:14:08 | 18s | 
  [OK] 作者完成: 上传 44，更新 50 行，HEIC 转换 0，失败 55
2026-05-01 01:14:08 | 18s | 
──────────────────────────────────────────────────────────────────────
2026-05-01 01:14:08 | 18s |   [SCAN] 📁 作者: MS4wLjABAAAAWKIRK91nF8hLjuza0KVRL50-lcfN...
2026-05-01 01:14:08 | 18s |   [SCAN] 📄 数据库: C:\Users\Administrator\Desktop\DouyinComment\scripts\..\data\MS4wLjABAAAAWKIRK91nF8hLjuza0KVRL50-lcfNlEPHocsF9hNYzCUag7n4BgIHQaERsfq_NiHR\sqlite.db
2026-05-01 01:14:08 | 18s | ──────────────────────────────────────────────────────────────────────
2026-05-01 01:14:08 | 18s |   [SCAN] ⚠️  无资源，跳过
2026-05-01 01:14:08 | 18s | 
2026-05-01 01:14:08 | 18s | ======================================================================
2026-05-01 01:14:08 | 18s |   全部完成
2026-05-01 01:14:08 | 18s | ======================================================================
2026-05-01 01:14:08 | 18s |   作者数:        1
2026-05-01 01:14:08 | 18s |   总 task:       105
2026-05-01 01:14:08 | 18s |   上传成功:      44
2026-05-01 01:14:08 | 18s |   更新行数:      50
2026-05-01 01:14:08 | 18s |   HEIC 转换:     0
2026-05-01 01:14:08 | 18s |   失败:          55
2026-05-01 01:14:08 | 18s |   总耗时:        19s (18s)
2026-05-01 01:14:08 | 18s | ======================================================================
2026-05-01 01:14:08 | 18s | 
──────────────────────────────────────────────────────────────────────
2026-05-01 01:14:08 | 18s |   失败汇总 (共 110 项)
2026-05-01 01:14:08 | 18s | ──────────────────────────────────────────────────────────────────────
2026-05-01 01:14:08 | 18s |     下载失败: 110
2026-05-01 01:14:08 | 18s |     • 下载失败 | https://p5-ex-gddgtc-sign.douyinpic.com/tos-cn-i-p14lwwcsbr/764f718f1d8c4eaf996540df502400d2~tplv-p1 | 所有CDN均失败
2026-05-01 01:14:08 | 18s |     • 下载失败 | comments.id=68123 api_type=comment_image | 下载失败
2026-05-01 01:14:08 | 18s |     • 下载失败 | https://p26-sign.douyinpic.com/tos-cn-i-p14lwwcsbr/bce5515dc6c6463cb08641c63da42eaf~tplv-p14lwwcsbr- | 所有CDN均失败
2026-05-01 01:14:08 | 18s |     • 下载失败 | comments.id=36726 api_type=comment_image | 下载失败
2026-05-01 01:14:08 | 18s |     • 下载失败 | https://p26-sign.douyinpic.com/tos-cn-i-p14lwwcsbr/ea66b537702f42f2bcd2873867dfb523~tplv-p14lwwcsbr- | 所有CDN均失败
2026-05-01 01:14:08 | 18s |     • 下载失败 | comments.id=36412 api_type=comment_image | 下载失败
2026-05-01 01:14:08 | 18s |     • 下载失败 | https://p26-sign.douyinpic.com/tos-cn-i-p14lwwcsbr/d88b952752ed4b929e6ae75d30672382~tplv-p14lwwcsbr- | 所有CDN均失败
2026-05-01 01:14:08 | 18s |     • 下载失败 | comments.id=80579 api_type=comment_image | 下载失败
2026-05-01 01:14:08 | 18s |     • 下载失败 | https://p26-sign.douyinpic.com/tos-cn-i-p14lwwcsbr/227a1617f7964481bfa0a8b8cc932f84~tplv-p14lwwcsbr- | 所有CDN均失败
2026-05-01 01:14:08 | 18s |     • 下载失败 | comments.id=82380 api_type=comment_image | 下载失败
2026-05-01 01:14:08 | 18s |     • 下载失败 | https://p26-sign.douyinpic.com/tos-cn-i-p14lwwcsbr/9877c56cf66d42e5b0819f88d4e3e2a4~tplv-p14lwwcsbr- | 所有CDN均失败
2026-05-01 01:14:08 | 18s |     • 下载失败 | comments.id=36639 api_type=comment_image | 下载失败
2026-05-01 01:14:08 | 18s |     • 下载失败 | https://p26-sign.douyinpic.com/obj/tos-cn-o-0812/o0cguteHAroyvOClx6QCAktcgDQdIAelAHA8bn?lk3s=7b078dd | 所有CDN均失败
2026-05-01 01:14:08 | 18s |     • 下载失败 | comments.id=46997 api_type=comment_sticker | 下载失败
2026-05-01 01:14:08 | 18s |     • 下载失败 | https://p26-sign.douyinpic.com/tos-cn-i-p14lwwcsbr/90423491f39e4de89862aad4c00a1fe8~tplv-p14lwwcsbr- | 所有CDN均失败
2026-05-01 01:14:08 | 18s |     • 下载失败 | comments.id=82449 api_type=comment_image | 下载失败
2026-05-01 01:14:08 | 18s |     • 下载失败 | https://p5-ex-gddgtc-sign.douyinpic.com/tos-cn-i-p14lwwcsbr/43417d00064344e0a441010c85eb8144~tplv-p1 | 所有CDN均失败
2026-05-01 01:14:08 | 18s |     • 下载失败 | comments.id=36766 api_type=comment_image | 下载失败
2026-05-01 01:14:08 | 18s |     • 下载失败 | https://p5-ex-gddgtc-sign.douyinpic.com/tos-cn-i-p14lwwcsbr/7bd147a2fe104c33b7beacb33aeb81a0~tplv-p1 | 所有CDN均失败
2026-05-01 01:14:08 | 18s |     • 下载失败 | comments.id=36457 api_type=comment_image | 下载失败
2026-05-01 01:14:08 | 18s |     • 下载失败 | https://p11-sign.douyinpic.com/tos-cn-i-p14lwwcsbr/bc36404816f742898fc2cf38d7f5c462~tplv-p14lwwcsbr- | 所有CDN均失败
2026-05-01 01:14:08 | 18s |     • 下载失败 | comments.id=80515 api_type=comment_image | 下载失败
2026-05-01 01:14:08 | 18s |     • 下载失败 | https://p3-sign.douyinpic.com/tos-cn-i-p14lwwcsbr/aad72a93db3d490981573dc450d975af~tplv-p14lwwcsbr-7 | 所有CDN均失败
2026-05-01 01:14:08 | 18s |     • 下载失败 | comments.id=36643 api_type=comment_image | 下载失败
2026-05-01 01:14:08 | 18s |     • 下载失败 | https://p11-sign.douyinpic.com/tos-cn-i-p14lwwcsbr/927945ba7547485f81f1c3b041abb7e4~tplv-p14lwwcsbr- | 所有CDN均失败
2026-05-01 01:14:08 | 18s |     • 下载失败 | comments.id=79731 api_type=comment_image | 下载失败
2026-05-01 01:14:08 | 18s |     • 下载失败 | https://p3-sign.douyinpic.com/tos-cn-i-p14lwwcsbr/4b7b08f3ee8b4311ba9b5bb5821fd7ad~tplv-p14lwwcsbr-7 | 所有CDN均失败
2026-05-01 01:14:08 | 18s |     • 下载失败 | comments.id=82376 api_type=comment_image | 下载失败
2026-05-01 01:14:08 | 18s |     • 下载失败 | https://p26-sign.douyinpic.com/tos-cn-i-p14lwwcsbr/6b0da7766c894e0abebf6ad4a7fd9f53~tplv-p14lwwcsbr- | 所有CDN均失败
2026-05-01 01:14:08 | 18s |     • 下载失败 | comments.id=36543 api_type=comment_image | 下载失败
2026-05-01 01:14:08 | 18s |     • 下载失败 | https://p5-ex-gddgtc-sign.douyinpic.com/obj/tos-cn-i-3jr8j4ixpe/1c75ea069aee4991b7a84e8eb3593232?lk3 | 所有CDN均失败
2026-05-01 01:14:08 | 18s |     • 下载失败 | comments.id=64278 api_type=comment_sticker | 下载失败
2026-05-01 01:14:08 | 18s |     • 下载失败 | https://p5-ex-gddgtc-sign.douyinpic.com/obj/joker/weshine/a1c14edfa4fb50577b00eacbf4dcf54c.gif?lk3s= | 所有CDN均失败
2026-05-01 01:14:08 | 18s |     • 下载失败 | comments.id=33243 api_type=comment_sticker | 下载失败
2026-05-01 01:14:08 | 18s |     • 下载失败 | https://p5-ex-gddgtc-sign.douyinpic.com/tos-cn-i-p14lwwcsbr/b8184383051645ab988770045be98b8f~tplv-p1 | 所有CDN均失败
2026-05-01 01:14:08 | 18s |     • 下载失败 | comments.id=36324 api_type=comment_image | 下载失败
2026-05-01 01:14:08 | 18s |     • 下载失败 | https://p11-sign.douyinpic.com/obj/tos-cn-i-3jr8j4ixpe/43ee0173dc4845d4961daa5c46dd5729?lk3s=7b078dd | 所有CDN均失败
2026-05-01 01:14:08 | 18s |     • 下载失败 | comments.id=22157 api_type=comment_sticker | 下载失败
2026-05-01 01:14:08 | 18s |     • 下载失败 | https://p5-ex-gddgtc-sign.douyinpic.com/tos-cn-i-p14lwwcsbr/6335d8a759b9408699609a200a077fa6~tplv-p1 | 所有CDN均失败
2026-05-01 01:14:08 | 18s |     • 下载失败 | comments.id=36409 api_type=comment_image | 下载失败
2026-05-01 01:14:08 | 18s |     • 下载失败 | https://p5-ex-gddgtc-sign.douyinpic.com/tos-cn-i-p14lwwcsbr/52a9bd3b50254df6a399029fa6571887~tplv-p1 | 所有CDN均失败
2026-05-01 01:14:08 | 18s |     • 下载失败 | comments.id=36600 api_type=comment_image | 下载失败
2026-05-01 01:14:08 | 18s |     • 下载失败 | https://p26-sign.douyinpic.com/tos-cn-i-p14lwwcsbr/cb5d0806469648f59c2415ef234591f6~tplv-p14lwwcsbr- | 所有CDN均失败
2026-05-01 01:14:08 | 18s |     • 下载失败 | comments.id=82345 api_type=comment_image | 下载失败
2026-05-01 01:14:08 | 18s |     • 下载失败 | https://p3-sign.douyinpic.com/tos-cn-i-p14lwwcsbr/6ce05fd7cbe84206b0f6b3a723681163~tplv-p14lwwcsbr-7 | 所有CDN均失败
2026-05-01 01:14:08 | 18s |     • 下载失败 | comments.id=36773 api_type=comment_image | 下载失败
2026-05-01 01:14:08 | 18s |     • 下载失败 | https://p26-sign.douyinpic.com/tos-cn-i-p14lwwcsbr/d53156979ef84312be17fa80eb539c5b~tplv-p14lwwcsbr- | 所有CDN均失败
2026-05-01 01:14:08 | 18s |     • 下载失败 | comments.id=36728 api_type=comment_image | 下载失败
2026-05-01 01:14:08 | 18s |     • 下载失败 | https://p3-sign.douyinpic.com/obj/joker/weshine/01c8773ee76ad1a5dc050baa02ec6d85.gif?lk3s=7b078dd2&x | 所有CDN均失败
2026-05-01 01:14:08 | 18s |     • 下载失败 | comments.id=39517 api_type=comment_sticker | 下载失败
2026-05-01 01:14:08 | 18s |     • 下载失败 | https://p11-sign.douyinpic.com/tos-cn-i-p14lwwcsbr/928c0cc297e946688c4b2dd8cf4dc00c~tplv-p14lwwcsbr- | 所有CDN均失败
2026-05-01 01:14:08 | 18s |     • 下载失败 | comments.id=36791 api_type=comment_image | 下载失败
2026-05-01 01:14:08 | 18s |     • 下载失败 | https://p3-sign.douyinpic.com/tos-cn-i-p14lwwcsbr/67601bf2921a4e5f901ee2621d9ff8c6~tplv-p14lwwcsbr-7 | 所有CDN均失败
2026-05-01 01:14:08 | 18s |     • 下载失败 | comments.id=82002 api_type=comment_image | 下载失败
2026-05-01 01:14:08 | 18s |     • 下载失败 | https://p11-sign.douyinpic.com/tos-cn-i-p14lwwcsbr/a9b36ab7a89545b083a1dca53ebf1dba~tplv-p14lwwcsbr- | 所有CDN均失败
2026-05-01 01:14:08 | 18s |     • 下载失败 | comments.id=36340 api_type=comment_image | 下载失败
2026-05-01 01:14:08 | 18s |     • 下载失败 | https://p26-sign.douyinpic.com/tos-cn-i-p14lwwcsbr/abd658a124994cf8abcd0dd74ff9ee04~tplv-p14lwwcsbr- | 所有CDN均失败
2026-05-01 01:14:08 | 18s |     • 下载失败 | comments.id=36707 api_type=comment_image | 下载失败
2026-05-01 01:14:08 | 18s |     • 下载失败 | https://p26-sign.douyinpic.com/tos-cn-i-p14lwwcsbr/8021ec5dcc93470b9ff105110e288cd7~tplv-p14lwwcsbr- | 所有CDN均失败
2026-05-01 01:14:08 | 18s |     • 下载失败 | replies.id=18126 api_type=reply_image | 下载失败
2026-05-01 01:14:08 | 18s |     • 下载失败 | https://p3-sign.douyinpic.com/tos-cn-i-p14lwwcsbr/51732243dc04424e8eec80370110c999~tplv-p14lwwcsbr-7 | 所有CDN均失败
2026-05-01 01:14:08 | 18s |     • 下载失败 | comments.id=79619 api_type=comment_image | 下载失败
2026-05-01 01:14:08 | 18s |     • 下载失败 | https://p26-sign.douyinpic.com/tos-cn-i-p14lwwcsbr/8393988be5e640ddaf0fb9ab222d1d11~tplv-p14lwwcsbr- | 所有CDN均失败
2026-05-01 01:14:08 | 18s |     • 下载失败 | comments.id=79714 api_type=comment_image | 下载失败
2026-05-01 01:14:08 | 18s |     • 下载失败 | https://p26-sign.douyinpic.com/tos-cn-i-p14lwwcsbr/95d264037aea4bf996a8a396981767ad~tplv-p14lwwcsbr- | 所有CDN均失败
2026-05-01 01:14:08 | 18s |     • 下载失败 | comments.id=36654 api_type=comment_image | 下载失败
2026-05-01 01:14:08 | 18s |     • 下载失败 | https://p26-sign.douyinpic.com/tos-cn-i-p14lwwcsbr/9846ba16f0834a37b2ac21d7a5bd5bbe~tplv-p14lwwcsbr- | 所有CDN均失败
2026-05-01 01:14:08 | 18s |     • 下载失败 | comments.id=36762 api_type=comment_image | 下载失败
2026-05-01 01:14:08 | 18s |     • 下载失败 | https://p3-sign.douyinpic.com/tos-cn-i-p14lwwcsbr/4674c8d33ed14608ad68540ed99ab0e2~tplv-p14lwwcsbr-7 | 所有CDN均失败
2026-05-01 01:14:08 | 18s |     • 下载失败 | comments.id=36771 api_type=comment_image | 下载失败
2026-05-01 01:14:08 | 18s |     • 下载失败 | https://p5-ex-gddgtc-sign.douyinpic.com/tos-cn-i-p14lwwcsbr/126a54c0b64d433ab391dd2be1d1f8b6~tplv-p1 | 所有CDN均失败
2026-05-01 01:14:08 | 18s |     • 下载失败 | comments.id=36445 api_type=comment_image | 下载失败
2026-05-01 01:14:08 | 18s |     • 下载失败 | https://p9-sign.douyinpic.com/obj/tos-cn-o-0812/okAuAfyyBAD0iA5Zadi8vNEj7BBIigGQyVYEkA?lk3s=7b078dd2 | 所有CDN均失败
2026-05-01 01:14:08 | 18s |     • 下载失败 | replies.id=21178 api_type=reply_sticker | 下载失败
2026-05-01 01:14:08 | 18s |     • 下载失败 | https://p3-sign.douyinpic.com/tos-cn-i-p14lwwcsbr/d860f6d286cc492693d87fef3ef5c465~tplv-p14lwwcsbr-7 | 所有CDN均失败
2026-05-01 01:14:08 | 18s |     • 下载失败 | comments.id=43502 api_type=comment_image | 下载失败
2026-05-01 01:14:08 | 18s |     • 下载失败 | https://p26-sign.douyinpic.com/tos-cn-i-p14lwwcsbr/0d5d3ed3121b4e29804f895678941aff~tplv-p14lwwcsbr- | 所有CDN均失败
2026-05-01 01:14:08 | 18s |     • 下载失败 | comments.id=36584 api_type=comment_image | 下载失败
2026-05-01 01:14:08 | 18s |     • 下载失败 | https://p3-sign.douyinpic.com/tos-cn-i-p14lwwcsbr/2f4f8b4f78a545b598d95506bac6778f~tplv-p14lwwcsbr-7 | 所有CDN均失败
2026-05-01 01:14:08 | 18s |     • 下载失败 | comments.id=82384 api_type=comment_image | 下载失败
2026-05-01 01:14:08 | 18s |     • 下载失败 | https://p3-sign.douyinpic.com/tos-cn-i-p14lwwcsbr/7d0f8f99d5c44513908b7a5b2d557e48~tplv-p14lwwcsbr-7 | 所有CDN均失败
2026-05-01 01:14:08 | 18s |     • 下载失败 | comments.id=36727 api_type=comment_image | 下载失败
2026-05-01 01:14:08 | 18s |     • 下载失败 | https://p3-sign.douyinpic.com/tos-cn-i-p14lwwcsbr/e2a2935810aa4b8b87c5d164afb7945e~tplv-p14lwwcsbr-7 | 所有CDN均失败
2026-05-01 01:14:08 | 18s |     • 下载失败 | comments.id=85119 api_type=comment_image | 下载失败
2026-05-01 01:14:08 | 18s |     • 下载失败 | https://p11-sign.douyinpic.com/obj/tos-cn-i-3jr8j4ixpe/5e52fb60f9104e8aa66855d1281cf1d4?lk3s=7b078dd | 所有CDN均失败
2026-05-01 01:14:08 | 18s |     • 下载失败 | comments.id=72575 api_type=comment_sticker | 下载失败
2026-05-01 01:14:08 | 18s |     • 下载失败 | https://p3-sign.douyinpic.com/tos-cn-i-p14lwwcsbr/24128f22a6af4751bc3d279a40d6f0f5~tplv-p14lwwcsbr-7 | 所有CDN均失败
2026-05-01 01:14:08 | 18s |     • 下载失败 | comments.id=82400 api_type=comment_image | 下载失败
2026-05-01 01:14:08 | 18s |     • 下载失败 | https://p5-ex-gddgtc-sign.douyinpic.com/obj/douyin-user-image-file/8c8844d242627c599d1e61a6c3f3f7a3? | 所有CDN均失败
2026-05-01 01:14:08 | 18s |     • 下载失败 | comments.id=85194 api_type=comment_sticker | 下载失败
2026-05-01 01:14:08 | 18s |     • 下载失败 | https://p26-sign.douyinpic.com/tos-cn-i-p14lwwcsbr/8f96956ea2964ea894bc28d894935a50~tplv-p14lwwcsbr- | 所有CDN均失败
2026-05-01 01:14:08 | 18s |     • 下载失败 | comments.id=36551 api_type=comment_image | 下载失败
2026-05-01 01:14:08 | 18s |     • 下载失败 | https://p11-sign.douyinpic.com/tos-cn-i-p14lwwcsbr/b8c83d45828245b9bc273cbef0b586c2~tplv-p14lwwcsbr- | 所有CDN均失败
2026-05-01 01:14:08 | 18s |     • 下载失败 | comments.id=36722 api_type=comment_image | 下载失败
2026-05-01 01:14:08 | 18s |     • 下载失败 | https://p5-ex-gddgtc-sign.douyinpic.com/tos-cn-i-p14lwwcsbr/9a9de80a671a41f38a0b3137fac93956~tplv-p1 | 所有CDN均失败
2026-05-01 01:14:08 | 18s |     • 下载失败 | comments.id=36431 api_type=comment_image | 下载失败
2026-05-01 01:14:08 | 18s |     • 下载失败 | https://p5-ex-gddgtc-sign.douyinpic.com/obj/tos-cn-o-0812/osMbEYFxAgCM8ORMAADAIjDlxCpgaCAyAGEff0?lk3 | 所有CDN均失败
2026-05-01 01:14:08 | 18s |     • 下载失败 | comments.id=90723 api_type=comment_sticker | 下载失败
2026-05-01 01:14:08 | 18s |     • 下载失败 | https://p3-sign.douyinpic.com/tos-cn-i-p14lwwcsbr/76d17b1c6935419b88c5ecf2b492dc71~tplv-p14lwwcsbr-7 | 所有CDN均失败
2026-05-01 01:14:08 | 18s |     • 下载失败 | comments.id=36794 api_type=comment_image | 下载失败
2026-05-01 01:14:08 | 18s |     • 下载失败 | https://p3-sign.douyinpic.com/tos-cn-i-p14lwwcsbr/15be79eb681d44508d6f58f606a940d9~tplv-p14lwwcsbr-7 | 所有CDN均失败
2026-05-01 01:14:08 | 18s |     • 下载失败 | comments.id=36731 api_type=comment_image | 下载失败
2026-05-01 01:14:08 | 18s |     • 下载失败 | https://p26-sign.douyinpic.com/tos-cn-i-p14lwwcsbr/db2be0be6e744497a170652626ddba98~tplv-p14lwwcsbr- | 所有CDN均失败
2026-05-01 01:14:08 | 18s |     • 下载失败 | comments.id=36345 api_type=comment_image | 下载失败
2026-05-01 01:14:08 | 18s |     • 下载失败 | https://p3-sign.douyinpic.com/obj/tos-cn-o-0812/ocInQAAAxKmkAjDnXFEMf0hzyWry0EAgCA52Ce?lk3s=7b078dd2 | 所有CDN均失败
2026-05-01 01:14:08 | 18s |     • 下载失败 | comments.id=68125 api_type=comment_sticker | 下载失败
2026-05-01 01:14:08 | 18s |     • 下载失败 | https://p11-sign.douyinpic.com/tos-cn-i-p14lwwcsbr/f591dc88259d4b65aab7531b0f9ac959~tplv-p14lwwcsbr- | 所有CDN均失败
2026-05-01 01:14:08 | 18s |     • 下载失败 | comments.id=80540 api_type=comment_image | 下载失败
2026-05-01 01:14:08 | 18s |     • 下载失败 | https://p26-sign.douyinpic.com/tos-cn-i-p14lwwcsbr/bd6e2809edac430686f01de210250cd4~tplv-p14lwwcsbr- | 所有CDN均失败
2026-05-01 01:14:08 | 18s |     • 下载失败 | comments.id=55094 api_type=comment_image | 下载失败
2026-05-01 01:14:08 | 18s | ──────────────────────────────────────────────────────────────────────
