2026-05-01 17:07:25 | 0s | [INIT] 日志文件: /home/runner/work/DouyinComment/DouyinComment/scripts/../logs/migrate/migrate_20260501_170725.log
2026-05-01 17:07:25 | 0s | ======================================================================
2026-05-01 17:07:25 | 0s |   [INIT] 抖音资源 → HF Bucket 迁移（v3）
2026-05-01 17:07:25 | 0s |   [INIT] 数据目录:    /home/runner/work/DouyinComment/DouyinComment/scripts/../data
2026-05-01 17:07:25 | 0s |   [INIT] 日志目录:    /home/runner/work/DouyinComment/DouyinComment/scripts/../logs/migrate
2026-05-01 17:07:25 | 0s |   [INIT] 作者过滤:    all
2026-05-01 17:07:25 | 0s |   [INIT] 限制表:      全部
2026-05-01 17:07:25 | 0s |   [INIT] 限制字段:    全部
2026-05-01 17:07:25 | 0s |   [INIT] 最大任务数:  不限
2026-05-01 17:07:25 | 0s |   [INIT] 批次大小:    20
2026-05-01 17:07:25 | 0s |   [INIT] 并发数:      6
2026-05-01 17:07:25 | 0s |   [INIT] Dry-run:     否
2026-05-01 17:07:25 | 0s |   [INIT] Direct:      是
2026-05-01 17:07:25 | 0s | ======================================================================
2026-05-01 17:07:25 | 0s | 
  [SCAN] 已选择 2 个数据库:
2026-05-01 17:07:25 | 0s |   [SCAN] 📁 MS4wLjABAAAA2FYVN1jBWaTVasx7wXcsK0rCPfSY... (videos=399, comments=95328, replies=20957, 43.6 MB)
2026-05-01 17:07:25 | 0s |   [SCAN] 📁 MS4wLjABAAAAWKIRK91nF8hLjuza0KVRL50-lcfN... (videos=147, comments=7951, replies=1922, 3.9 MB)
2026-05-01 17:07:25 | 0s | 
--- HEIF 格式检测 ---
2026-05-01 17:07:25 | 0s | ✅ pillow-heif 已就绪
2026-05-01 17:07:25 | 0s | 
--- 验证 Cookie ---
2026-05-01 17:07:27 | 1s | ✅ Cookie 有效，用户: 万年
2026-05-01 17:07:27 | 1s | 
──────────────────────────────────────────────────────────────────────
2026-05-01 17:07:27 | 1s |   [SCAN] 📁 作者: MS4wLjABAAAA2FYVN1jBWaTVasx7wXcsK0rCPfSY...
2026-05-01 17:07:27 | 1s |   [SCAN] 📄 数据库: /home/runner/work/DouyinComment/DouyinComment/scripts/../data/MS4wLjABAAAA2FYVN1jBWaTVasx7wXcsK0rCPfSYixt5-J1pUegQIbA/sqlite.db
2026-05-01 17:07:27 | 1s | ──────────────────────────────────────────────────────────────────────
2026-05-01 17:07:27 | 2s |   [SCAN] 总 task 数: 40
2026-05-01 17:07:27 | 2s |     comment_avatar: 2
2026-05-01 17:07:27 | 2s |     comment_image: 30
2026-05-01 17:07:27 | 2s |     comment_sticker: 5
2026-05-01 17:07:27 | 2s |     reply_avatar: 1
2026-05-01 17:07:27 | 2s |     reply_image: 1
2026-05-01 17:07:27 | 2s |     reply_sticker: 1
2026-05-01 17:07:27 | 2s |   [SCAN] 唯一分组: 39，去重节省: 1 次下载
2026-05-01 17:07:27 | 2s |   [BATCH] aweme_id 数: 12，分 1 批处理
2026-05-01 17:07:27 | 2s | 
  [BATCH] 📦 批次 1/1: 12 个 aweme_id, 39 个 URL
2026-05-01 17:07:27 | 2s |   [BATCH] direct 模式: 直接使用原始 URL 40 个
2026-05-01 17:07:29 | 3s |   [DL] ⚠️  HTTP 403: https://p11-sign.douyinpic.com/tos-cn-i-p14lwwcsbr/bc36404816f742898fc2cf38d7f5c...
2026-05-01 17:07:29 | 3s |   [DL] ⚠️  HTTP 403: https://p11-sign.douyinpic.com/tos-cn-i-p14lwwcsbr/b8c83d45828245b9bc273cbef0b58...
2026-05-01 17:07:29 | 3s |   [DL] ⚠️  HTTP 403: https://p26-sign.douyinpic.com/tos-cn-i-p14lwwcsbr/0d5d3ed3121b4e29804f895678941...
2026-05-01 17:07:29 | 3s |   [DL] ⚠️  HTTP 403: https://p26-sign.douyinpic.com/tos-cn-i-p14lwwcsbr/bce5515dc6c6463cb08641c63da42...
2026-05-01 17:07:30 | 4s |   [DL] ⚠️  HTTP 403: https://p3-sign.douyinpic.com/tos-cn-i-p14lwwcsbr/b8c83d45828245b9bc273cbef0b586...
2026-05-01 17:07:30 | 4s |   [DL] ⚠️  HTTP 403: https://p3-sign.douyinpic.com/tos-cn-i-p14lwwcsbr/bce5515dc6c6463cb08641c63da42e...
2026-05-01 17:07:30 | 4s |   [DL] ⚠️  HTTP 403: https://p3-sign.douyinpic.com/tos-cn-i-p14lwwcsbr/bc36404816f742898fc2cf38d7f5c4...
2026-05-01 17:07:30 | 4s |   [DL] ⚠️  HTTP 403: https://p3-sign.douyinpic.com/tos-cn-i-p14lwwcsbr/0d5d3ed3121b4e29804f895678941a...
2026-05-01 17:07:30 | 4s |   [DL] ⚠️  HTTP 403: https://p26-sign.douyinpic.com/tos-cn-i-p14lwwcsbr/ea66b537702f42f2bcd2873867dfb...
2026-05-01 17:07:30 | 4s |   [DL] ⚠️  HTTP 403: https://p3-sign.douyinpic.com/tos-cn-i-p14lwwcsbr/ea66b537702f42f2bcd2873867dfb5...
2026-05-01 17:07:30 | 5s |   [DL] ⚠️  HTTP 403: https://p11-sign.douyinpic.com/tos-cn-i-p14lwwcsbr/0d5d3ed3121b4e29804f895678941...
2026-05-01 17:07:31 | 5s |   [DL] ⚠️  HTTP 403: https://p26-sign.douyinpic.com/tos-cn-i-p14lwwcsbr/b8c83d45828245b9bc273cbef0b58...
2026-05-01 17:07:31 | 5s |   [DL] ⚠️  HTTP 403: https://p26-sign.douyinpic.com/tos-cn-i-p14lwwcsbr/bc36404816f742898fc2cf38d7f5c...
2026-05-01 17:07:31 | 6s |   [DL] ⚠️  HTTP 403: https://p11-sign.douyinpic.com/tos-cn-i-p14lwwcsbr/b8c83d45828245b9bc273cbef0b58...
2026-05-01 17:07:31 | 6s |   [DL] ❌ 下载失败，最后尝试的 URL: https://p11-sign.douyinpic.com/tos-cn-i-p14lwwcsbr/b8c83d45828245b9bc273cbef0b586c2~tplv-p14lwwcsbr-7.jpeg?lk3s=7b078dd2&x-expires=1776931200&x-signature=KR35QUdDiWkMxKNMwsAxykHQj4U%3D&from=2064092626&se=false&sc=image&biz_tag=aweme_comment&l=2026042215462601C85A22D2C0AB70A1E0
2026-05-01 17:07:31 | 6s |   [FAIL] 下载失败 | https://p11-sign.douyinpic.com/tos-cn-i-p14lwwcsbr/b8c83d45828245b9bc273cbef0b586c2~tplv-p14lwwcsbr- | 原因=所有CDN均失败
2026-05-01 17:07:31 | 6s |   [FAIL] 下载失败 | comments.id=36722 api_type=comment_image | 表=comments | aweme=7429276471669083451 | 字段=image_list | 原因=下载失败
2026-05-01 17:07:32 | 6s |   [DL] ⚠️  HTTP 403: https://p11-sign.douyinpic.com/tos-cn-i-p14lwwcsbr/bc36404816f742898fc2cf38d7f5c...
2026-05-01 17:07:32 | 6s |   [DL] ❌ 下载失败，最后尝试的 URL: https://p11-sign.douyinpic.com/tos-cn-i-p14lwwcsbr/bc36404816f742898fc2cf38d7f5c462~tplv-p14lwwcsbr-7.jpeg?lk3s=7b078dd2&x-expires=1776938400&x-signature=vgKcV%2BzRey8pbMszek8tkXBnlo8%3D&from=2064092626&se=false&sc=image&biz_tag=aweme_comment&l=202604221708573EE0ADBE4AB6B4587B89
2026-05-01 17:07:32 | 6s |   [FAIL] 下载失败 | https://p11-sign.douyinpic.com/tos-cn-i-p14lwwcsbr/bc36404816f742898fc2cf38d7f5c462~tplv-p14lwwcsbr- | 原因=所有CDN均失败
2026-05-01 17:07:32 | 6s |   [FAIL] 下载失败 | comments.id=80515 api_type=comment_image | 表=comments | aweme=7553617629527002425 | 字段=image_list | 原因=下载失败
2026-05-01 17:07:32 | 6s |   [DL] ⚠️  HTTP 403: https://p26-sign.douyinpic.com/tos-cn-i-p14lwwcsbr/0d5d3ed3121b4e29804f895678941...
2026-05-01 17:07:32 | 6s |   [DL] ❌ 下载失败，最后尝试的 URL: https://p26-sign.douyinpic.com/tos-cn-i-p14lwwcsbr/0d5d3ed3121b4e29804f895678941aff~tplv-p14lwwcsbr-7.jpeg?lk3s=7b078dd2&x-expires=1776931200&x-signature=cCsasWQRTAbHrz7%2BkJyvo9HZluA%3D&from=2064092626&se=false&sc=image&biz_tag=aweme_comment&l=202604221546171B986F7DDF34FD52C394
2026-05-01 17:07:32 | 6s |   [FAIL] 下载失败 | https://p26-sign.douyinpic.com/tos-cn-i-p14lwwcsbr/0d5d3ed3121b4e29804f895678941aff~tplv-p14lwwcsbr- | 原因=所有CDN均失败
2026-05-01 17:07:32 | 6s |   [FAIL] 下载失败 | comments.id=36584 api_type=comment_image | 表=comments | aweme=7429276471669083451 | 字段=image_list | 原因=下载失败
2026-05-01 17:07:32 | 6s |   [DL] ⚠️  HTTP 403: https://p9-sign.douyinpic.com/obj/tos-cn-o-0812/okAuAfyyBAD0iA5Zadi8vNEj7BBIigGQ...
2026-05-01 17:07:32 | 6s |   [DL] ❌ 下载失败，最后尝试的 URL: https://p9-sign.douyinpic.com/obj/tos-cn-o-0812/okAuAfyyBAD0iA5Zadi8vNEj7BBIigGQyVYEkA?lk3s=7b078dd2&x-expires=1776960000&x-signature=PGcNQ%2BFbEbGoPQbhPvr5GppjCr0%3D&from=2064092626&s=sticker_comment&se=false&sc=sticker_heif&biz_tag=aweme_comment&l=202604231846140F73B10722ECAAC2EAB9
2026-05-01 17:07:32 | 6s |   [FAIL] 下载失败 | https://p9-sign.douyinpic.com/obj/tos-cn-o-0812/okAuAfyyBAD0iA5Zadi8vNEj7BBIigGQyVYEkA?lk3s=7b078dd2 | 原因=所有CDN均失败
2026-05-01 17:07:32 | 6s |   [FAIL] 下载失败 | replies.id=21178 api_type=reply_sticker | 表=replies | aweme=7631634541144461489 | 字段=sticker | 原因=下载失败
2026-05-01 17:07:32 | 7s |   [DL] ⚠️  HTTP 403: https://p5-ex-gddgtc-sign.douyinpic.com/tos-cn-i-p14lwwcsbr/ea66b537702f42f2bcd2...
2026-05-01 17:07:32 | 7s |   [DL] ⚠️  HTTP 403: https://p5-ex-gddgtc-sign.douyinpic.com/obj/tos-cn-i-3jr8j4ixpe/1c75ea069aee4991...
2026-05-01 17:07:32 | 7s |   [DL] ❌ 下载失败，最后尝试的 URL: https://p5-ex-gddgtc-sign.douyinpic.com/obj/tos-cn-i-3jr8j4ixpe/1c75ea069aee4991b7a84e8eb3593232?lk3s=7b078dd2&x-expires=1776934800&x-signature=jJh%2BqUU6hYk5lqIhyXJkUKOgGsU%3D&from=2064092626&s=sticker_comment&se=false&sc=sticker_heif&biz_tag=aweme_comment&l=2026042216210053F020E8E7C2CB5B3884
2026-05-01 17:07:32 | 7s |   [FAIL] 下载失败 | https://p5-ex-gddgtc-sign.douyinpic.com/obj/tos-cn-i-3jr8j4ixpe/1c75ea069aee4991b7a84e8eb3593232?lk3 | 原因=所有CDN均失败
2026-05-01 17:07:32 | 7s |   [FAIL] 下载失败 | comments.id=64278 api_type=comment_sticker | 表=comments | aweme=7503090764761009465 | 字段=sticker | 原因=下载失败
2026-05-01 17:07:33 | 7s |   [DL] ⚠️  HTTP 403: https://p5-ex-gddgtc-sign.douyinpic.com/tos-cn-i-p14lwwcsbr/764f718f1d8c4eaf9965...
2026-05-01 17:07:33 | 7s |   [DL] ⚠️  HTTP 403: https://p26-sign.douyinpic.com/tos-cn-i-p14lwwcsbr/db2be0be6e744497a170652626ddb...
2026-05-01 17:07:33 | 7s |   [DL] ⚠️  HTTP 403: https://p3-sign.douyinpic.com/tos-cn-i-p14lwwcsbr/db2be0be6e744497a170652626ddba...
2026-05-01 17:07:33 | 8s |   [DL] ⚠️  HTTP 403: https://p5-ex-gddgtc-sign.douyinpic.com/tos-cn-i-p14lwwcsbr/7bd147a2fe104c33b7be...
2026-05-01 17:07:33 | 8s |   [DL] ⚠️  HTTP 403: https://p5-ex-gddgtc-sign.douyinpic.com/tos-cn-i-p14lwwcsbr/bce5515dc6c6463cb086...
2026-05-01 17:07:33 | 8s |   [DL] ⚠️  HTTP 403: https://p26-sign.douyinpic.com/tos-cn-i-p14lwwcsbr/764f718f1d8c4eaf996540df50240...
2026-05-01 17:07:33 | 8s |   [DL] ⚠️  HTTP 403: https://p26-sign.douyinpic.com/tos-cn-i-p14lwwcsbr/ea66b537702f42f2bcd2873867dfb...
2026-05-01 17:07:33 | 8s |   [DL] ❌ 下载失败，最后尝试的 URL: https://p26-sign.douyinpic.com/tos-cn-i-p14lwwcsbr/ea66b537702f42f2bcd2873867dfb523~tplv-p14lwwcsbr-7.jpeg?lk3s=7b078dd2&x-expires=1776931200&x-signature=FyYbnDNu2ohz2OwFj5FGH4mTB3c%3D&from=2064092626&se=false&sc=image&biz_tag=aweme_comment&l=20260422154606FF992CDA2BC9154ED157
2026-05-01 17:07:33 | 8s |   [FAIL] 下载失败 | https://p26-sign.douyinpic.com/tos-cn-i-p14lwwcsbr/ea66b537702f42f2bcd2873867dfb523~tplv-p14lwwcsbr- | 原因=所有CDN均失败
2026-05-01 17:07:33 | 8s |   [FAIL] 下载失败 | comments.id=36412 api_type=comment_image | 表=comments | aweme=7429276471669083451 | 字段=image_list | 原因=下载失败
2026-05-01 17:07:34 | 8s |   [DL] ⚠️  HTTP 403: https://p26-sign.douyinpic.com/tos-cn-i-p14lwwcsbr/6b0da7766c894e0abebf6ad4a7fd9...
2026-05-01 17:07:35 | 9s |   [UPLOAD] ↑ MS4wLjABAAAA2FYVN1jBWaTVasx7wXcsK0rCPfSYixt5-J1pUegQIbA/avatars/9aa540ff584d62bf53e3d232c7cd62f5.jpeg
2026-05-01 17:07:35 | 9s |   [DB] 📝 待更新: 2 行
2026-05-01 17:07:35 | 9s |   [DB] ✅ commit 成功: 2 行已写入
2026-05-01 17:07:35 | 9s |   [DL] ⚠️  HTTP 403: https://p5-ex-gddgtc-sign.douyinpic.com/tos-cn-i-p14lwwcsbr/db2be0be6e744497a170...
2026-05-01 17:07:35 | 9s |   [DL] ⚠️  HTTP 403: https://p11-sign.douyinpic.com/tos-cn-i-p14lwwcsbr/764f718f1d8c4eaf996540df50240...
2026-05-01 17:07:35 | 9s |   [DL] ⚠️  HTTP 403: https://p5-ex-gddgtc-sign.douyinpic.com/tos-cn-i-p14lwwcsbr/6b0da7766c894e0abebf...
2026-05-01 17:07:35 | 9s |   [DL] ⚠️  HTTP 403: https://p5-ex-gddgtc-sign.douyinpic.com/tos-cn-i-p14lwwcsbr/52a9bd3b50254df6a399...
2026-05-01 17:07:35 | 10s |   [DL] ⚠️  HTTP 403: https://p26-sign.douyinpic.com/tos-cn-i-p14lwwcsbr/7bd147a2fe104c33b7beacb33aeb8...
2026-05-01 17:07:35 | 10s |   [DL] ⚠️  HTTP 403: https://p26-sign.douyinpic.com/tos-cn-i-p14lwwcsbr/bce5515dc6c6463cb08641c63da42...
2026-05-01 17:07:35 | 10s |   [DL] ❌ 下载失败，最后尝试的 URL: https://p26-sign.douyinpic.com/tos-cn-i-p14lwwcsbr/bce5515dc6c6463cb08641c63da42eaf~tplv-p14lwwcsbr-7.jpeg?lk3s=7b078dd2&x-expires=1776931200&x-signature=MMYvK8VGI3UKkCz88bPGVcavdZo%3D&from=2064092626&se=false&sc=image&biz_tag=aweme_comment&l=2026042215462601C85A22D2C0AB70A1E0
2026-05-01 17:07:35 | 10s |   [FAIL] 下载失败 | https://p26-sign.douyinpic.com/tos-cn-i-p14lwwcsbr/bce5515dc6c6463cb08641c63da42eaf~tplv-p14lwwcsbr- | 原因=所有CDN均失败
2026-05-01 17:07:35 | 10s |   [FAIL] 下载失败 | comments.id=36726 api_type=comment_image | 表=comments | aweme=7429276471669083451 | 字段=image_list | 原因=下载失败
2026-05-01 17:07:35 | 10s |   [DL] ⚠️  HTTP 403: https://p3-sign.douyinpic.com/tos-cn-i-p14lwwcsbr/6b0da7766c894e0abebf6ad4a7fd9f...
2026-05-01 17:07:36 | 10s |   [DL] ⚠️  HTTP 403: https://p26-sign.douyinpic.com/tos-cn-i-p14lwwcsbr/db2be0be6e744497a170652626ddb...
2026-05-01 17:07:36 | 10s |   [DL] ❌ 下载失败，最后尝试的 URL: https://p26-sign.douyinpic.com/tos-cn-i-p14lwwcsbr/db2be0be6e744497a170652626ddba98~tplv-p14lwwcsbr-7.jpeg?lk3s=7b078dd2&x-expires=1776931200&x-signature=FknWTfoAfyoA%2Fd1%2B%2Bp2OG55ef38%3D&from=2064092626&se=false&sc=image&biz_tag=aweme_comment&l=202604221546019671705BAEB2D651D52C
2026-05-01 17:07:36 | 10s |   [FAIL] 下载失败 | https://p26-sign.douyinpic.com/tos-cn-i-p14lwwcsbr/db2be0be6e744497a170652626ddba98~tplv-p14lwwcsbr- | 原因=所有CDN均失败
2026-05-01 17:07:36 | 10s |   [FAIL] 下载失败 | comments.id=36345 api_type=comment_image | 表=comments | aweme=7429276471669083451 | 字段=image_list | 原因=下载失败
2026-05-01 17:07:36 | 10s |   [DL] ⚠️  HTTP 403: https://p3-sign.douyinpic.com/tos-cn-i-p14lwwcsbr/7bd147a2fe104c33b7beacb33aeb81...
2026-05-01 17:07:36 | 10s |   [DL] ⚠️  HTTP 403: https://p5-ex-gddgtc-sign.douyinpic.com/tos-cn-i-p14lwwcsbr/764f718f1d8c4eaf9965...
2026-05-01 17:07:36 | 10s |   [DL] ❌ 下载失败，最后尝试的 URL: https://p5-ex-gddgtc-sign.douyinpic.com/tos-cn-i-p14lwwcsbr/764f718f1d8c4eaf996540df502400d2~tplv-p14lwwcsbr-7.jpeg?lk3s=7b078dd2&x-expires=1776934800&x-signature=LzuwUvq9vXHyhzSyKrPCS3njAVE%3D&from=2064092626&se=false&sc=image&biz_tag=aweme_comment&l=2026042216254605B500454A61084CD377
2026-05-01 17:07:36 | 10s |   [FAIL] 下载失败 | https://p5-ex-gddgtc-sign.douyinpic.com/tos-cn-i-p14lwwcsbr/764f718f1d8c4eaf996540df502400d2~tplv-p1 | 原因=所有CDN均失败
2026-05-01 17:07:36 | 10s |   [FAIL] 下载失败 | comments.id=68123 api_type=comment_image | 表=comments | aweme=7509903583040228666 | 字段=image_list | 原因=下载失败
2026-05-01 17:07:36 | 10s |   [DL] ⚠️  HTTP 403: https://p3-sign.douyinpic.com/tos-cn-i-p14lwwcsbr/d860f6d286cc492693d87fef3ef5c4...
2026-05-01 17:07:36 | 10s |   [DL] ⚠️  HTTP 403: https://p5-sign.douyinpic.com/tos-cn-i-p14lwwcsbr/52a9bd3b50254df6a399029fa65718...
2026-05-01 17:07:36 | 11s |   [DL] ⚠️  HTTP 403: https://p5-ex-gddgtc-sign.douyinpic.com/tos-cn-i-p14lwwcsbr/7bd147a2fe104c33b7be...
2026-05-01 17:07:36 | 11s |   [DL] ❌ 下载失败，最后尝试的 URL: https://p5-ex-gddgtc-sign.douyinpic.com/tos-cn-i-p14lwwcsbr/7bd147a2fe104c33b7beacb33aeb81a0~tplv-p14lwwcsbr-7.jpeg?lk3s=7b078dd2&x-expires=1776931200&x-signature=l9Nt%2B7N2HXaeIAQXuzIGTD6hEp8%3D&from=2064092626&se=false&sc=image&biz_tag=aweme_comment&l=2026042215460891CC4DEE5D05024DA5A6
2026-05-01 17:07:36 | 11s |   [FAIL] 下载失败 | https://p5-ex-gddgtc-sign.douyinpic.com/tos-cn-i-p14lwwcsbr/7bd147a2fe104c33b7beacb33aeb81a0~tplv-p1 | 原因=所有CDN均失败
2026-05-01 17:07:36 | 11s |   [FAIL] 下载失败 | comments.id=36457 api_type=comment_image | 表=comments | aweme=7429276471669083451 | 字段=image_list | 原因=下载失败
2026-05-01 17:07:37 | 11s |   [DL] ⚠️  HTTP 403: https://p26-sign.douyinpic.com/tos-cn-i-p14lwwcsbr/8021ec5dcc93470b9ff105110e288...
2026-05-01 17:07:37 | 11s |   [DL] ⚠️  HTTP 403: https://p26-sign.douyinpic.com/tos-cn-i-p14lwwcsbr/6b0da7766c894e0abebf6ad4a7fd9...
2026-05-01 17:07:37 | 11s |   [DL] ❌ 下载失败，最后尝试的 URL: https://p26-sign.douyinpic.com/tos-cn-i-p14lwwcsbr/6b0da7766c894e0abebf6ad4a7fd9f53~tplv-p14lwwcsbr-7.jpeg?lk3s=7b078dd2&x-expires=1776931200&x-signature=pvmfkASyCSrz8%2F4eadWxNSV%2FF5I%3D&from=2064092626&se=false&sc=image&biz_tag=aweme_comment&l=202604221546149368303F0521DD6F7028
2026-05-01 17:07:37 | 11s |   [FAIL] 下载失败 | https://p26-sign.douyinpic.com/tos-cn-i-p14lwwcsbr/6b0da7766c894e0abebf6ad4a7fd9f53~tplv-p14lwwcsbr- | 原因=所有CDN均失败
2026-05-01 17:07:37 | 11s |   [FAIL] 下载失败 | comments.id=36543 api_type=comment_image | 表=comments | aweme=7429276471669083451 | 字段=image_list | 原因=下载失败
2026-05-01 17:07:37 | 11s |   [DL] ⚠️  HTTP 403: https://p3-sign.douyinpic.com/tos-cn-i-p14lwwcsbr/8021ec5dcc93470b9ff105110e288c...
2026-05-01 17:07:37 | 11s |   [DL] ⚠️  HTTP 403: https://p3-sign.douyinpic.com/tos-cn-i-p14lwwcsbr/67601bf2921a4e5f901ee2621d9ff8...
2026-05-01 17:07:37 | 11s |   [DL] ⚠️  HTTP 403: https://p5-ex-gddgtc-sign.douyinpic.com/tos-cn-i-p14lwwcsbr/d860f6d286cc492693d8...
2026-05-01 17:07:37 | 11s |   [DL] ⚠️  HTTP 403: https://p26-sign.douyinpic.com/tos-cn-i-p14lwwcsbr/95d264037aea4bf996a8a39698176...
2026-05-01 17:07:37 | 11s |   [DL] ⚠️  HTTP 403: https://p26-sign.douyinpic.com/tos-cn-i-p14lwwcsbr/52a9bd3b50254df6a399029fa6571...
2026-05-01 17:07:37 | 11s |   [DL] ⚠️  HTTP 403: https://p26-sign.douyinpic.com/obj/tos-cn-o-0812/o0cguteHAroyvOClx6QCAktcgDQdIAe...
2026-05-01 17:07:37 | 11s |   [DL] ❌ 下载失败，最后尝试的 URL: https://p26-sign.douyinpic.com/obj/tos-cn-o-0812/o0cguteHAroyvOClx6QCAktcgDQdIAelAHA8bn?lk3s=7b078dd2&x-expires=1776931200&x-signature=QKrJNCwSi5qhER7JuGxca4eE%2BkU%3D&from=2064092626&s=sticker_comment&se=false&sc=sticker_heif&biz_tag=aweme_comment&l=20260422155917D4AC69AC509C06719605
2026-05-01 17:07:37 | 11s |   [FAIL] 下载失败 | https://p26-sign.douyinpic.com/obj/tos-cn-o-0812/o0cguteHAroyvOClx6QCAktcgDQdIAelAHA8bn?lk3s=7b078dd | 原因=所有CDN均失败
2026-05-01 17:07:37 | 11s |   [FAIL] 下载失败 | comments.id=46997 api_type=comment_sticker | 表=comments | aweme=7456483966602841403 | 字段=sticker | 原因=下载失败
2026-05-01 17:07:37 | 12s |   [DL] ⚠️  HTTP 403: https://p3-sign.douyinpic.com/tos-cn-i-p14lwwcsbr/95d264037aea4bf996a8a396981767...
2026-05-01 17:07:38 | 12s |   [DL] ⚠️  HTTP 403: https://p5-ex-gddgtc-sign.douyinpic.com/tos-cn-i-p14lwwcsbr/52a9bd3b50254df6a399...
2026-05-01 17:07:38 | 12s |   [DL] ❌ 下载失败，最后尝试的 URL: https://p5-ex-gddgtc-sign.douyinpic.com/tos-cn-i-p14lwwcsbr/52a9bd3b50254df6a399029fa6571887~tplv-p14lwwcsbr-7.jpeg?lk3s=7b078dd2&x-expires=1776931200&x-signature=1nbhUZtGZbmCsBVuCQr%2BXYOSKYU%3D&from=2064092626&se=false&sc=image&biz_tag=aweme_comment&l=2026042215461891CC4DEE5D05024DA9AD
2026-05-01 17:07:38 | 12s |   [FAIL] 下载失败 | https://p5-ex-gddgtc-sign.douyinpic.com/tos-cn-i-p14lwwcsbr/52a9bd3b50254df6a399029fa6571887~tplv-p1 | 原因=所有CDN均失败
2026-05-01 17:07:38 | 12s |   [FAIL] 下载失败 | comments.id=36600 api_type=comment_image | 表=comments | aweme=7429276471669083451 | 字段=image_list | 原因=下载失败
2026-05-01 17:07:38 | 12s |   [DL] ⚠️  HTTP 403: https://p5-ex-gddgtc-sign.douyinpic.com/obj/tos-cn-o-0812/osMbEYFxAgCM8ORMAADAIj...
2026-05-01 17:07:38 | 12s |   [DL] ❌ 下载失败，最后尝试的 URL: https://p5-ex-gddgtc-sign.douyinpic.com/obj/tos-cn-o-0812/osMbEYFxAgCM8ORMAADAIjDlxCpgaCAyAGEff0?lk3s=7b078dd2&x-expires=1776938400&x-signature=a4s4ivW6IB1r42X4peH3NFRD5VE%3D&from=2064092626&s=sticker_comment&se=false&sc=sticker_heif&biz_tag=aweme_comment&l=202604221741241AE6C93B5D9DF35359FD
2026-05-01 17:07:38 | 12s |   [FAIL] 下载失败 | https://p5-ex-gddgtc-sign.douyinpic.com/obj/tos-cn-o-0812/osMbEYFxAgCM8ORMAADAIjDlxCpgaCAyAGEff0?lk3 | 原因=所有CDN均失败
2026-05-01 17:07:38 | 12s |   [FAIL] 下载失败 | comments.id=90723 api_type=comment_sticker | 表=comments | aweme=7575874445581119665 | 字段=sticker | 原因=下载失败
2026-05-01 17:07:38 | 12s |   [DL] ⚠️  HTTP 403: https://p26-sign.douyinpic.com/tos-cn-i-p14lwwcsbr/d860f6d286cc492693d87fef3ef5c...
2026-05-01 17:07:38 | 12s |   [DL] ⚠️  HTTP 403: https://p11-sign.douyinpic.com/tos-cn-i-p14lwwcsbr/95d264037aea4bf996a8a39698176...
2026-05-01 17:07:38 | 13s |   [DL] ⚠️  HTTP 403: https://p3-sign.douyinpic.com/tos-cn-i-p14lwwcsbr/d860f6d286cc492693d87fef3ef5c4...
2026-05-01 17:07:38 | 13s |   [DL] ❌ 下载失败，最后尝试的 URL: https://p3-sign.douyinpic.com/tos-cn-i-p14lwwcsbr/d860f6d286cc492693d87fef3ef5c465~tplv-p14lwwcsbr-7.jpeg?lk3s=7b078dd2&x-expires=1776931200&x-signature=XHNjZ02lBPAxQiXvo3v%2BAA20x1o%3D&from=2064092626&se=false&sc=image&biz_tag=aweme_comment&l=20260422155457D4AC69AC509C06713A5E
2026-05-01 17:07:38 | 13s |   [FAIL] 下载失败 | https://p3-sign.douyinpic.com/tos-cn-i-p14lwwcsbr/d860f6d286cc492693d87fef3ef5c465~tplv-p14lwwcsbr-7 | 原因=所有CDN均失败
2026-05-01 17:07:38 | 13s |   [FAIL] 下载失败 | comments.id=43502 api_type=comment_image | 表=comments | aweme=7447440432881077563 | 字段=image_list | 原因=下载失败
2026-05-01 17:07:38 | 13s |   [DL] ⚠️  HTTP 403: https://p3-sign.douyinpic.com/tos-cn-i-p14lwwcsbr/7d0f8f99d5c44513908b7a5b2d557e...
2026-05-01 17:07:39 | 13s |   [DL] ⚠️  HTTP 403: https://p5-ex-gddgtc-sign.douyinpic.com/tos-cn-i-p14lwwcsbr/8021ec5dcc93470b9ff1...
2026-05-01 17:07:39 | 13s |   [DL] ⚠️  HTTP 403: https://p5-ex-gddgtc-sign.douyinpic.com/tos-cn-i-p14lwwcsbr/67601bf2921a4e5f901e...
2026-05-01 17:07:39 | 13s |   [DL] ⚠️  HTTP 403: https://p26-sign.douyinpic.com/tos-cn-i-p14lwwcsbr/8f96956ea2964ea894bc28d894935...
2026-05-01 17:07:39 | 13s |   [DL] ⚠️  HTTP 403: https://p26-sign.douyinpic.com/tos-cn-i-p14lwwcsbr/95d264037aea4bf996a8a39698176...
2026-05-01 17:07:39 | 13s |   [DL] ❌ 下载失败，最后尝试的 URL: https://p26-sign.douyinpic.com/tos-cn-i-p14lwwcsbr/95d264037aea4bf996a8a396981767ad~tplv-p14lwwcsbr-7.jpeg?lk3s=7b078dd2&x-expires=1776931200&x-signature=%2FtRYC08gUq9g44LpdMt4j2f0UQE%3D&from=2064092626&se=false&sc=image&biz_tag=aweme_comment&l=2026042215462159E8EFCA34A1137CCBA3
2026-05-01 17:07:39 | 13s |   [FAIL] 下载失败 | https://p26-sign.douyinpic.com/tos-cn-i-p14lwwcsbr/95d264037aea4bf996a8a396981767ad~tplv-p14lwwcsbr- | 原因=所有CDN均失败
2026-05-01 17:07:39 | 13s |   [FAIL] 下载失败 | comments.id=36654 api_type=comment_image | 表=comments | aweme=7429276471669083451 | 字段=image_list | 原因=下载失败
2026-05-01 17:07:39 | 14s |   [DL] ⚠️  HTTP 403: https://p26-sign.douyinpic.com/tos-cn-i-p14lwwcsbr/7d0f8f99d5c44513908b7a5b2d557...
2026-05-01 17:07:40 | 14s |   [DL] ⚠️  HTTP 403: https://p26-sign.douyinpic.com/tos-cn-i-p14lwwcsbr/8021ec5dcc93470b9ff105110e288...
2026-05-01 17:07:40 | 14s |   [DL] ❌ 下载失败，最后尝试的 URL: https://p26-sign.douyinpic.com/tos-cn-i-p14lwwcsbr/8021ec5dcc93470b9ff105110e288cd7~tplv-p14lwwcsbr-7.jpeg?lk3s=7b078dd2&x-expires=1776952800&x-signature=D0%2F%2FSdYFxQfL5G1DpuWnnoFVNZI%3D&from=2064092626&se=false&sc=image&biz_tag=aweme_comment&l=20260422213043620A31DAC0379774BAE8
2026-05-01 17:07:40 | 14s |   [FAIL] 下载失败 | https://p26-sign.douyinpic.com/tos-cn-i-p14lwwcsbr/8021ec5dcc93470b9ff105110e288cd7~tplv-p14lwwcsbr- | 原因=所有CDN均失败
2026-05-01 17:07:40 | 14s |   [FAIL] 下载失败 | replies.id=18126 api_type=reply_image | 表=replies | aweme=7560954743410675002 | 字段=image_list | 原因=下载失败
2026-05-01 17:07:40 | 14s |   [DL] ⚠️  HTTP 403: https://p3-sign.douyinpic.com/tos-cn-i-p14lwwcsbr/8f96956ea2964ea894bc28d894935a...
2026-05-01 17:07:40 | 14s |   [DL] ⚠️  HTTP 403: https://p26-sign.douyinpic.com/tos-cn-i-p14lwwcsbr/67601bf2921a4e5f901ee2621d9ff...
2026-05-01 17:07:40 | 14s |   [DL] ⚠️  HTTP 403: https://p9-sign.douyinpic.com/tos-cn-i-p14lwwcsbr/8f96956ea2964ea894bc28d894935a...
2026-05-01 17:07:40 | 14s |   [DL] ⚠️  HTTP 403: https://p11-sign.douyinpic.com/tos-cn-i-p14lwwcsbr/7d0f8f99d5c44513908b7a5b2d557...
2026-05-01 17:07:40 | 14s |   [DL] ⚠️  HTTP 403: https://p3-sign.douyinpic.com/tos-cn-i-p14lwwcsbr/67601bf2921a4e5f901ee2621d9ff8...
2026-05-01 17:07:40 | 14s |   [DL] ❌ 下载失败，最后尝试的 URL: https://p3-sign.douyinpic.com/tos-cn-i-p14lwwcsbr/67601bf2921a4e5f901ee2621d9ff8c6~tplv-p14lwwcsbr-7.jpeg?lk3s=7b078dd2&x-expires=1776938400&x-signature=iOzpex7J08dvNvu%2Fy%2FgBtTkTraI%3D&from=2064092626&se=false&sc=image&biz_tag=aweme_comment&l=20260422171350B2A2F41B1F4801575F84
2026-05-01 17:07:40 | 14s |   [FAIL] 下载失败 | https://p3-sign.douyinpic.com/tos-cn-i-p14lwwcsbr/67601bf2921a4e5f901ee2621d9ff8c6~tplv-p14lwwcsbr-7 | 原因=所有CDN均失败
2026-05-01 17:07:40 | 14s |   [FAIL] 下载失败 | comments.id=82002 api_type=comment_image | 表=comments | aweme=7555833842822843706 | 字段=image_list | 原因=下载失败
2026-05-01 17:07:40 | 14s |   [DL] ⚠️  HTTP 403: https://p3-sign.douyinpic.com/tos-cn-i-p14lwwcsbr/7d0f8f99d5c44513908b7a5b2d557e...
2026-05-01 17:07:40 | 14s |   [DL] ❌ 下载失败，最后尝试的 URL: https://p3-sign.douyinpic.com/tos-cn-i-p14lwwcsbr/7d0f8f99d5c44513908b7a5b2d557e48~tplv-p14lwwcsbr-7.jpeg?lk3s=7b078dd2&x-expires=1776931200&x-signature=nJCGl%2Fd0UzHFerI2zDDTScEbZmY%3D&from=2064092626&se=false&sc=image&biz_tag=aweme_comment&l=2026042215462601C85A22D2C0AB70A1E0
2026-05-01 17:07:40 | 14s |   [FAIL] 下载失败 | https://p3-sign.douyinpic.com/tos-cn-i-p14lwwcsbr/7d0f8f99d5c44513908b7a5b2d557e48~tplv-p14lwwcsbr-7 | 原因=所有CDN均失败
2026-05-01 17:07:40 | 14s |   [FAIL] 下载失败 | comments.id=36727 api_type=comment_image | 表=comments | aweme=7429276471669083451 | 字段=image_list | 原因=下载失败
2026-05-01 17:07:40 | 14s |   [DL] ⚠️  HTTP 403: https://p3-sign.douyinpic.com/tos-cn-i-p14lwwcsbr/15be79eb681d44508d6f58f606a940...
2026-05-01 17:07:41 | 15s |   [DL] ⚠️  HTTP 403: https://p3-sign.douyinpic.com/tos-cn-i-p14lwwcsbr/e2a2935810aa4b8b87c5d164afb794...
2026-05-01 17:07:41 | 15s |   [DL] ⚠️  HTTP 403: https://p26-sign.douyinpic.com/tos-cn-i-p14lwwcsbr/8f96956ea2964ea894bc28d894935...
2026-05-01 17:07:41 | 15s |   [DL] ❌ 下载失败，最后尝试的 URL: https://p26-sign.douyinpic.com/tos-cn-i-p14lwwcsbr/8f96956ea2964ea894bc28d894935a50~tplv-p14lwwcsbr-7.jpeg?lk3s=7b078dd2&x-expires=1776931200&x-signature=k9bSdL2DuJc0EwzX%2Bn6AjmDTlv4%3D&from=2064092626&se=false&sc=image&biz_tag=aweme_comment&l=202604221546161B986F7DDF34FD52C340
2026-05-01 17:07:41 | 15s |   [FAIL] 下载失败 | https://p26-sign.douyinpic.com/tos-cn-i-p14lwwcsbr/8f96956ea2964ea894bc28d894935a50~tplv-p14lwwcsbr- | 原因=所有CDN均失败
2026-05-01 17:07:41 | 15s |   [FAIL] 下载失败 | comments.id=36551 api_type=comment_image | 表=comments | aweme=7429276471669083451 | 字段=image_list | 原因=下载失败
2026-05-01 17:07:41 | 15s |   [DL] ⚠️  HTTP 403: https://p3-sign.douyinpic.com/tos-cn-i-p14lwwcsbr/aad72a93db3d490981573dc450d975...
2026-05-01 17:07:41 | 15s |   [DL] ⚠️  HTTP 403: https://p26-sign.douyinpic.com/tos-cn-i-p14lwwcsbr/15be79eb681d44508d6f58f606a94...
2026-05-01 17:07:41 | 15s |   [DL] ⚠️  HTTP 403: https://p11-sign.douyinpic.com/tos-cn-i-p14lwwcsbr/a9b36ab7a89545b083a1dca53ebf1...
2026-05-01 17:07:41 | 15s |   [DL] ⚠️  HTTP 403: https://p5-ex-gddgtc-sign.douyinpic.com/obj/douyin-user-image-file/8c8844d242627...
2026-05-01 17:07:41 | 15s |   [DL] ❌ 下载失败，最后尝试的 URL: https://p5-ex-gddgtc-sign.douyinpic.com/obj/douyin-user-image-file/8c8844d242627c599d1e61a6c3f3f7a3?lk3s=7b078dd2&x-expires=1776938400&x-signature=3mPhXzM1XGYjiux88h2FMYLDAV0%3D&from=2064092626&s=sticker_comment&se=false&sc=sticker_heif&biz_tag=aweme_comment&l=20260422172351E72952BBBF2BB254ED0C
2026-05-01 17:07:41 | 15s |   [FAIL] 下载失败 | https://p5-ex-gddgtc-sign.douyinpic.com/obj/douyin-user-image-file/8c8844d242627c599d1e61a6c3f3f7a3? | 原因=所有CDN均失败
2026-05-01 17:07:41 | 15s |   [FAIL] 下载失败 | comments.id=85194 api_type=comment_sticker | 表=comments | aweme=7560954743410675002 | 字段=sticker | 原因=下载失败
2026-05-01 17:07:41 | 15s |   [DL] ⚠️  HTTP 403: https://p5-ex-gddgtc-sign.douyinpic.com/tos-cn-i-p14lwwcsbr/b8184383051645ab9887...
2026-05-01 17:07:41 | 16s |   [DL] ⚠️  HTTP 403: https://p3-sign.douyinpic.com/tos-cn-i-p14lwwcsbr/a9b36ab7a89545b083a1dca53ebf1d...
2026-05-01 17:07:42 | 16s |   [DL] ⚠️  HTTP 403: https://p5-ex-gddgtc-sign.douyinpic.com/tos-cn-i-p14lwwcsbr/aad72a93db3d49098157...
2026-05-01 17:07:42 | 16s |   [DL] ⚠️  HTTP 403: https://p11-sign.douyinpic.com/tos-cn-i-p14lwwcsbr/15be79eb681d44508d6f58f606a94...
2026-05-01 17:07:42 | 16s |   [DL] ⚠️  HTTP 403: https://p5-ex-gddgtc-sign.douyinpic.com/tos-cn-i-p14lwwcsbr/9a9de80a671a41f38a0b...
2026-05-01 17:07:42 | 16s |   [DL] ⚠️  HTTP 403: https://p11-sign.douyinpic.com/tos-cn-i-p14lwwcsbr/b8184383051645ab988770045be98...
2026-05-01 17:07:42 | 16s |   [DL] ⚠️  HTTP 403: https://p3-sign.douyinpic.com/tos-cn-i-p14lwwcsbr/15be79eb681d44508d6f58f606a940...
2026-05-01 17:07:42 | 16s |   [DL] ❌ 下载失败，最后尝试的 URL: https://p3-sign.douyinpic.com/tos-cn-i-p14lwwcsbr/15be79eb681d44508d6f58f606a940d9~tplv-p14lwwcsbr-7.jpeg?lk3s=7b078dd2&x-expires=1776931200&x-signature=LMnCBtM5AZucZ5Dhy6x2fixpkhU%3D&from=2064092626&se=false&sc=image&biz_tag=aweme_comment&l=202604221546278C589B72AFFA1849E615
2026-05-01 17:07:42 | 16s |   [FAIL] 下载失败 | https://p3-sign.douyinpic.com/tos-cn-i-p14lwwcsbr/15be79eb681d44508d6f58f606a940d9~tplv-p14lwwcsbr-7 | 原因=所有CDN均失败
2026-05-01 17:07:42 | 16s |   [FAIL] 下载失败 | comments.id=36731 api_type=comment_image | 表=comments | aweme=7429276471669083451 | 字段=image_list | 原因=下载失败
2026-05-01 17:07:42 | 16s |   [DL] ⚠️  HTTP 403: https://p26-sign.douyinpic.com/tos-cn-i-p14lwwcsbr/a9b36ab7a89545b083a1dca53ebf1...
2026-05-01 17:07:42 | 16s |   [DL] ⚠️  HTTP 403: https://p3-sign.douyinpic.com/tos-cn-i-p14lwwcsbr/b8184383051645ab988770045be98b...
2026-05-01 17:07:42 | 17s |   [DL] ⚠️  HTTP 403: https://p26-sign.douyinpic.com/tos-cn-i-p14lwwcsbr/aad72a93db3d490981573dc450d97...
2026-05-01 17:07:43 | 17s |   [DL] ⚠️  HTTP 403: https://p5-ex-gddgtc-sign.douyinpic.com/tos-cn-i-p14lwwcsbr/e2a2935810aa4b8b87c5...
2026-05-01 17:07:43 | 17s |   [DL] ⚠️  HTTP 403: https://p3-sign.douyinpic.com/tos-cn-i-p14lwwcsbr/aad72a93db3d490981573dc450d975...
2026-05-01 17:07:43 | 17s |   [DL] ❌ 下载失败，最后尝试的 URL: https://p3-sign.douyinpic.com/tos-cn-i-p14lwwcsbr/aad72a93db3d490981573dc450d975af~tplv-p14lwwcsbr-7.jpeg?lk3s=7b078dd2&x-expires=1776931200&x-signature=USvTYjcu4SM2JL9HRE1p%2B7bFHyA%3D&from=2064092626&se=false&sc=image&biz_tag=aweme_comment&l=2026042215462159E8EFCA34A1137CCBA3
2026-05-01 17:07:43 | 17s |   [FAIL] 下载失败 | https://p3-sign.douyinpic.com/tos-cn-i-p14lwwcsbr/aad72a93db3d490981573dc450d975af~tplv-p14lwwcsbr-7 | 原因=所有CDN均失败
2026-05-01 17:07:43 | 17s |   [FAIL] 下载失败 | comments.id=36643 api_type=comment_image | 表=comments | aweme=7429276471669083451 | 字段=image_list | 原因=下载失败
2026-05-01 17:07:43 | 17s |   [DL] ⚠️  HTTP 403: https://p3-sign.douyinpic.com/obj/tos-cn-o-0812/ocInQAAAxKmkAjDnXFEMf0hzyWry0EAg...
2026-05-01 17:07:43 | 17s |   [DL] ❌ 下载失败，最后尝试的 URL: https://p3-sign.douyinpic.com/obj/tos-cn-o-0812/ocInQAAAxKmkAjDnXFEMf0hzyWry0EAgCA52Ce?lk3s=7b078dd2&x-expires=1776934800&x-signature=xOQ4o4ntr1jYBy1jXt4xZW2bLwY%3D&from=2064092626&s=sticker_comment&se=false&sc=sticker_heif&biz_tag=aweme_comment&l=2026042216254605B500454A61084CD377
2026-05-01 17:07:43 | 17s |   [FAIL] 下载失败 | https://p3-sign.douyinpic.com/obj/tos-cn-o-0812/ocInQAAAxKmkAjDnXFEMf0hzyWry0EAgCA52Ce?lk3s=7b078dd2 | 原因=所有CDN均失败
2026-05-01 17:07:43 | 17s |   [FAIL] 下载失败 | comments.id=68125 api_type=comment_sticker | 表=comments | aweme=7509903583040228666 | 字段=sticker | 原因=下载失败
2026-05-01 17:07:43 | 17s |   [DL] ⚠️  HTTP 403: https://p5-ex-gddgtc-sign.douyinpic.com/tos-cn-i-p14lwwcsbr/6335d8a759b940869960...
2026-05-01 17:07:43 | 17s |   [DL] ⚠️  HTTP 403: https://p11-sign.douyinpic.com/tos-cn-i-p14lwwcsbr/a9b36ab7a89545b083a1dca53ebf1...
2026-05-01 17:07:43 | 17s |   [DL] ❌ 下载失败，最后尝试的 URL: https://p11-sign.douyinpic.com/tos-cn-i-p14lwwcsbr/a9b36ab7a89545b083a1dca53ebf1dba~tplv-p14lwwcsbr-7.jpeg?lk3s=7b078dd2&x-expires=1776931200&x-signature=CGz%2BNOYYFuf16QJs0mc4EvA2hT0%3D&from=2064092626&se=false&sc=image&biz_tag=aweme_comment&l=202604221546019671705BAEB2D651D52C
2026-05-01 17:07:43 | 17s |   [FAIL] 下载失败 | https://p11-sign.douyinpic.com/tos-cn-i-p14lwwcsbr/a9b36ab7a89545b083a1dca53ebf1dba~tplv-p14lwwcsbr- | 原因=所有CDN均失败
2026-05-01 17:07:43 | 17s |   [FAIL] 下载失败 | comments.id=36340 api_type=comment_image | 表=comments | aweme=7429276471669083451 | 字段=image_list | 原因=下载失败
2026-05-01 17:07:43 | 17s |   [DL] ⚠️  HTTP 403: https://p5-ex-gddgtc-sign.douyinpic.com/tos-cn-i-p14lwwcsbr/b8184383051645ab9887...
2026-05-01 17:07:43 | 17s |   [DL] ❌ 下载失败，最后尝试的 URL: https://p5-ex-gddgtc-sign.douyinpic.com/tos-cn-i-p14lwwcsbr/b8184383051645ab988770045be98b8f~tplv-p14lwwcsbr-7.jpeg?lk3s=7b078dd2&x-expires=1776931200&x-signature=LvTdYr%2B7YeH4zmRjqwAd3zTHL%2FE%3D&from=2064092626&se=false&sc=image&biz_tag=aweme_comment&l=20260422154559010F5AA21A57D24DBB54
2026-05-01 17:07:43 | 17s |   [FAIL] 下载失败 | https://p5-ex-gddgtc-sign.douyinpic.com/tos-cn-i-p14lwwcsbr/b8184383051645ab988770045be98b8f~tplv-p1 | 原因=所有CDN均失败
2026-05-01 17:07:43 | 17s |   [FAIL] 下载失败 | comments.id=36324 api_type=comment_image | 表=comments | aweme=7429276471669083451 | 字段=image_list | 原因=下载失败
2026-05-01 17:07:43 | 17s |   [DL] ⚠️  HTTP 403: https://p3-sign.douyinpic.com/tos-cn-i-p14lwwcsbr/6ce05fd7cbe84206b0f6b3a7236811...
2026-05-01 17:07:43 | 17s |   [DL] ⚠️  HTTP 403: https://p3-sign.douyinpic.com/tos-cn-i-p14lwwcsbr/76d17b1c6935419b88c5ecf2b492dc...
2026-05-01 17:07:43 | 17s |   [DL] ⚠️  HTTP 403: https://p11-sign.douyinpic.com/tos-cn-i-p14lwwcsbr/e2a2935810aa4b8b87c5d164afb79...
2026-05-01 17:07:43 | 17s |   [DL] ⚠️  HTTP 403: https://p26-sign.douyinpic.com/tos-cn-i-p14lwwcsbr/9a9de80a671a41f38a0b3137fac93...
2026-05-01 17:07:44 | 18s |   [DL] ⚠️  HTTP 403: https://p3-sign.douyinpic.com/tos-cn-i-p14lwwcsbr/e2a2935810aa4b8b87c5d164afb794...
2026-05-01 17:07:44 | 18s |   [DL] ❌ 下载失败，最后尝试的 URL: https://p3-sign.douyinpic.com/tos-cn-i-p14lwwcsbr/e2a2935810aa4b8b87c5d164afb7945e~tplv-p14lwwcsbr-7.jpeg?lk3s=7b078dd2&x-expires=1776938400&x-signature=sJh8%2BJ1%2Bwp2D6rGewepcZnCJYjA%3D&from=2064092626&se=false&sc=image&biz_tag=aweme_comment&l=20260422172339C383647A97FC9F534DAE
2026-05-01 17:07:44 | 18s |   [FAIL] 下载失败 | https://p3-sign.douyinpic.com/tos-cn-i-p14lwwcsbr/e2a2935810aa4b8b87c5d164afb7945e~tplv-p14lwwcsbr-7 | 原因=所有CDN均失败
2026-05-01 17:07:44 | 18s |   [FAIL] 下载失败 | comments.id=85119 api_type=comment_image | 表=comments | aweme=7560954743410675002 | 字段=image_list | 原因=下载失败
2026-05-01 17:07:44 | 18s |   [DL] ⚠️  HTTP 403: https://p26-sign.douyinpic.com/tos-cn-i-p14lwwcsbr/9877c56cf66d42e5b0819f88d4e3e...
2026-05-01 17:07:44 | 18s |   [DL] ⚠️  HTTP 403: https://p3-sign.douyinpic.com/tos-cn-i-p14lwwcsbr/9877c56cf66d42e5b0819f88d4e3e2...
2026-05-01 17:07:44 | 18s |   [DL] ⚠️  HTTP 403: https://p26-sign.douyinpic.com/tos-cn-i-p14lwwcsbr/6335d8a759b9408699609a200a077...
2026-05-01 17:07:44 | 18s |   [DL] ⚠️  HTTP 403: https://p26-sign.douyinpic.com/tos-cn-i-p14lwwcsbr/76d17b1c6935419b88c5ecf2b492d...
2026-05-01 17:07:44 | 18s |   [DL] ⚠️  HTTP 403: https://p5-ex-gddgtc-sign.douyinpic.com/tos-cn-i-p14lwwcsbr/6ce05fd7cbe84206b0f6...
2026-05-01 17:07:44 | 18s |   [DL] ⚠️  HTTP 403: https://p11-sign.douyinpic.com/tos-cn-i-p14lwwcsbr/9a9de80a671a41f38a0b3137fac93...
2026-05-01 17:07:44 | 19s |   [DL] ⚠️  HTTP 403: https://p11-sign.douyinpic.com/tos-cn-i-p14lwwcsbr/f591dc88259d4b65aab7531b0f9ac...
2026-05-01 17:07:44 | 19s |   [DL] ⚠️  HTTP 403: https://p11-sign.douyinpic.com/tos-cn-i-p14lwwcsbr/6335d8a759b9408699609a200a077...
2026-05-01 17:07:44 | 19s |   [DL] ⚠️  HTTP 403: https://p11-sign.douyinpic.com/tos-cn-i-p14lwwcsbr/9877c56cf66d42e5b0819f88d4e3e...
2026-05-01 17:07:45 | 19s |   [DL] ⚠️  HTTP 403: https://p3-sign.douyinpic.com/tos-cn-i-p14lwwcsbr/f591dc88259d4b65aab7531b0f9ac9...
2026-05-01 17:07:45 | 19s |   [DL] ⚠️  HTTP 403: https://p26-sign.douyinpic.com/tos-cn-i-p14lwwcsbr/6ce05fd7cbe84206b0f6b3a723681...
2026-05-01 17:07:45 | 19s |   [DL] ⚠️  HTTP 403: https://p11-sign.douyinpic.com/tos-cn-i-p14lwwcsbr/76d17b1c6935419b88c5ecf2b492d...
2026-05-01 17:07:45 | 19s |   [DL] ⚠️  HTTP 403: https://p5-ex-gddgtc-sign.douyinpic.com/tos-cn-i-p14lwwcsbr/9a9de80a671a41f38a0b...
2026-05-01 17:07:45 | 19s |   [DL] ❌ 下载失败，最后尝试的 URL: https://p5-ex-gddgtc-sign.douyinpic.com/tos-cn-i-p14lwwcsbr/9a9de80a671a41f38a0b3137fac93956~tplv-p14lwwcsbr-7.jpeg?lk3s=7b078dd2&x-expires=1776931200&x-signature=P8JKJyY8bsoZHg2F0SW6KMosId4%3D&from=2064092626&se=false&sc=image&biz_tag=aweme_comment&l=202604221546079200164BF24D4576C2A4
2026-05-01 17:07:45 | 19s |   [FAIL] 下载失败 | https://p5-ex-gddgtc-sign.douyinpic.com/tos-cn-i-p14lwwcsbr/9a9de80a671a41f38a0b3137fac93956~tplv-p1 | 原因=所有CDN均失败
2026-05-01 17:07:45 | 19s |   [FAIL] 下载失败 | comments.id=36431 api_type=comment_image | 表=comments | aweme=7429276471669083451 | 字段=image_list | 原因=下载失败
2026-05-01 17:07:45 | 19s |   [DL] ⚠️  HTTP 403: https://p3-sign.douyinpic.com/tos-cn-i-p14lwwcsbr/76d17b1c6935419b88c5ecf2b492dc...
2026-05-01 17:07:45 | 19s |   [DL] ❌ 下载失败，最后尝试的 URL: https://p3-sign.douyinpic.com/tos-cn-i-p14lwwcsbr/76d17b1c6935419b88c5ecf2b492dc71~tplv-p14lwwcsbr-7.jpeg?lk3s=7b078dd2&x-expires=1776931200&x-signature=NWZGJ6ZKNFu0oyaJ6zURxW6uW0Y%3D&from=2064092626&se=false&sc=image&biz_tag=aweme_comment&l=2026042215463186EC7CAE905A3B6CC9BC
2026-05-01 17:07:45 | 19s |   [FAIL] 下载失败 | https://p3-sign.douyinpic.com/tos-cn-i-p14lwwcsbr/76d17b1c6935419b88c5ecf2b492dc71~tplv-p14lwwcsbr-7 | 原因=所有CDN均失败
2026-05-01 17:07:45 | 19s |   [FAIL] 下载失败 | comments.id=36794 api_type=comment_image | 表=comments | aweme=7429276471669083451 | 字段=image_list | 原因=下载失败
2026-05-01 17:07:45 | 19s |   [DL] ⚠️  HTTP 403: https://p3-sign.douyinpic.com/tos-cn-i-p14lwwcsbr/6ce05fd7cbe84206b0f6b3a7236811...
2026-05-01 17:07:45 | 19s |   [DL] ❌ 下载失败，最后尝试的 URL: https://p3-sign.douyinpic.com/tos-cn-i-p14lwwcsbr/6ce05fd7cbe84206b0f6b3a723681163~tplv-p14lwwcsbr-7.jpeg?lk3s=7b078dd2&x-expires=1776931200&x-signature=iIXzcCXeRLnAYl6qHs4W%2FzSS9fI%3D&from=2064092626&se=false&sc=image&biz_tag=aweme_comment&l=2026042215462986EC7CAE905A3B6CC944
2026-05-01 17:07:45 | 19s |   [FAIL] 下载失败 | https://p3-sign.douyinpic.com/tos-cn-i-p14lwwcsbr/6ce05fd7cbe84206b0f6b3a723681163~tplv-p14lwwcsbr-7 | 原因=所有CDN均失败
2026-05-01 17:07:45 | 19s |   [FAIL] 下载失败 | comments.id=36773 api_type=comment_image | 表=comments | aweme=7429276471669083451 | 字段=image_list | 原因=下载失败
2026-05-01 17:07:45 | 19s |   [DL] ⚠️  HTTP 403: https://p26-sign.douyinpic.com/tos-cn-i-p14lwwcsbr/9877c56cf66d42e5b0819f88d4e3e...
2026-05-01 17:07:45 | 19s |   [DL] ❌ 下载失败，最后尝试的 URL: https://p26-sign.douyinpic.com/tos-cn-i-p14lwwcsbr/9877c56cf66d42e5b0819f88d4e3e2a4~tplv-p14lwwcsbr-7.jpeg?lk3s=7b078dd2&x-expires=1776931200&x-signature=V0xz%2BkecKws8%2BKLwL4DmueWNxmk%3D&from=2064092626&se=false&sc=image&biz_tag=aweme_comment&l=2026042215462159E8EFCA34A1137CCBA3
2026-05-01 17:07:45 | 19s |   [FAIL] 下载失败 | https://p26-sign.douyinpic.com/tos-cn-i-p14lwwcsbr/9877c56cf66d42e5b0819f88d4e3e2a4~tplv-p14lwwcsbr- | 原因=所有CDN均失败
2026-05-01 17:07:45 | 19s |   [FAIL] 下载失败 | comments.id=36639 api_type=comment_image | 表=comments | aweme=7429276471669083451 | 字段=image_list | 原因=下载失败
2026-05-01 17:07:45 | 19s |   [DL] ⚠️  HTTP 403: https://p5-ex-gddgtc-sign.douyinpic.com/tos-cn-i-p14lwwcsbr/6335d8a759b940869960...
2026-05-01 17:07:45 | 19s |   [DL] ❌ 下载失败，最后尝试的 URL: https://p5-ex-gddgtc-sign.douyinpic.com/tos-cn-i-p14lwwcsbr/6335d8a759b9408699609a200a077fa6~tplv-p14lwwcsbr-7.jpeg?lk3s=7b078dd2&x-expires=1776931200&x-signature=ojKaPoY6GoDuszXs9VVenJwfaVo%3D&from=2064092626&se=false&sc=image&biz_tag=aweme_comment&l=20260422154606FF992CDA2BC9154ED157
2026-05-01 17:07:45 | 19s |   [FAIL] 下载失败 | https://p5-ex-gddgtc-sign.douyinpic.com/tos-cn-i-p14lwwcsbr/6335d8a759b9408699609a200a077fa6~tplv-p1 | 原因=所有CDN均失败
2026-05-01 17:07:45 | 19s |   [FAIL] 下载失败 | comments.id=36409 api_type=comment_image | 表=comments | aweme=7429276471669083451 | 字段=image_list | 原因=下载失败
2026-05-01 17:07:46 | 20s |   [UPLOAD] ↑ MS4wLjABAAAA2FYVN1jBWaTVasx7wXcsK0rCPfSYixt5-J1pUegQIbA/images/7aa3d72b5fd2d43151b187fc7af51565.png
2026-05-01 17:07:46 | 20s |   [UPLOAD] ↑ MS4wLjABAAAA2FYVN1jBWaTVasx7wXcsK0rCPfSYixt5-J1pUegQIbA/avatars/f0ce3751948798692b61f70699a84160.jpeg
2026-05-01 17:07:46 | 20s |   [DB] 📝 待更新: 2 行
2026-05-01 17:07:46 | 20s |   [DB] ✅ commit 成功: 2 行已写入
2026-05-01 17:07:46 | 21s |   [DL] ⚠️  HTTP 403: https://p26-sign.douyinpic.com/tos-cn-i-p14lwwcsbr/f591dc88259d4b65aab7531b0f9ac...
2026-05-01 17:07:46 | 21s |   [DL] ⚠️  HTTP 403: https://p5-ex-gddgtc-sign.douyinpic.com/tos-cn-i-p14lwwcsbr/126a54c0b64d433ab391...
2026-05-01 17:07:46 | 21s |   [DL] ⚠️  HTTP 403: https://p26-sign.douyinpic.com/tos-cn-i-p14lwwcsbr/9846ba16f0834a37b2ac21d7a5bd5...
2026-05-01 17:07:47 | 21s |   [DL] ⚠️  HTTP 403: https://p26-sign.douyinpic.com/tos-cn-i-p14lwwcsbr/bd6e2809edac430686f01de210250...
2026-05-01 17:07:47 | 21s |   [DL] ⚠️  HTTP 403: https://p3-sign.douyinpic.com/tos-cn-i-p14lwwcsbr/bd6e2809edac430686f01de210250c...
2026-05-01 17:07:47 | 21s |   [DL] ⚠️  HTTP 403: https://p11-sign.douyinpic.com/tos-cn-i-p14lwwcsbr/f591dc88259d4b65aab7531b0f9ac...
2026-05-01 17:07:47 | 21s |   [DL] ❌ 下载失败，最后尝试的 URL: https://p11-sign.douyinpic.com/tos-cn-i-p14lwwcsbr/f591dc88259d4b65aab7531b0f9ac959~tplv-p14lwwcsbr-7.jpeg?lk3s=7b078dd2&x-expires=1776938400&x-signature=sXXYvUUhG9jPjWIbJpeiDQee1TY%3D&from=2064092626&se=false&sc=image&biz_tag=aweme_comment&l=2026042217090431CAA9B46945C65212DC
2026-05-01 17:07:47 | 21s |   [FAIL] 下载失败 | https://p11-sign.douyinpic.com/tos-cn-i-p14lwwcsbr/f591dc88259d4b65aab7531b0f9ac959~tplv-p14lwwcsbr- | 原因=所有CDN均失败
2026-05-01 17:07:47 | 21s |   [FAIL] 下载失败 | comments.id=80540 api_type=comment_image | 表=comments | aweme=7553617629527002425 | 字段=image_list | 原因=下载失败
2026-05-01 17:07:47 | 21s |   [DL] ⚠️  HTTP 403: https://p11-sign.douyinpic.com/tos-cn-i-p14lwwcsbr/126a54c0b64d433ab391dd2be1d1f...
2026-05-01 17:07:47 | 21s |   [DL] ⚠️  HTTP 403: https://p11-sign.douyinpic.com/tos-cn-i-p14lwwcsbr/9846ba16f0834a37b2ac21d7a5bd5...
2026-05-01 17:07:48 | 22s |   [DL] ⚠️  HTTP 403: https://p5-ex-gddgtc-sign.douyinpic.com/tos-cn-i-p14lwwcsbr/bd6e2809edac430686f0...
2026-05-01 17:07:48 | 22s |   [DL] ⚠️  HTTP 403: https://p26-sign.douyinpic.com/tos-cn-i-p14lwwcsbr/126a54c0b64d433ab391dd2be1d1f...
2026-05-01 17:07:48 | 22s |   [DL] ⚠️  HTTP 403: https://p5-ex-gddgtc-sign.douyinpic.com/tos-cn-i-p14lwwcsbr/9846ba16f0834a37b2ac...
2026-05-01 17:07:48 | 23s |   [DL] ⚠️  HTTP 403: https://p26-sign.douyinpic.com/tos-cn-i-p14lwwcsbr/bd6e2809edac430686f01de210250...
2026-05-01 17:07:48 | 23s |   [DL] ❌ 下载失败，最后尝试的 URL: https://p26-sign.douyinpic.com/tos-cn-i-p14lwwcsbr/bd6e2809edac430686f01de210250cd4~tplv-p14lwwcsbr-7.jpeg?lk3s=7b078dd2&x-expires=1776934800&x-signature=p%2Bv%2Bj6Fggg8zWPl3wQ3A17jcSSY%3D&from=2064092626&se=false&sc=image&biz_tag=aweme_comment&l=20260422160926C47854014D9E4955E272
2026-05-01 17:07:48 | 23s |   [FAIL] 下载失败 | https://p26-sign.douyinpic.com/tos-cn-i-p14lwwcsbr/bd6e2809edac430686f01de210250cd4~tplv-p14lwwcsbr- | 原因=所有CDN均失败
2026-05-01 17:07:48 | 23s |   [FAIL] 下载失败 | comments.id=55094 api_type=comment_image | 表=comments | aweme=7476411176209976636 | 字段=image_list | 原因=下载失败
2026-05-01 17:07:49 | 23s |   [DL] ⚠️  HTTP 403: https://p5-ex-gddgtc-sign.douyinpic.com/tos-cn-i-p14lwwcsbr/126a54c0b64d433ab391...
2026-05-01 17:07:49 | 23s |   [DL] ❌ 下载失败，最后尝试的 URL: https://p5-ex-gddgtc-sign.douyinpic.com/tos-cn-i-p14lwwcsbr/126a54c0b64d433ab391dd2be1d1f8b6~tplv-p14lwwcsbr-7.jpeg?lk3s=7b078dd2&x-expires=1776931200&x-signature=axzIYFIAFuAZgPpcd9xigH4ewsQ%3D&from=2064092626&se=false&sc=image&biz_tag=aweme_comment&l=2026042215460891CC4DEE5D05024DA5A6
2026-05-01 17:07:49 | 23s |   [FAIL] 下载失败 | https://p5-ex-gddgtc-sign.douyinpic.com/tos-cn-i-p14lwwcsbr/126a54c0b64d433ab391dd2be1d1f8b6~tplv-p1 | 原因=所有CDN均失败
2026-05-01 17:07:49 | 23s |   [FAIL] 下载失败 | comments.id=36445 api_type=comment_image | 表=comments | aweme=7429276471669083451 | 字段=image_list | 原因=下载失败
2026-05-01 17:07:49 | 23s |   [DL] ⚠️  HTTP 403: https://p26-sign.douyinpic.com/tos-cn-i-p14lwwcsbr/9846ba16f0834a37b2ac21d7a5bd5...
2026-05-01 17:07:49 | 23s |   [DL] ❌ 下载失败，最后尝试的 URL: https://p26-sign.douyinpic.com/tos-cn-i-p14lwwcsbr/9846ba16f0834a37b2ac21d7a5bd5bbe~tplv-p14lwwcsbr-7.jpeg?lk3s=7b078dd2&x-expires=1776931200&x-signature=9FOZ8F0VAzF8fv5Wm7hYWqoeMPk%3D&from=2064092626&se=false&sc=image&biz_tag=aweme_comment&l=202604221546284D4EEE93EAA53277EEBF
2026-05-01 17:07:49 | 23s |   [FAIL] 下载失败 | https://p26-sign.douyinpic.com/tos-cn-i-p14lwwcsbr/9846ba16f0834a37b2ac21d7a5bd5bbe~tplv-p14lwwcsbr- | 原因=所有CDN均失败
2026-05-01 17:07:49 | 23s |   [FAIL] 下载失败 | comments.id=36762 api_type=comment_image | 表=comments | aweme=7429276471669083451 | 字段=image_list | 原因=下载失败
2026-05-01 17:07:49 | 23s |   [BATCH] ✅ 批次完成，已提交 39/39 个 URL，耗时 21.3s
2026-05-01 17:07:49 | 23s | 
  [OK] 作者完成: 上传 3，更新 4 行，HEIC 转换 0，失败 36
2026-05-01 17:07:49 | 23s | 
──────────────────────────────────────────────────────────────────────
2026-05-01 17:07:49 | 23s |   [SCAN] 📁 作者: MS4wLjABAAAAWKIRK91nF8hLjuza0KVRL50-lcfN...
2026-05-01 17:07:49 | 23s |   [SCAN] 📄 数据库: /home/runner/work/DouyinComment/DouyinComment/scripts/../data/MS4wLjABAAAAWKIRK91nF8hLjuza0KVRL50-lcfNlEPHocsF9hNYzCUag7n4BgIHQaERsfq_NiHR/sqlite.db
2026-05-01 17:07:49 | 23s | ──────────────────────────────────────────────────────────────────────
2026-05-01 17:07:49 | 23s |   [SCAN] 总 task 数: 62
2026-05-01 17:07:49 | 23s |     comment_avatar: 44
2026-05-01 17:07:49 | 23s |     comment_sticker: 14
2026-05-01 17:07:49 | 23s |     images: 1
2026-05-01 17:07:49 | 23s |     origin_cover: 1
2026-05-01 17:07:49 | 23s |     reply_avatar: 1
2026-05-01 17:07:49 | 23s |     video: 1
2026-05-01 17:07:49 | 23s |   [SCAN] 唯一分组: 59，去重节省: 3 次下载
2026-05-01 17:07:49 | 23s |   [BATCH] aweme_id 数: 1，分 1 批处理
2026-05-01 17:07:49 | 23s | 
  [BATCH] 📦 批次 1/1: 1 个 aweme_id, 59 个 URL
2026-05-01 17:07:49 | 23s |   [BATCH] direct 模式: 直接使用原始 URL 62 个
2026-05-01 17:07:56 | 30s |   [UPLOAD] ↑ MS4wLjABAAAAWKIRK91nF8hLjuza0KVRL50-lcfNlEPHocsF9hNYzCUag7n4BgIHQaERsfq_NiHR/stickers/11ee14136fc81bf18f8b07e65c3aa89e.gif
2026-05-01 17:07:56 | 30s |   [UPLOAD] ↑ MS4wLjABAAAAWKIRK91nF8hLjuza0KVRL50-lcfNlEPHocsF9hNYzCUag7n4BgIHQaERsfq_NiHR/avatars/2c7b773923e8c9dff25d47e4ce64c8ec.jpeg
2026-05-01 17:07:56 | 30s |   [UPLOAD] ↑ MS4wLjABAAAAWKIRK91nF8hLjuza0KVRL50-lcfNlEPHocsF9hNYzCUag7n4BgIHQaERsfq_NiHR/avatars/9fa195ca444f535d5514ad07afc35908.jpeg
2026-05-01 17:07:56 | 30s |   [UPLOAD] ↑ MS4wLjABAAAAWKIRK91nF8hLjuza0KVRL50-lcfNlEPHocsF9hNYzCUag7n4BgIHQaERsfq_NiHR/stickers/c7bff8afa1837e43ccd3a81e3d4b25c3.gif
2026-05-01 17:07:56 | 30s |   [UPLOAD] ↑ MS4wLjABAAAAWKIRK91nF8hLjuza0KVRL50-lcfNlEPHocsF9hNYzCUag7n4BgIHQaERsfq_NiHR/avatars/2981dfe924223cd894abd001463b9541.jpeg
2026-05-01 17:07:56 | 30s |   [UPLOAD] ↑ MS4wLjABAAAAWKIRK91nF8hLjuza0KVRL50-lcfNlEPHocsF9hNYzCUag7n4BgIHQaERsfq_NiHR/avatars/01c311a41541d6f832e18e115f3b2c2e.jpeg
2026-05-01 17:07:56 | 30s |   [UPLOAD] ↑ MS4wLjABAAAAWKIRK91nF8hLjuza0KVRL50-lcfNlEPHocsF9hNYzCUag7n4BgIHQaERsfq_NiHR/avatars/5f7bbb42cf4cf6d44252ea5ea2c2a7bd.jpeg
2026-05-01 17:07:56 | 30s |   [UPLOAD] ↑ MS4wLjABAAAAWKIRK91nF8hLjuza0KVRL50-lcfNlEPHocsF9hNYzCUag7n4BgIHQaERsfq_NiHR/avatars/dc49dbf71c4b0f3248cfd5aa337d8a7c.jpeg
2026-05-01 17:07:56 | 30s |   [UPLOAD] ↑ MS4wLjABAAAAWKIRK91nF8hLjuza0KVRL50-lcfNlEPHocsF9hNYzCUag7n4BgIHQaERsfq_NiHR/avatars/5b827ccf8f91d3420beab8fa133be8e3.jpeg
2026-05-01 17:07:56 | 30s |   [UPLOAD] ↑ MS4wLjABAAAAWKIRK91nF8hLjuza0KVRL50-lcfNlEPHocsF9hNYzCUag7n4BgIHQaERsfq_NiHR/avatars/d09eda6781e6af6bdb3b939ee8f709cd.jpeg
2026-05-01 17:07:56 | 30s |   [UPLOAD] ↑ MS4wLjABAAAAWKIRK91nF8hLjuza0KVRL50-lcfNlEPHocsF9hNYzCUag7n4BgIHQaERsfq_NiHR/avatars/85036fd2ef24d03930abaa3dd0f4a057.jpeg
2026-05-01 17:07:56 | 30s |   [UPLOAD] ↑ MS4wLjABAAAAWKIRK91nF8hLjuza0KVRL50-lcfNlEPHocsF9hNYzCUag7n4BgIHQaERsfq_NiHR/avatars/6204b745e29d4e860c73c5ea2a04de1b.jpeg
2026-05-01 17:07:56 | 30s |   [UPLOAD] ↑ MS4wLjABAAAAWKIRK91nF8hLjuza0KVRL50-lcfNlEPHocsF9hNYzCUag7n4BgIHQaERsfq_NiHR/avatars/dc4f931a4bc984155aea491baea6ce73.jpeg
2026-05-01 17:07:56 | 30s |   [UPLOAD] ↑ MS4wLjABAAAAWKIRK91nF8hLjuza0KVRL50-lcfNlEPHocsF9hNYzCUag7n4BgIHQaERsfq_NiHR/avatars/7a15ecc05c70832f3685fa500a319243.jpeg
2026-05-01 17:07:56 | 30s |   [UPLOAD] ↑ MS4wLjABAAAAWKIRK91nF8hLjuza0KVRL50-lcfNlEPHocsF9hNYzCUag7n4BgIHQaERsfq_NiHR/avatars/1529c3cfba10fb87d2f149eced5182f1.jpeg
2026-05-01 17:07:56 | 30s |   [UPLOAD] ↑ MS4wLjABAAAAWKIRK91nF8hLjuza0KVRL50-lcfNlEPHocsF9hNYzCUag7n4BgIHQaERsfq_NiHR/stickers/199d2ffdf2197a258c5bd7396ce00ba7.gif
2026-05-01 17:07:56 | 30s |   [UPLOAD] ↑ MS4wLjABAAAAWKIRK91nF8hLjuza0KVRL50-lcfNlEPHocsF9hNYzCUag7n4BgIHQaERsfq_NiHR/avatars/b4ba23f7ddc799c3be983c8bb4a8c542.jpeg
2026-05-01 17:07:56 | 30s |   [UPLOAD] ↑ MS4wLjABAAAAWKIRK91nF8hLjuza0KVRL50-lcfNlEPHocsF9hNYzCUag7n4BgIHQaERsfq_NiHR/avatars/4b635366d0932d09ff7c48793658732f.jpeg
2026-05-01 17:07:56 | 30s |   [UPLOAD] ↑ MS4wLjABAAAAWKIRK91nF8hLjuza0KVRL50-lcfNlEPHocsF9hNYzCUag7n4BgIHQaERsfq_NiHR/avatars/15e9365df79d3102917a58ccf759539c.jpeg
2026-05-01 17:07:56 | 30s |   [UPLOAD] ↑ MS4wLjABAAAAWKIRK91nF8hLjuza0KVRL50-lcfNlEPHocsF9hNYzCUag7n4BgIHQaERsfq_NiHR/avatars/d5a1d82c5213c1016338d81a951e6b86.jpeg
2026-05-01 17:07:56 | 30s |   [UPLOAD] ↑ MS4wLjABAAAAWKIRK91nF8hLjuza0KVRL50-lcfNlEPHocsF9hNYzCUag7n4BgIHQaERsfq_NiHR/stickers/e0fc096eb79eacec4db6e190247f1c51.png
2026-05-01 17:07:56 | 30s |   [UPLOAD] ↑ MS4wLjABAAAAWKIRK91nF8hLjuza0KVRL50-lcfNlEPHocsF9hNYzCUag7n4BgIHQaERsfq_NiHR/stickers/de6f449b32cb7e36f93de78f39589709.gif
2026-05-01 17:07:56 | 30s |   [UPLOAD] ↑ MS4wLjABAAAAWKIRK91nF8hLjuza0KVRL50-lcfNlEPHocsF9hNYzCUag7n4BgIHQaERsfq_NiHR/avatars/2f0c1d624595a7527daa35a19cf309de.jpeg
2026-05-01 17:07:56 | 30s |   [UPLOAD] ↑ MS4wLjABAAAAWKIRK91nF8hLjuza0KVRL50-lcfNlEPHocsF9hNYzCUag7n4BgIHQaERsfq_NiHR/stickers/802240c77de7d33c7525470e8e96cd93.gif
2026-05-01 17:07:56 | 30s |   [UPLOAD] ↑ MS4wLjABAAAAWKIRK91nF8hLjuza0KVRL50-lcfNlEPHocsF9hNYzCUag7n4BgIHQaERsfq_NiHR/images/edbced194a2cdfa9b0c5eb9c3fed453e.webp
2026-05-01 17:07:56 | 30s |   [UPLOAD] ↑ MS4wLjABAAAAWKIRK91nF8hLjuza0KVRL50-lcfNlEPHocsF9hNYzCUag7n4BgIHQaERsfq_NiHR/avatars/b57f3038eaa8bdcff29dc5a57f3c6964.jpeg
2026-05-01 17:07:56 | 30s |   [UPLOAD] ↑ MS4wLjABAAAAWKIRK91nF8hLjuza0KVRL50-lcfNlEPHocsF9hNYzCUag7n4BgIHQaERsfq_NiHR/avatars/8fda93816062e84c499a90e682d6c0c4.jpeg
2026-05-01 17:07:56 | 30s |   [UPLOAD] ↑ MS4wLjABAAAAWKIRK91nF8hLjuza0KVRL50-lcfNlEPHocsF9hNYzCUag7n4BgIHQaERsfq_NiHR/avatars/45222fd3ddb956da7457c0a5b9b0e94a.jpeg
2026-05-01 17:07:56 | 30s |   [UPLOAD] ↑ MS4wLjABAAAAWKIRK91nF8hLjuza0KVRL50-lcfNlEPHocsF9hNYzCUag7n4BgIHQaERsfq_NiHR/avatars/0f73d16c5f5b2cffb1455272d7f135fd.jpeg
2026-05-01 17:07:56 | 30s |   [UPLOAD] ↑ MS4wLjABAAAAWKIRK91nF8hLjuza0KVRL50-lcfNlEPHocsF9hNYzCUag7n4BgIHQaERsfq_NiHR/stickers/bfb15ede567a198138cd5dd90bffcd2b.png
2026-05-01 17:07:56 | 30s |   [UPLOAD] ↑ MS4wLjABAAAAWKIRK91nF8hLjuza0KVRL50-lcfNlEPHocsF9hNYzCUag7n4BgIHQaERsfq_NiHR/avatars/77e37eea2fe41f5ab7185caabbdf61a2.jpeg
2026-05-01 17:07:56 | 30s |   [UPLOAD] ↑ MS4wLjABAAAAWKIRK91nF8hLjuza0KVRL50-lcfNlEPHocsF9hNYzCUag7n4BgIHQaERsfq_NiHR/stickers/de002a7c43ebe0383ed4099d976acf52.png
2026-05-01 17:07:56 | 30s |   [UPLOAD] ↑ MS4wLjABAAAAWKIRK91nF8hLjuza0KVRL50-lcfNlEPHocsF9hNYzCUag7n4BgIHQaERsfq_NiHR/stickers/7126ed145c88afa77ac26d4e52b477dd.webp
2026-05-01 17:07:56 | 30s |   [UPLOAD] ↑ MS4wLjABAAAAWKIRK91nF8hLjuza0KVRL50-lcfNlEPHocsF9hNYzCUag7n4BgIHQaERsfq_NiHR/stickers/de6f449b32cb7e36f93de78f39589709.gif
2026-05-01 17:07:56 | 30s |   [UPLOAD] ↑ MS4wLjABAAAAWKIRK91nF8hLjuza0KVRL50-lcfNlEPHocsF9hNYzCUag7n4BgIHQaERsfq_NiHR/avatars/dfbb4ff158304caaf13d31540440d0c9.jpeg
2026-05-01 17:07:56 | 30s |   [UPLOAD] ↑ MS4wLjABAAAAWKIRK91nF8hLjuza0KVRL50-lcfNlEPHocsF9hNYzCUag7n4BgIHQaERsfq_NiHR/avatars/9d44989cc4d9bd5e80efaa80a7cb33c1.jpeg
2026-05-01 17:07:56 | 30s |   [UPLOAD] ↑ MS4wLjABAAAAWKIRK91nF8hLjuza0KVRL50-lcfNlEPHocsF9hNYzCUag7n4BgIHQaERsfq_NiHR/avatars/0283eb139f9c804c7433f0a74dd1b31b.jpeg
2026-05-01 17:07:56 | 30s |   [UPLOAD] ↑ MS4wLjABAAAAWKIRK91nF8hLjuza0KVRL50-lcfNlEPHocsF9hNYzCUag7n4BgIHQaERsfq_NiHR/stickers/3c56b6fc245e777a7948fe45a0b4f58b.gif
2026-05-01 17:07:56 | 30s |   [UPLOAD] ↑ MS4wLjABAAAAWKIRK91nF8hLjuza0KVRL50-lcfNlEPHocsF9hNYzCUag7n4BgIHQaERsfq_NiHR/thumbs/e16c4227d6a58f04982fd8725b132ca1.jpeg
2026-05-01 17:07:56 | 30s |   [UPLOAD] ↑ MS4wLjABAAAAWKIRK91nF8hLjuza0KVRL50-lcfNlEPHocsF9hNYzCUag7n4BgIHQaERsfq_NiHR/avatars/aeb8ff448555f9f5904e05794c5bda5c.jpeg
2026-05-01 17:07:56 | 30s |   [UPLOAD] ↑ MS4wLjABAAAAWKIRK91nF8hLjuza0KVRL50-lcfNlEPHocsF9hNYzCUag7n4BgIHQaERsfq_NiHR/avatars/b72cb8abb6a4d5eb7f3d5214486e91ef.jpeg
2026-05-01 17:07:56 | 30s |   [UPLOAD] ↑ MS4wLjABAAAAWKIRK91nF8hLjuza0KVRL50-lcfNlEPHocsF9hNYzCUag7n4BgIHQaERsfq_NiHR/avatars/583f45af2925326161eb614ba54fd0cb.jpeg
2026-05-01 17:07:56 | 30s |   [UPLOAD] ↑ MS4wLjABAAAAWKIRK91nF8hLjuza0KVRL50-lcfNlEPHocsF9hNYzCUag7n4BgIHQaERsfq_NiHR/avatars/66b8c354b1d217b5e7e5164259f53d45.jpeg
2026-05-01 17:07:56 | 30s |   [UPLOAD] ↑ MS4wLjABAAAAWKIRK91nF8hLjuza0KVRL50-lcfNlEPHocsF9hNYzCUag7n4BgIHQaERsfq_NiHR/avatars/ac4bd95d444c167b6476731bb12b7f88.jpeg
2026-05-01 17:07:56 | 30s |   [UPLOAD] ↑ MS4wLjABAAAAWKIRK91nF8hLjuza0KVRL50-lcfNlEPHocsF9hNYzCUag7n4BgIHQaERsfq_NiHR/stickers/4b70c07dd5d28fbf47c96069e3e5b3e6.webp
2026-05-01 17:07:56 | 30s |   [UPLOAD] ↑ MS4wLjABAAAAWKIRK91nF8hLjuza0KVRL50-lcfNlEPHocsF9hNYzCUag7n4BgIHQaERsfq_NiHR/avatars/f02ced119d25e4d8d7f81919a3a4970d.jpeg
2026-05-01 17:07:56 | 30s |   [UPLOAD] ↑ MS4wLjABAAAAWKIRK91nF8hLjuza0KVRL50-lcfNlEPHocsF9hNYzCUag7n4BgIHQaERsfq_NiHR/stickers/199d2ffdf2197a258c5bd7396ce00ba7.gif
2026-05-01 17:07:56 | 30s |   [UPLOAD] ↑ MS4wLjABAAAAWKIRK91nF8hLjuza0KVRL50-lcfNlEPHocsF9hNYzCUag7n4BgIHQaERsfq_NiHR/avatars/533742e38ce002a7a7f4dbd178e2c19b.jpeg
2026-05-01 17:07:56 | 30s |   [UPLOAD] ↑ MS4wLjABAAAAWKIRK91nF8hLjuza0KVRL50-lcfNlEPHocsF9hNYzCUag7n4BgIHQaERsfq_NiHR/avatars/fb883c103cc335e2baae5888ee88de78.jpeg
2026-05-01 17:07:56 | 30s |   [UPLOAD] ↑ MS4wLjABAAAAWKIRK91nF8hLjuza0KVRL50-lcfNlEPHocsF9hNYzCUag7n4BgIHQaERsfq_NiHR/avatars/ded8f0c49d484c7d4245c94120a7ba93.jpeg
2026-05-01 17:07:56 | 30s |   [DB] 📝 待更新: 51 行
2026-05-01 17:07:56 | 30s |   [DB] ✅ commit 成功: 51 行已写入
2026-05-01 17:07:59 | 33s |   [UPLOAD] ↑ MS4wLjABAAAAWKIRK91nF8hLjuza0KVRL50-lcfNlEPHocsF9hNYzCUag7n4BgIHQaERsfq_NiHR/avatars/b78198217f379c55836e3b63c354f1fd.jpeg
2026-05-01 17:07:59 | 33s |   [UPLOAD] ↑ MS4wLjABAAAAWKIRK91nF8hLjuza0KVRL50-lcfNlEPHocsF9hNYzCUag7n4BgIHQaERsfq_NiHR/avatars/32166d3ba565869ca04929901f9e153c.jpeg
2026-05-01 17:07:59 | 33s |   [UPLOAD] ↑ MS4wLjABAAAAWKIRK91nF8hLjuza0KVRL50-lcfNlEPHocsF9hNYzCUag7n4BgIHQaERsfq_NiHR/avatars/4777489e313d63ac0f1944b3c894a9bd.jpeg
2026-05-01 17:07:59 | 33s |   [UPLOAD] ↑ MS4wLjABAAAAWKIRK91nF8hLjuza0KVRL50-lcfNlEPHocsF9hNYzCUag7n4BgIHQaERsfq_NiHR/avatars/7eecafc785c85a5c5a8c98d159ac38db.jpeg
2026-05-01 17:07:59 | 33s |   [UPLOAD] ↑ MS4wLjABAAAAWKIRK91nF8hLjuza0KVRL50-lcfNlEPHocsF9hNYzCUag7n4BgIHQaERsfq_NiHR/avatars/dcf106fa2e92838bcd1eedbffe58ede5.jpeg
2026-05-01 17:07:59 | 33s |   [UPLOAD] ↑ MS4wLjABAAAAWKIRK91nF8hLjuza0KVRL50-lcfNlEPHocsF9hNYzCUag7n4BgIHQaERsfq_NiHR/avatars/eb4525ebc69a222516591e7293101394.jpeg
2026-05-01 17:07:59 | 33s |   [UPLOAD] ↑ MS4wLjABAAAAWKIRK91nF8hLjuza0KVRL50-lcfNlEPHocsF9hNYzCUag7n4BgIHQaERsfq_NiHR/avatars/634704793ddf2acc1b7031c5d0d00836.jpeg
2026-05-01 17:07:59 | 33s |   [UPLOAD] ↑ MS4wLjABAAAAWKIRK91nF8hLjuza0KVRL50-lcfNlEPHocsF9hNYzCUag7n4BgIHQaERsfq_NiHR/stickers/e7202b75ce269863cb7ba7ef69f969da.gif
2026-05-01 17:07:59 | 33s |   [UPLOAD] ↑ MS4wLjABAAAAWKIRK91nF8hLjuza0KVRL50-lcfNlEPHocsF9hNYzCUag7n4BgIHQaERsfq_NiHR/videos/84a49a414bf32eb88d81aa757c4da5cd.mp4
2026-05-01 17:07:59 | 33s |   [DB] 📝 待更新: 11 行
2026-05-01 17:07:59 | 33s |   [DB] ✅ commit 成功: 11 行已写入
2026-05-01 17:07:59 | 33s |   [BATCH] ✅ 批次完成，已提交 59/59 个 URL，耗时 10.0s
2026-05-01 17:07:59 | 33s | 
  [OK] 作者完成: 上传 59，更新 62 行，HEIC 转换 0，失败 0
2026-05-01 17:07:59 | 33s | 
2026-05-01 17:07:59 | 33s | ======================================================================
2026-05-01 17:07:59 | 33s |   全部完成
2026-05-01 17:07:59 | 33s | ======================================================================
2026-05-01 17:07:59 | 33s |   作者数:        2
2026-05-01 17:07:59 | 33s |   总 task:       102
2026-05-01 17:07:59 | 33s |   上传成功:      62
2026-05-01 17:07:59 | 33s |   更新行数:      66
2026-05-01 17:07:59 | 33s |   HEIC 转换:     0
2026-05-01 17:07:59 | 33s |   失败:          36
2026-05-01 17:07:59 | 33s |   总耗时:        34s (33s)
2026-05-01 17:07:59 | 33s | ======================================================================
2026-05-01 17:07:59 | 33s | 
──────────────────────────────────────────────────────────────────────
2026-05-01 17:07:59 | 33s |   失败汇总 (共 72 项)
2026-05-01 17:07:59 | 33s | ──────────────────────────────────────────────────────────────────────
2026-05-01 17:07:59 | 33s |     下载失败: 72
2026-05-01 17:07:59 | 33s |     • 下载失败 | https://p11-sign.douyinpic.com/tos-cn-i-p14lwwcsbr/b8c83d45828245b9bc273cbef0b586c2~tplv-p14lwwcsbr- | 所有CDN均失败
2026-05-01 17:07:59 | 33s |     • 下载失败 | comments.id=36722 api_type=comment_image | 下载失败
2026-05-01 17:07:59 | 33s |     • 下载失败 | https://p11-sign.douyinpic.com/tos-cn-i-p14lwwcsbr/bc36404816f742898fc2cf38d7f5c462~tplv-p14lwwcsbr- | 所有CDN均失败
2026-05-01 17:07:59 | 33s |     • 下载失败 | comments.id=80515 api_type=comment_image | 下载失败
2026-05-01 17:07:59 | 33s |     • 下载失败 | https://p26-sign.douyinpic.com/tos-cn-i-p14lwwcsbr/0d5d3ed3121b4e29804f895678941aff~tplv-p14lwwcsbr- | 所有CDN均失败
2026-05-01 17:07:59 | 33s |     • 下载失败 | comments.id=36584 api_type=comment_image | 下载失败
2026-05-01 17:07:59 | 33s |     • 下载失败 | https://p9-sign.douyinpic.com/obj/tos-cn-o-0812/okAuAfyyBAD0iA5Zadi8vNEj7BBIigGQyVYEkA?lk3s=7b078dd2 | 所有CDN均失败
2026-05-01 17:07:59 | 33s |     • 下载失败 | replies.id=21178 api_type=reply_sticker | 下载失败
2026-05-01 17:07:59 | 33s |     • 下载失败 | https://p5-ex-gddgtc-sign.douyinpic.com/obj/tos-cn-i-3jr8j4ixpe/1c75ea069aee4991b7a84e8eb3593232?lk3 | 所有CDN均失败
2026-05-01 17:07:59 | 33s |     • 下载失败 | comments.id=64278 api_type=comment_sticker | 下载失败
2026-05-01 17:07:59 | 33s |     • 下载失败 | https://p26-sign.douyinpic.com/tos-cn-i-p14lwwcsbr/ea66b537702f42f2bcd2873867dfb523~tplv-p14lwwcsbr- | 所有CDN均失败
2026-05-01 17:07:59 | 33s |     • 下载失败 | comments.id=36412 api_type=comment_image | 下载失败
2026-05-01 17:07:59 | 33s |     • 下载失败 | https://p26-sign.douyinpic.com/tos-cn-i-p14lwwcsbr/bce5515dc6c6463cb08641c63da42eaf~tplv-p14lwwcsbr- | 所有CDN均失败
2026-05-01 17:07:59 | 33s |     • 下载失败 | comments.id=36726 api_type=comment_image | 下载失败
2026-05-01 17:07:59 | 33s |     • 下载失败 | https://p26-sign.douyinpic.com/tos-cn-i-p14lwwcsbr/db2be0be6e744497a170652626ddba98~tplv-p14lwwcsbr- | 所有CDN均失败
2026-05-01 17:07:59 | 33s |     • 下载失败 | comments.id=36345 api_type=comment_image | 下载失败
2026-05-01 17:07:59 | 33s |     • 下载失败 | https://p5-ex-gddgtc-sign.douyinpic.com/tos-cn-i-p14lwwcsbr/764f718f1d8c4eaf996540df502400d2~tplv-p1 | 所有CDN均失败
2026-05-01 17:07:59 | 33s |     • 下载失败 | comments.id=68123 api_type=comment_image | 下载失败
2026-05-01 17:07:59 | 33s |     • 下载失败 | https://p5-ex-gddgtc-sign.douyinpic.com/tos-cn-i-p14lwwcsbr/7bd147a2fe104c33b7beacb33aeb81a0~tplv-p1 | 所有CDN均失败
2026-05-01 17:07:59 | 33s |     • 下载失败 | comments.id=36457 api_type=comment_image | 下载失败
2026-05-01 17:07:59 | 33s |     • 下载失败 | https://p26-sign.douyinpic.com/tos-cn-i-p14lwwcsbr/6b0da7766c894e0abebf6ad4a7fd9f53~tplv-p14lwwcsbr- | 所有CDN均失败
2026-05-01 17:07:59 | 33s |     • 下载失败 | comments.id=36543 api_type=comment_image | 下载失败
2026-05-01 17:07:59 | 33s |     • 下载失败 | https://p26-sign.douyinpic.com/obj/tos-cn-o-0812/o0cguteHAroyvOClx6QCAktcgDQdIAelAHA8bn?lk3s=7b078dd | 所有CDN均失败
2026-05-01 17:07:59 | 33s |     • 下载失败 | comments.id=46997 api_type=comment_sticker | 下载失败
2026-05-01 17:07:59 | 33s |     • 下载失败 | https://p5-ex-gddgtc-sign.douyinpic.com/tos-cn-i-p14lwwcsbr/52a9bd3b50254df6a399029fa6571887~tplv-p1 | 所有CDN均失败
2026-05-01 17:07:59 | 33s |     • 下载失败 | comments.id=36600 api_type=comment_image | 下载失败
2026-05-01 17:07:59 | 33s |     • 下载失败 | https://p5-ex-gddgtc-sign.douyinpic.com/obj/tos-cn-o-0812/osMbEYFxAgCM8ORMAADAIjDlxCpgaCAyAGEff0?lk3 | 所有CDN均失败
2026-05-01 17:07:59 | 33s |     • 下载失败 | comments.id=90723 api_type=comment_sticker | 下载失败
2026-05-01 17:07:59 | 33s |     • 下载失败 | https://p3-sign.douyinpic.com/tos-cn-i-p14lwwcsbr/d860f6d286cc492693d87fef3ef5c465~tplv-p14lwwcsbr-7 | 所有CDN均失败
2026-05-01 17:07:59 | 33s |     • 下载失败 | comments.id=43502 api_type=comment_image | 下载失败
2026-05-01 17:07:59 | 33s |     • 下载失败 | https://p26-sign.douyinpic.com/tos-cn-i-p14lwwcsbr/95d264037aea4bf996a8a396981767ad~tplv-p14lwwcsbr- | 所有CDN均失败
2026-05-01 17:07:59 | 33s |     • 下载失败 | comments.id=36654 api_type=comment_image | 下载失败
2026-05-01 17:07:59 | 33s |     • 下载失败 | https://p26-sign.douyinpic.com/tos-cn-i-p14lwwcsbr/8021ec5dcc93470b9ff105110e288cd7~tplv-p14lwwcsbr- | 所有CDN均失败
2026-05-01 17:07:59 | 33s |     • 下载失败 | replies.id=18126 api_type=reply_image | 下载失败
2026-05-01 17:07:59 | 33s |     • 下载失败 | https://p3-sign.douyinpic.com/tos-cn-i-p14lwwcsbr/67601bf2921a4e5f901ee2621d9ff8c6~tplv-p14lwwcsbr-7 | 所有CDN均失败
2026-05-01 17:07:59 | 33s |     • 下载失败 | comments.id=82002 api_type=comment_image | 下载失败
2026-05-01 17:07:59 | 33s |     • 下载失败 | https://p3-sign.douyinpic.com/tos-cn-i-p14lwwcsbr/7d0f8f99d5c44513908b7a5b2d557e48~tplv-p14lwwcsbr-7 | 所有CDN均失败
2026-05-01 17:07:59 | 33s |     • 下载失败 | comments.id=36727 api_type=comment_image | 下载失败
2026-05-01 17:07:59 | 33s |     • 下载失败 | https://p26-sign.douyinpic.com/tos-cn-i-p14lwwcsbr/8f96956ea2964ea894bc28d894935a50~tplv-p14lwwcsbr- | 所有CDN均失败
2026-05-01 17:07:59 | 33s |     • 下载失败 | comments.id=36551 api_type=comment_image | 下载失败
2026-05-01 17:07:59 | 33s |     • 下载失败 | https://p5-ex-gddgtc-sign.douyinpic.com/obj/douyin-user-image-file/8c8844d242627c599d1e61a6c3f3f7a3? | 所有CDN均失败
2026-05-01 17:07:59 | 33s |     • 下载失败 | comments.id=85194 api_type=comment_sticker | 下载失败
2026-05-01 17:07:59 | 33s |     • 下载失败 | https://p3-sign.douyinpic.com/tos-cn-i-p14lwwcsbr/15be79eb681d44508d6f58f606a940d9~tplv-p14lwwcsbr-7 | 所有CDN均失败
2026-05-01 17:07:59 | 33s |     • 下载失败 | comments.id=36731 api_type=comment_image | 下载失败
2026-05-01 17:07:59 | 33s |     • 下载失败 | https://p3-sign.douyinpic.com/tos-cn-i-p14lwwcsbr/aad72a93db3d490981573dc450d975af~tplv-p14lwwcsbr-7 | 所有CDN均失败
2026-05-01 17:07:59 | 33s |     • 下载失败 | comments.id=36643 api_type=comment_image | 下载失败
2026-05-01 17:07:59 | 33s |     • 下载失败 | https://p3-sign.douyinpic.com/obj/tos-cn-o-0812/ocInQAAAxKmkAjDnXFEMf0hzyWry0EAgCA52Ce?lk3s=7b078dd2 | 所有CDN均失败
2026-05-01 17:07:59 | 33s |     • 下载失败 | comments.id=68125 api_type=comment_sticker | 下载失败
2026-05-01 17:07:59 | 33s |     • 下载失败 | https://p11-sign.douyinpic.com/tos-cn-i-p14lwwcsbr/a9b36ab7a89545b083a1dca53ebf1dba~tplv-p14lwwcsbr- | 所有CDN均失败
2026-05-01 17:07:59 | 33s |     • 下载失败 | comments.id=36340 api_type=comment_image | 下载失败
2026-05-01 17:07:59 | 33s |     • 下载失败 | https://p5-ex-gddgtc-sign.douyinpic.com/tos-cn-i-p14lwwcsbr/b8184383051645ab988770045be98b8f~tplv-p1 | 所有CDN均失败
2026-05-01 17:07:59 | 33s |     • 下载失败 | comments.id=36324 api_type=comment_image | 下载失败
2026-05-01 17:07:59 | 33s |     • 下载失败 | https://p3-sign.douyinpic.com/tos-cn-i-p14lwwcsbr/e2a2935810aa4b8b87c5d164afb7945e~tplv-p14lwwcsbr-7 | 所有CDN均失败
2026-05-01 17:07:59 | 33s |     • 下载失败 | comments.id=85119 api_type=comment_image | 下载失败
2026-05-01 17:07:59 | 33s |     • 下载失败 | https://p5-ex-gddgtc-sign.douyinpic.com/tos-cn-i-p14lwwcsbr/9a9de80a671a41f38a0b3137fac93956~tplv-p1 | 所有CDN均失败
2026-05-01 17:07:59 | 33s |     • 下载失败 | comments.id=36431 api_type=comment_image | 下载失败
2026-05-01 17:07:59 | 33s |     • 下载失败 | https://p3-sign.douyinpic.com/tos-cn-i-p14lwwcsbr/76d17b1c6935419b88c5ecf2b492dc71~tplv-p14lwwcsbr-7 | 所有CDN均失败
2026-05-01 17:07:59 | 33s |     • 下载失败 | comments.id=36794 api_type=comment_image | 下载失败
2026-05-01 17:07:59 | 33s |     • 下载失败 | https://p3-sign.douyinpic.com/tos-cn-i-p14lwwcsbr/6ce05fd7cbe84206b0f6b3a723681163~tplv-p14lwwcsbr-7 | 所有CDN均失败
2026-05-01 17:07:59 | 33s |     • 下载失败 | comments.id=36773 api_type=comment_image | 下载失败
2026-05-01 17:07:59 | 33s |     • 下载失败 | https://p26-sign.douyinpic.com/tos-cn-i-p14lwwcsbr/9877c56cf66d42e5b0819f88d4e3e2a4~tplv-p14lwwcsbr- | 所有CDN均失败
2026-05-01 17:07:59 | 33s |     • 下载失败 | comments.id=36639 api_type=comment_image | 下载失败
2026-05-01 17:07:59 | 33s |     • 下载失败 | https://p5-ex-gddgtc-sign.douyinpic.com/tos-cn-i-p14lwwcsbr/6335d8a759b9408699609a200a077fa6~tplv-p1 | 所有CDN均失败
2026-05-01 17:07:59 | 33s |     • 下载失败 | comments.id=36409 api_type=comment_image | 下载失败
2026-05-01 17:07:59 | 33s |     • 下载失败 | https://p11-sign.douyinpic.com/tos-cn-i-p14lwwcsbr/f591dc88259d4b65aab7531b0f9ac959~tplv-p14lwwcsbr- | 所有CDN均失败
2026-05-01 17:07:59 | 33s |     • 下载失败 | comments.id=80540 api_type=comment_image | 下载失败
2026-05-01 17:07:59 | 33s |     • 下载失败 | https://p26-sign.douyinpic.com/tos-cn-i-p14lwwcsbr/bd6e2809edac430686f01de210250cd4~tplv-p14lwwcsbr- | 所有CDN均失败
2026-05-01 17:07:59 | 33s |     • 下载失败 | comments.id=55094 api_type=comment_image | 下载失败
2026-05-01 17:07:59 | 33s |     • 下载失败 | https://p5-ex-gddgtc-sign.douyinpic.com/tos-cn-i-p14lwwcsbr/126a54c0b64d433ab391dd2be1d1f8b6~tplv-p1 | 所有CDN均失败
2026-05-01 17:07:59 | 33s |     • 下载失败 | comments.id=36445 api_type=comment_image | 下载失败
2026-05-01 17:07:59 | 33s |     • 下载失败 | https://p26-sign.douyinpic.com/tos-cn-i-p14lwwcsbr/9846ba16f0834a37b2ac21d7a5bd5bbe~tplv-p14lwwcsbr- | 所有CDN均失败
2026-05-01 17:07:59 | 33s |     • 下载失败 | comments.id=36762 api_type=comment_image | 下载失败
2026-05-01 17:07:59 | 33s | ──────────────────────────────────────────────────────────────────────
